PRT1
308
683
4 0 2 (3200 7168 -128 ) (3200 7168 1792 ) (3072 7168 1792 ) (3072 7168 -128 ) 
4 0 1 (3072 7168 -128 ) (3072 7168 1792 ) (3072 7680 1792 ) (3072 7680 -128 ) 
4 1 42 (2048 7168 -128 ) (2048 7168 1792 ) (2048 7680 1792 ) (2048 7680 -128 ) 
4 1 3 (3072 7168 -128 ) (3072 7168 1792 ) (2048 7168 1792 ) (2048 7168 -128 ) 
4 2 4 (3200 6144 -128 ) (3200 6144 1792 ) (3072 6144 1792 ) (3072 6144 -128 ) 
4 2 3 (3072 7168 1792 ) (3072 7168 -128 ) (3072 6144 -128 ) (3072 6144 1792 ) 
4 3 46 (2048 6144 -128 ) (2048 6144 1792 ) (2048 7168 1792 ) (2048 7168 -128 ) 
4 3 5 (3072 6144 -128 ) (3072 6144 1792 ) (2048 6144 1792 ) (2048 6144 -128 ) 
4 4 26 (3200 5120 -128 ) (3200 5120 1792 ) (3072 5120 1792 ) (3072 5120 -128 ) 
4 4 5 (3072 6144 1792 ) (3072 6144 -128 ) (3072 5120 -128 ) (3072 5120 1792 ) 
4 5 48 (2048 5120 -128 ) (2048 5120 1792 ) (2048 6144 1792 ) (2048 6144 -128 ) 
4 5 27 (3072 5120 -128 ) (3072 5120 1792 ) (2048 5120 1792 ) (2048 5120 -128 ) 
4 6 8 (8192 4096 -128 ) (8192 4096 1792 ) (8192 4224 1792 ) (8192 4224 -128 ) 
4 6 7 (8960 4096 -128 ) (8960 4096 1792 ) (8192 4096 1792 ) (8192 4096 -128 ) 
4 7 12 (8960 3072 -128 ) (8960 3072 1792 ) (8192 3072 1792 ) (8192 3072 -128 ) 
4 7 10 (8192 3072 -128 ) (8192 3072 1792 ) (8192 4096 1792 ) (8192 4096 -128 ) 
4 8 10 (8192 4096 -128 ) (8192 4096 1792 ) (7168 4096 1792 ) (7168 4096 -128 ) 
4 8 9 (7168 4096 -128 ) (7168 4096 1792 ) (7168 4224 1792 ) (7168 4224 -128 ) 
4 9 21 (6144 4096 -128 ) (6144 4096 1792 ) (6144 4224 1792 ) (6144 4224 -128 ) 
4 9 11 (7168 4096 -128 ) (7168 4096 1792 ) (6144 4096 1792 ) (6144 4096 -128 ) 
4 10 15 (8192 3072 -128 ) (8192 3072 1792 ) (7168 3072 1792 ) (7168 3072 -128 ) 
4 10 11 (7168 4096 1792 ) (7168 4096 -128 ) (7168 3072 -128 ) (7168 3072 1792 ) 
4 11 23 (6144 3072 -128 ) (6144 3072 1792 ) (6144 4096 1792 ) (6144 4096 -128 ) 
4 11 16 (7168 3072 -128 ) (7168 3072 1792 ) (6144 3072 1792 ) (6144 3072 -128 ) 
4 12 15 (8192 3072 1792 ) (8192 3072 -128 ) (8192 2048 -128 ) (8192 2048 1792 ) 
4 12 13 (8960 2048 -128 ) (8960 2048 1792 ) (8192 2048 1792 ) (8192 2048 -128 ) 
4 13 17 (8192 1024 -128 ) (8192 1024 1792 ) (8192 2048 1792 ) (8192 2048 -128 ) 
4 13 14 (8192 1024 1792 ) (8192 1024 -128 ) (8960 1024 -128 ) (8960 1024 1792 ) 
4 14 98 (8960 0 -128 ) (8960 0 1792 ) (8192 0 1792 ) (8192 0 -128 ) 
4 14 19 (8192 0 -128 ) (8192 0 1792 ) (8192 1024 1792 ) (8192 1024 -128 ) 
4 15 17 (8192 2048 -128 ) (8192 2048 1792 ) (7168 2048 1792 ) (7168 2048 -128 ) 
4 15 16 (7168 3072 1792 ) (7168 3072 -128 ) (7168 2048 -128 ) (7168 2048 1792 ) 
4 16 30 (6144 2048 -128 ) (6144 2048 1792 ) (6144 3072 1792 ) (6144 3072 -128 ) 
4 16 18 (7168 2048 -128 ) (7168 2048 1792 ) (6144 2048 1792 ) (6144 2048 -128 ) 
4 17 19 (8192 1024 -128 ) (8192 1024 1792 ) (7168 1024 1792 ) (7168 1024 -128 ) 
4 17 18 (7168 1024 -128 ) (7168 1024 1792 ) (7168 2048 1792 ) (7168 2048 -128 ) 
4 18 32 (6144 1024 -128 ) (6144 1024 1792 ) (6144 2048 1792 ) (6144 2048 -128 ) 
4 18 20 (6144 1024 1792 ) (6144 1024 -128 ) (7168 1024 -128 ) (7168 1024 1792 ) 
4 19 100 (8192 0 -128 ) (8192 0 1792 ) (7168 0 1792 ) (7168 0 -128 ) 
4 19 20 (7168 1024 1792 ) (7168 1024 -128 ) (7168 0 -128 ) (7168 0 1792 ) 
4 20 101 (7168 0 -128 ) (7168 0 1792 ) (6144 0 1792 ) (6144 0 -128 ) 
4 20 34 (6144 0 -128 ) (6144 0 1792 ) (6144 1024 1792 ) (6144 1024 -128 ) 
4 21 23 (6144 4096 -128 ) (6144 4096 1792 ) (5120 4096 1792 ) (5120 4096 -128 ) 
4 21 22 (5120 4096 -128 ) (5120 4096 1792 ) (5120 4224 1792 ) (5120 4224 -128 ) 
4 22 25 (4096 4096 -128 ) (4096 4096 1792 ) (4096 4224 1792 ) (4096 4224 -128 ) 
4 22 24 (5120 4096 -128 ) (5120 4096 1792 ) (4096 4096 1792 ) (4096 4096 -128 ) 
4 23 30 (6144 3072 -128 ) (6144 3072 1792 ) (5120 3072 1792 ) (5120 3072 -128 ) 
4 23 24 (5120 4096 1792 ) (5120 4096 -128 ) (5120 3072 -128 ) (5120 3072 1792 ) 
4 24 31 (5120 3072 -128 ) (5120 3072 1792 ) (4096 3072 1792 ) (4096 3072 -128 ) 
4 24 28 (4096 3072 -128 ) (4096 3072 1792 ) (4096 4096 1792 ) (4096 4096 -128 ) 
4 25 28 (4096 4096 -128 ) (4096 4096 1792 ) (3200 4096 1792 ) (3200 4096 -128 ) 
4 25 26 (3200 4096 -128 ) (3200 4096 1792 ) (3200 4224 1792 ) (3200 4224 -128 ) 
4 26 28 (3200 4096 -128 ) (3200 4096 1792 ) (3072 4096 1792 ) (3072 4096 -128 ) 
4 26 27 (3072 5120 1792 ) (3072 5120 -128 ) (3072 4096 -128 ) (3072 4096 1792 ) 
4 27 63 (2048 4096 -128 ) (2048 4096 1792 ) (2048 5120 1792 ) (2048 5120 -128 ) 
4 27 29 (3072 4096 -128 ) (3072 4096 1792 ) (2048 4096 1792 ) (2048 4096 -128 ) 
4 28 36 (4096 3072 -128 ) (4096 3072 1792 ) (3072 3072 1792 ) (3072 3072 -128 ) 
4 28 29 (3072 4096 1792 ) (3072 4096 -128 ) (3072 3072 -128 ) (3072 3072 1792 ) 
4 29 65 (2048 3072 -128 ) (2048 3072 1792 ) (2048 4096 1792 ) (2048 4096 -128 ) 
4 29 37 (3072 3072 -128 ) (3072 3072 1792 ) (2048 3072 1792 ) (2048 3072 -128 ) 
4 30 32 (6144 2048 -128 ) (6144 2048 1792 ) (5120 2048 1792 ) (5120 2048 -128 ) 
4 30 31 (5120 3072 1792 ) (5120 3072 -128 ) (5120 2048 -128 ) (5120 2048 1792 ) 
4 31 36 (4096 3072 1792 ) (4096 3072 -128 ) (4096 2048 -128 ) (4096 2048 1792 ) 
4 31 33 (5120 2048 -128 ) (5120 2048 1792 ) (4096 2048 1792 ) (4096 2048 -128 ) 
4 32 34 (6144 1024 -128 ) (6144 1024 1792 ) (5120 1024 1792 ) (5120 1024 -128 ) 
4 32 33 (5120 1024 -128 ) (5120 1024 1792 ) (5120 2048 1792 ) (5120 2048 -128 ) 
4 33 38 (4096 1024 -128 ) (4096 1024 1792 ) (4096 2048 1792 ) (4096 2048 -128 ) 
4 33 35 (4096 1024 1792 ) (4096 1024 -128 ) (5120 1024 -128 ) (5120 1024 1792 ) 
4 34 113 (6144 0 -128 ) (6144 0 1792 ) (5120 0 1792 ) (5120 0 -128 ) 
4 34 35 (5120 1024 1792 ) (5120 1024 -128 ) (5120 0 -128 ) (5120 0 1792 ) 
4 35 114 (5120 0 -128 ) (5120 0 1792 ) (4096 0 1792 ) (4096 0 -128 ) 
4 35 40 (4096 0 -128 ) (4096 0 1792 ) (4096 1024 1792 ) (4096 1024 -128 ) 
4 36 38 (4096 2048 -128 ) (4096 2048 1792 ) (3072 2048 1792 ) (3072 2048 -128 ) 
4 36 37 (3072 3072 1792 ) (3072 3072 -128 ) (3072 2048 -128 ) (3072 2048 1792 ) 
4 37 71 (2048 2048 -128 ) (2048 2048 1792 ) (2048 3072 1792 ) (2048 3072 -128 ) 
4 37 39 (3072 2048 -128 ) (3072 2048 1792 ) (2048 2048 1792 ) (2048 2048 -128 ) 
4 38 40 (4096 1024 -128 ) (4096 1024 1792 ) (3072 1024 1792 ) (3072 1024 -128 ) 
4 38 39 (3072 1024 -128 ) (3072 1024 1792 ) (3072 2048 1792 ) (3072 2048 -128 ) 
4 39 73 (2048 1024 -128 ) (2048 1024 1792 ) (2048 2048 1792 ) (2048 2048 -128 ) 
4 39 41 (2048 1024 1792 ) (2048 1024 -128 ) (3072 1024 -128 ) (3072 1024 1792 ) 
4 40 117 (4096 0 -128 ) (4096 0 1792 ) (3072 0 1792 ) (3072 0 -128 ) 
4 40 41 (3072 1024 1792 ) (3072 1024 -128 ) (3072 0 -128 ) (3072 0 1792 ) 
4 41 118 (3072 0 -128 ) (3072 0 1792 ) (2048 0 1792 ) (2048 0 -128 ) 
4 41 75 (2048 0 -128 ) (2048 0 1792 ) (2048 1024 1792 ) (2048 1024 -128 ) 
4 42 46 (2048 7168 -128 ) (2048 7168 1792 ) (1024 7168 1792 ) (1024 7168 -128 ) 
4 42 43 (1024 7168 -128 ) (1024 7168 1792 ) (1024 7680 1792 ) (1024 7680 -128 ) 
4 43 47 (1024 7168 -128 ) (1024 7168 1792 ) (0 7168 1792 ) (0 7168 -128 ) 
4 43 44 (0 7168 -128 ) (0 7168 1792 ) (0 7680 1792 ) (0 7680 -128 ) 
4 44 50 (0 7168 -128 ) (0 7168 1792 ) (-1024 7168 1792 ) (-1024 7168 -128 ) 
4 44 45 (-1024 7168 -128 ) (-1024 7168 1792 ) (-1024 7680 1792 ) (-1024 7680 -128 ) 
4 45 54 (-2048 7168 -128 ) (-2048 7168 1792 ) (-2048 7680 1792 ) (-2048 7680 -128 ) 
4 45 51 (-1024 7168 -128 ) (-1024 7168 1792 ) (-2048 7168 1792 ) (-2048 7168 -128 ) 
4 46 48 (2048 6144 -128 ) (2048 6144 1792 ) (1024 6144 1792 ) (1024 6144 -128 ) 
4 46 47 (1024 7168 1792 ) (1024 7168 -128 ) (1024 6144 -128 ) (1024 6144 1792 ) 
4 47 50 (0 7168 1792 ) (0 7168 -128 ) (0 6144 -128 ) (0 6144 1792 ) 
4 47 49 (1024 6144 -128 ) (1024 6144 1792 ) (0 6144 1792 ) (0 6144 -128 ) 
4 48 63 (2048 5120 -128 ) (2048 5120 1792 ) (1024 5120 1792 ) (1024 5120 -128 ) 
4 48 49 (1024 6144 1792 ) (1024 6144 -128 ) (1024 5120 -128 ) (1024 5120 1792 ) 
4 49 64 (1024 5120 -128 ) (1024 5120 1792 ) (0 5120 1792 ) (0 5120 -128 ) 
4 49 52 (0 5120 -128 ) (0 5120 1792 ) (0 6144 1792 ) (0 6144 -128 ) 
4 50 52 (0 6144 -128 ) (0 6144 1792 ) (-1024 6144 1792 ) (-1024 6144 -128 ) 
4 50 51 (-1024 7168 1792 ) (-1024 7168 -128 ) (-1024 6144 -128 ) (-1024 6144 1792 ) 
4 51 57 (-2048 6144 -128 ) (-2048 6144 1792 ) (-2048 7168 1792 ) (-2048 7168 -128 ) 
4 51 53 (-1024 6144 -128 ) (-1024 6144 1792 ) (-2048 6144 1792 ) (-2048 6144 -128 ) 
4 52 67 (0 5120 -128 ) (0 5120 1792 ) (-1024 5120 1792 ) (-1024 5120 -128 ) 
4 52 53 (-1024 6144 1792 ) (-1024 6144 -128 ) (-1024 5120 -128 ) (-1024 5120 1792 ) 
4 53 68 (-1024 5120 -128 ) (-1024 5120 1792 ) (-2048 5120 1792 ) (-2048 5120 -128 ) 
4 53 59 (-2048 5120 -128 ) (-2048 5120 1792 ) (-2048 6144 1792 ) (-2048 6144 -128 ) 
4 54 57 (-2048 7168 -128 ) (-2048 7168 1792 ) (-3072 7168 1792 ) (-3072 7168 -128 ) 
4 54 55 (-3072 7168 -128 ) (-3072 7168 1792 ) (-3072 7680 1792 ) (-3072 7680 -128 ) 
4 55 58 (-3072 7168 -128 ) (-3072 7168 1792 ) (-4096 7168 1792 ) (-4096 7168 -128 ) 
4 55 56 (-4096 7168 -128 ) (-4096 7168 1792 ) (-4096 7680 1792 ) (-4096 7680 -128 ) 
4 56 61 (-4096 7168 -128 ) (-4096 7168 1792 ) (-4736 7168 1792 ) (-4736 7168 -128 ) 
4 57 59 (-2048 6144 -128 ) (-2048 6144 1792 ) (-3072 6144 1792 ) (-3072 6144 -128 ) 
4 57 58 (-3072 7168 1792 ) (-3072 7168 -128 ) (-3072 6144 -128 ) (-3072 6144 1792 ) 
4 58 61 (-4096 7168 1792 ) (-4096 7168 -128 ) (-4096 6144 -128 ) (-4096 6144 1792 ) 
4 58 60 (-3072 6144 -128 ) (-3072 6144 1792 ) (-4096 6144 1792 ) (-4096 6144 -128 ) 
4 59 83 (-2048 5120 -128 ) (-2048 5120 1792 ) (-3072 5120 1792 ) (-3072 5120 -128 ) 
4 59 60 (-3072 6144 1792 ) (-3072 6144 -128 ) (-3072 5120 -128 ) (-3072 5120 1792 ) 
4 60 84 (-3072 5120 -128 ) (-3072 5120 1792 ) (-4096 5120 1792 ) (-4096 5120 -128 ) 
4 60 62 (-4096 5120 -128 ) (-4096 5120 1792 ) (-4096 6144 1792 ) (-4096 6144 -128 ) 
4 61 62 (-4096 6144 -128 ) (-4096 6144 1792 ) (-4736 6144 1792 ) (-4736 6144 -128 ) 
4 62 87 (-4096 5120 -128 ) (-4096 5120 1792 ) (-4736 5120 1792 ) (-4736 5120 -128 ) 
4 63 65 (2048 4096 -128 ) (2048 4096 1792 ) (1024 4096 1792 ) (1024 4096 -128 ) 
4 63 64 (1024 5120 1792 ) (1024 5120 -128 ) (1024 4096 -128 ) (1024 4096 1792 ) 
4 64 67 (0 5120 1792 ) (0 5120 -128 ) (0 4096 -128 ) (0 4096 1792 ) 
4 64 66 (1024 4096 -128 ) (1024 4096 1792 ) (0 4096 1792 ) (0 4096 -128 ) 
4 65 71 (2048 3072 -128 ) (2048 3072 1792 ) (1024 3072 1792 ) (1024 3072 -128 ) 
4 65 66 (1024 4096 1792 ) (1024 4096 -128 ) (1024 3072 -128 ) (1024 3072 1792 ) 
4 66 72 (1024 3072 -128 ) (1024 3072 1792 ) (0 3072 1792 ) (0 3072 -128 ) 
4 66 69 (0 3072 -128 ) (0 3072 1792 ) (0 4096 1792 ) (0 4096 -128 ) 
4 67 69 (0 4096 -128 ) (0 4096 1792 ) (-1024 4096 1792 ) (-1024 4096 -128 ) 
4 67 68 (-1024 5120 1792 ) (-1024 5120 -128 ) (-1024 4096 -128 ) (-1024 4096 1792 ) 
4 68 83 (-2048 5120 1792 ) (-2048 5120 -128 ) (-2048 4096 -128 ) (-2048 4096 1792 ) 
4 68 70 (-1024 4096 -128 ) (-1024 4096 1792 ) (-2048 4096 1792 ) (-2048 4096 -128 ) 
4 69 77 (0 3072 -128 ) (0 3072 1792 ) (-1024 3072 1792 ) (-1024 3072 -128 ) 
4 69 70 (-1024 4096 1792 ) (-1024 4096 -128 ) (-1024 3072 -128 ) (-1024 3072 1792 ) 
4 70 85 (-2048 3072 -128 ) (-2048 3072 1792 ) (-2048 4096 1792 ) (-2048 4096 -128 ) 
4 70 78 (-1024 3072 -128 ) (-1024 3072 1792 ) (-2048 3072 1792 ) (-2048 3072 -128 ) 
4 71 73 (2048 2048 -128 ) (2048 2048 1792 ) (1024 2048 1792 ) (1024 2048 -128 ) 
4 71 72 (1024 3072 1792 ) (1024 3072 -128 ) (1024 2048 -128 ) (1024 2048 1792 ) 
4 72 77 (0 3072 1792 ) (0 3072 -128 ) (0 2048 -128 ) (0 2048 1792 ) 
4 72 74 (1024 2048 -128 ) (1024 2048 1792 ) (0 2048 1792 ) (0 2048 -128 ) 
4 73 75 (2048 1024 -128 ) (2048 1024 1792 ) (1024 1024 1792 ) (1024 1024 -128 ) 
4 73 74 (1024 1024 -128 ) (1024 1024 1792 ) (1024 2048 1792 ) (1024 2048 -128 ) 
4 74 79 (0 1024 -128 ) (0 1024 1792 ) (0 2048 1792 ) (0 2048 -128 ) 
4 74 76 (0 1024 1792 ) (0 1024 -128 ) (1024 1024 -128 ) (1024 1024 1792 ) 
4 75 147 (2048 0 -128 ) (2048 0 1792 ) (1024 0 1792 ) (1024 0 -128 ) 
4 75 76 (1024 1024 1792 ) (1024 1024 -128 ) (1024 0 -128 ) (1024 0 1792 ) 
4 76 148 (1024 0 -128 ) (1024 0 1792 ) (0 0 1792 ) (0 0 -128 ) 
4 76 81 (0 0 -128 ) (0 0 1792 ) (0 1024 1792 ) (0 1024 -128 ) 
4 77 79 (0 2048 -128 ) (0 2048 1792 ) (-1024 2048 1792 ) (-1024 2048 -128 ) 
4 77 78 (-1024 3072 1792 ) (-1024 3072 -128 ) (-1024 2048 -128 ) (-1024 2048 1792 ) 
4 78 89 (-2048 2048 -128 ) (-2048 2048 1792 ) (-2048 3072 1792 ) (-2048 3072 -128 ) 
4 78 80 (-1024 2048 -128 ) (-1024 2048 1792 ) (-2048 2048 1792 ) (-2048 2048 -128 ) 
4 79 81 (0 1024 -128 ) (0 1024 1792 ) (-1024 1024 1792 ) (-1024 1024 -128 ) 
4 79 80 (-1024 1024 -128 ) (-1024 1024 1792 ) (-1024 2048 1792 ) (-1024 2048 -128 ) 
4 80 91 (-2048 1024 -128 ) (-2048 1024 1792 ) (-2048 2048 1792 ) (-2048 2048 -128 ) 
4 80 82 (-2048 1024 1792 ) (-2048 1024 -128 ) (-1024 1024 -128 ) (-1024 1024 1792 ) 
4 81 151 (0 0 -128 ) (0 0 1792 ) (-1024 0 1792 ) (-1024 0 -128 ) 
4 81 82 (-1024 1024 1792 ) (-1024 1024 -128 ) (-1024 0 -128 ) (-1024 0 1792 ) 
4 82 152 (-1024 0 -128 ) (-1024 0 1792 ) (-2048 0 1792 ) (-2048 0 -128 ) 
4 82 93 (-2048 0 -128 ) (-2048 0 1792 ) (-2048 1024 1792 ) (-2048 1024 -128 ) 
4 83 85 (-2048 4096 -128 ) (-2048 4096 1792 ) (-3072 4096 1792 ) (-3072 4096 -128 ) 
4 83 84 (-3072 5120 1792 ) (-3072 5120 -128 ) (-3072 4096 -128 ) (-3072 4096 1792 ) 
4 84 87 (-4096 5120 1792 ) (-4096 5120 -128 ) (-4096 4096 -128 ) (-4096 4096 1792 ) 
4 84 86 (-3072 4096 -128 ) (-3072 4096 1792 ) (-4096 4096 1792 ) (-4096 4096 -128 ) 
4 85 89 (-2048 3072 -128 ) (-2048 3072 1792 ) (-3072 3072 1792 ) (-3072 3072 -128 ) 
4 85 86 (-3072 4096 1792 ) (-3072 4096 -128 ) (-3072 3072 -128 ) (-3072 3072 1792 ) 
4 86 90 (-3072 3072 -128 ) (-3072 3072 1792 ) (-4096 3072 1792 ) (-4096 3072 -128 ) 
4 86 88 (-4096 3072 -128 ) (-4096 3072 1792 ) (-4096 4096 1792 ) (-4096 4096 -128 ) 
4 87 88 (-4096 4096 -128 ) (-4096 4096 1792 ) (-4736 4096 1792 ) (-4736 4096 -128 ) 
4 88 95 (-4096 3072 -128 ) (-4096 3072 1792 ) (-4736 3072 1792 ) (-4736 3072 -128 ) 
4 89 91 (-2048 2048 -128 ) (-2048 2048 1792 ) (-3072 2048 1792 ) (-3072 2048 -128 ) 
4 89 90 (-3072 3072 1792 ) (-3072 3072 -128 ) (-3072 2048 -128 ) (-3072 2048 1792 ) 
4 90 95 (-4096 3072 1792 ) (-4096 3072 -128 ) (-4096 2048 -128 ) (-4096 2048 1792 ) 
4 90 92 (-3072 2048 -128 ) (-3072 2048 1792 ) (-4096 2048 1792 ) (-4096 2048 -128 ) 
4 91 93 (-2048 1024 -128 ) (-2048 1024 1792 ) (-3072 1024 1792 ) (-3072 1024 -128 ) 
4 91 92 (-3072 1024 -128 ) (-3072 1024 1792 ) (-3072 2048 1792 ) (-3072 2048 -128 ) 
4 92 96 (-4096 1024 -128 ) (-4096 1024 1792 ) (-4096 2048 1792 ) (-4096 2048 -128 ) 
4 92 94 (-4096 1024 1792 ) (-4096 1024 -128 ) (-3072 1024 -128 ) (-3072 1024 1792 ) 
4 93 265 (-2048 0 -128 ) (-2048 0 1792 ) (-3072 0 1792 ) (-3072 0 -128 ) 
4 93 94 (-3072 1024 1792 ) (-3072 1024 -128 ) (-3072 0 -128 ) (-3072 0 1792 ) 
4 94 266 (-3072 0 -128 ) (-3072 0 1792 ) (-4096 0 1792 ) (-4096 0 -128 ) 
4 94 97 (-4096 0 -128 ) (-4096 0 1792 ) (-4096 1024 1792 ) (-4096 1024 -128 ) 
4 95 96 (-4096 2048 -128 ) (-4096 2048 1792 ) (-4736 2048 1792 ) (-4736 2048 -128 ) 
4 96 97 (-4096 1024 -128 ) (-4096 1024 1792 ) (-4736 1024 1792 ) (-4736 1024 -128 ) 
4 97 269 (-4096 0 -128 ) (-4096 0 1792 ) (-4736 0 1792 ) (-4736 0 -128 ) 
4 98 100 (8192 0 1792 ) (8192 0 -128 ) (8192 -1024 -128 ) (8192 -1024 1792 ) 
4 98 99 (8960 -1024 -128 ) (8960 -1024 1792 ) (8192 -1024 1792 ) (8192 -1024 -128 ) 
4 99 104 (8960 -2048 -128 ) (8960 -2048 1792 ) (8192 -2048 1792 ) (8192 -2048 -128 ) 
4 99 102 (8192 -2048 -128 ) (8192 -2048 1792 ) (8192 -1024 1792 ) (8192 -1024 -128 ) 
4 100 102 (8192 -1024 -128 ) (8192 -1024 1792 ) (7168 -1024 1792 ) (7168 -1024 -128 ) 
4 100 101 (7168 0 1792 ) (7168 0 -128 ) (7168 -1024 -128 ) (7168 -1024 1792 ) 
4 101 113 (6144 0 1792 ) (6144 0 -128 ) (6144 -1024 -128 ) (6144 -1024 1792 ) 
4 101 103 (7168 -1024 -128 ) (7168 -1024 1792 ) (6144 -1024 1792 ) (6144 -1024 -128 ) 
4 102 107 (8192 -2048 -128 ) (8192 -2048 1792 ) (7168 -2048 1792 ) (7168 -2048 -128 ) 
4 102 103 (7168 -1024 1792 ) (7168 -1024 -128 ) (7168 -2048 -128 ) (7168 -2048 1792 ) 
4 103 115 (6144 -2048 -128 ) (6144 -2048 1792 ) (6144 -1024 1792 ) (6144 -1024 -128 ) 
4 103 108 (7168 -2048 -128 ) (7168 -2048 1792 ) (6144 -2048 1792 ) (6144 -2048 -128 ) 
4 104 107 (8192 -2048 1792 ) (8192 -2048 -128 ) (8192 -3072 -128 ) (8192 -3072 1792 ) 
4 104 105 (8960 -3072 -128 ) (8960 -3072 1792 ) (8192 -3072 1792 ) (8192 -3072 -128 ) 
4 105 109 (8192 -4096 -128 ) (8192 -4096 1792 ) (8192 -3072 1792 ) (8192 -3072 -128 ) 
4 105 106 (8192 -4096 1792 ) (8192 -4096 -128 ) (8960 -4096 -128 ) (8960 -4096 1792 ) 
4 106 133 (8960 -5120 -128 ) (8960 -5120 1792 ) (8192 -5120 1792 ) (8192 -5120 -128 ) 
4 106 111 (8192 -5120 -128 ) (8192 -5120 1792 ) (8192 -4096 1792 ) (8192 -4096 -128 ) 
4 107 109 (8192 -3072 -128 ) (8192 -3072 1792 ) (7168 -3072 1792 ) (7168 -3072 -128 ) 
4 107 108 (7168 -2048 1792 ) (7168 -2048 -128 ) (7168 -3072 -128 ) (7168 -3072 1792 ) 
4 108 121 (6144 -3072 -128 ) (6144 -3072 1792 ) (6144 -2048 1792 ) (6144 -2048 -128 ) 
4 108 110 (7168 -3072 -128 ) (7168 -3072 1792 ) (6144 -3072 1792 ) (6144 -3072 -128 ) 
4 109 111 (8192 -4096 -128 ) (8192 -4096 1792 ) (7168 -4096 1792 ) (7168 -4096 -128 ) 
4 109 110 (7168 -4096 -128 ) (7168 -4096 1792 ) (7168 -3072 1792 ) (7168 -3072 -128 ) 
4 110 123 (6144 -4096 -128 ) (6144 -4096 1792 ) (6144 -3072 1792 ) (6144 -3072 -128 ) 
4 110 112 (6144 -4096 1792 ) (6144 -4096 -128 ) (7168 -4096 -128 ) (7168 -4096 1792 ) 
4 111 134 (8192 -5120 -128 ) (8192 -5120 1792 ) (7168 -5120 1792 ) (7168 -5120 -128 ) 
4 111 112 (7168 -4096 1792 ) (7168 -4096 -128 ) (7168 -5120 -128 ) (7168 -5120 1792 ) 
4 112 135 (7168 -5120 -128 ) (7168 -5120 1792 ) (6144 -5120 1792 ) (6144 -5120 -128 ) 
4 112 125 (6144 -5120 -128 ) (6144 -5120 1792 ) (6144 -4096 1792 ) (6144 -4096 -128 ) 
4 113 115 (6144 -1024 -128 ) (6144 -1024 1792 ) (5120 -1024 1792 ) (5120 -1024 -128 ) 
4 113 114 (5120 0 1792 ) (5120 0 -128 ) (5120 -1024 -128 ) (5120 -1024 1792 ) 
4 114 117 (4096 0 1792 ) (4096 0 -128 ) (4096 -1024 -128 ) (4096 -1024 1792 ) 
4 114 116 (5120 -1024 -128 ) (5120 -1024 1792 ) (4096 -1024 1792 ) (4096 -1024 -128 ) 
4 115 121 (6144 -2048 -128 ) (6144 -2048 1792 ) (5120 -2048 1792 ) (5120 -2048 -128 ) 
4 115 116 (5120 -1024 1792 ) (5120 -1024 -128 ) (5120 -2048 -128 ) (5120 -2048 1792 ) 
4 116 122 (5120 -2048 -128 ) (5120 -2048 1792 ) (4096 -2048 1792 ) (4096 -2048 -128 ) 
4 116 119 (4096 -2048 -128 ) (4096 -2048 1792 ) (4096 -1024 1792 ) (4096 -1024 -128 ) 
4 117 119 (4096 -1024 -128 ) (4096 -1024 1792 ) (3072 -1024 1792 ) (3072 -1024 -128 ) 
4 117 118 (3072 0 1792 ) (3072 0 -128 ) (3072 -1024 -128 ) (3072 -1024 1792 ) 
4 118 147 (2048 0 1792 ) (2048 0 -128 ) (2048 -1024 -128 ) (2048 -1024 1792 ) 
4 118 120 (3072 -1024 -128 ) (3072 -1024 1792 ) (2048 -1024 1792 ) (2048 -1024 -128 ) 
4 119 127 (4096 -2048 -128 ) (4096 -2048 1792 ) (3072 -2048 1792 ) (3072 -2048 -128 ) 
4 119 120 (3072 -1024 1792 ) (3072 -1024 -128 ) (3072 -2048 -128 ) (3072 -2048 1792 ) 
4 120 149 (2048 -2048 -128 ) (2048 -2048 1792 ) (2048 -1024 1792 ) (2048 -1024 -128 ) 
4 120 128 (3072 -2048 -128 ) (3072 -2048 1792 ) (2048 -2048 1792 ) (2048 -2048 -128 ) 
4 121 123 (6144 -3072 -128 ) (6144 -3072 1792 ) (5120 -3072 1792 ) (5120 -3072 -128 ) 
4 121 122 (5120 -2048 1792 ) (5120 -2048 -128 ) (5120 -3072 -128 ) (5120 -3072 1792 ) 
4 122 127 (4096 -2048 1792 ) (4096 -2048 -128 ) (4096 -3072 -128 ) (4096 -3072 1792 ) 
4 122 124 (5120 -3072 -128 ) (5120 -3072 1792 ) (4096 -3072 1792 ) (4096 -3072 -128 ) 
4 123 125 (6144 -4096 -128 ) (6144 -4096 1792 ) (5120 -4096 1792 ) (5120 -4096 -128 ) 
4 123 124 (5120 -4096 -128 ) (5120 -4096 1792 ) (5120 -3072 1792 ) (5120 -3072 -128 ) 
4 124 129 (4096 -4096 -128 ) (4096 -4096 1792 ) (4096 -3072 1792 ) (4096 -3072 -128 ) 
4 124 126 (4096 -4096 1792 ) (4096 -4096 -128 ) (5120 -4096 -128 ) (5120 -4096 1792 ) 
4 125 136 (6144 -5120 -128 ) (6144 -5120 1792 ) (5120 -5120 1792 ) (5120 -5120 -128 ) 
4 125 126 (5120 -4096 1792 ) (5120 -4096 -128 ) (5120 -5120 -128 ) (5120 -5120 1792 ) 
4 126 137 (5120 -5120 -128 ) (5120 -5120 1792 ) (4096 -5120 1792 ) (4096 -5120 -128 ) 
4 126 131 (4096 -5120 -128 ) (4096 -5120 1792 ) (4096 -4096 1792 ) (4096 -4096 -128 ) 
4 127 129 (4096 -3072 -128 ) (4096 -3072 1792 ) (3072 -3072 1792 ) (3072 -3072 -128 ) 
4 127 128 (3072 -2048 1792 ) (3072 -2048 -128 ) (3072 -3072 -128 ) (3072 -3072 1792 ) 
4 128 155 (2048 -3072 -128 ) (2048 -3072 1792 ) (2048 -2048 1792 ) (2048 -2048 -128 ) 
4 128 130 (3072 -3072 -128 ) (3072 -3072 1792 ) (2048 -3072 1792 ) (2048 -3072 -128 ) 
4 129 131 (4096 -4096 -128 ) (4096 -4096 1792 ) (3072 -4096 1792 ) (3072 -4096 -128 ) 
4 129 130 (3072 -4096 -128 ) (3072 -4096 1792 ) (3072 -3072 1792 ) (3072 -3072 -128 ) 
4 130 157 (2048 -4096 -128 ) (2048 -4096 1792 ) (2048 -3072 1792 ) (2048 -3072 -128 ) 
4 130 132 (2048 -4096 1792 ) (2048 -4096 -128 ) (3072 -4096 -128 ) (3072 -4096 1792 ) 
4 131 139 (3200 -5120 1792 ) (3072 -5120 1792 ) (3072 -5120 -128 ) (3200 -5120 -128 ) 
4 131 138 (4096 -5120 -128 ) (4096 -5120 1792 ) (3200 -5120 1792 ) (3200 -5120 -128 ) 
4 131 132 (3072 -4096 1792 ) (3072 -4096 -128 ) (3072 -5120 -128 ) (3072 -5120 1792 ) 
4 132 159 (2048 -5120 -128 ) (2048 -5120 1792 ) (2048 -4096 1792 ) (2048 -4096 -128 ) 
4 132 140 (3072 -5120 -128 ) (3072 -5120 1792 ) (2048 -5120 1792 ) (2048 -5120 -128 ) 
4 133 134 (8192 -5120 1792 ) (8192 -5120 -128 ) (8192 -5376 -128 ) (8192 -5376 1792 ) 
4 134 135 (7168 -5120 1792 ) (7168 -5120 -128 ) (7168 -5376 -128 ) (7168 -5376 1792 ) 
4 135 136 (6144 -5120 1792 ) (6144 -5120 -128 ) (6144 -5376 -128 ) (6144 -5376 1792 ) 
4 136 137 (5120 -5120 1792 ) (5120 -5120 -128 ) (5120 -5376 -128 ) (5120 -5376 1792 ) 
4 137 138 (4096 -5120 1792 ) (4096 -5120 -128 ) (4096 -5376 -128 ) (4096 -5376 1792 ) 
4 138 139 (3200 -5376 -128 ) (3200 -5376 1792 ) (3200 -5120 1792 ) (3200 -5120 -128 ) 
4 139 141 (3200 -6144 -128 ) (3200 -6144 1792 ) (3072 -6144 1792 ) (3072 -6144 -128 ) 
4 139 140 (3072 -5120 1792 ) (3072 -5120 -128 ) (3072 -6144 -128 ) (3072 -6144 1792 ) 
4 140 280 (2048 -6144 -128 ) (2048 -6144 1792 ) (2048 -5120 1792 ) (2048 -5120 -128 ) 
4 140 142 (3072 -6144 -128 ) (3072 -6144 1792 ) (2048 -6144 1792 ) (2048 -6144 -128 ) 
4 141 143 (3200 -7168 -128 ) (3200 -7168 1792 ) (3072 -7168 1792 ) (3072 -7168 -128 ) 
4 141 142 (3072 -6144 1792 ) (3072 -6144 -128 ) (3072 -7168 -128 ) (3072 -7168 1792 ) 
4 142 282 (2048 -7168 -128 ) (2048 -7168 1792 ) (2048 -6144 1792 ) (2048 -6144 -128 ) 
4 142 144 (3072 -7168 -128 ) (3072 -7168 1792 ) (2048 -7168 1792 ) (2048 -7168 -128 ) 
4 143 145 (3200 -8192 -128 ) (3200 -8192 1792 ) (3072 -8192 1792 ) (3072 -8192 -128 ) 
4 143 144 (3072 -7168 1792 ) (3072 -7168 -128 ) (3072 -8192 -128 ) (3072 -8192 1792 ) 
4 144 288 (2048 -8192 -128 ) (2048 -8192 1792 ) (2048 -7168 1792 ) (2048 -7168 -128 ) 
4 144 146 (3072 -8192 -128 ) (3072 -8192 1792 ) (2048 -8192 1792 ) (2048 -8192 -128 ) 
4 145 146 (3072 -8576 -128 ) (3072 -8576 1792 ) (3072 -8192 1792 ) (3072 -8192 -128 ) 
4 146 290 (2048 -8576 -128 ) (2048 -8576 1792 ) (2048 -8192 1792 ) (2048 -8192 -128 ) 
4 147 149 (2048 -1024 -128 ) (2048 -1024 1792 ) (1024 -1024 1792 ) (1024 -1024 -128 ) 
4 147 148 (1024 0 1792 ) (1024 0 -128 ) (1024 -1024 -128 ) (1024 -1024 1792 ) 
4 148 151 (0 0 1792 ) (0 0 -128 ) (0 -1024 -128 ) (0 -1024 1792 ) 
4 148 150 (1024 -1024 -128 ) (1024 -1024 1792 ) (0 -1024 1792 ) (0 -1024 -128 ) 
4 149 155 (2048 -2048 -128 ) (2048 -2048 1792 ) (1024 -2048 1792 ) (1024 -2048 -128 ) 
4 149 150 (1024 -1024 1792 ) (1024 -1024 -128 ) (1024 -2048 -128 ) (1024 -2048 1792 ) 
4 150 156 (1024 -2048 -128 ) (1024 -2048 1792 ) (0 -2048 1792 ) (0 -2048 -128 ) 
4 150 153 (0 -2048 -128 ) (0 -2048 1792 ) (0 -1024 1792 ) (0 -1024 -128 ) 
4 151 153 (0 -1024 -128 ) (0 -1024 1792 ) (-1024 -1024 1792 ) (-1024 -1024 -128 ) 
4 151 152 (-1024 0 1792 ) (-1024 0 -128 ) (-1024 -1024 -128 ) (-1024 -1024 1792 ) 
4 152 265 (-2048 0 1792 ) (-2048 0 -128 ) (-2048 -1024 -128 ) (-2048 -1024 1792 ) 
4 152 154 (-1024 -1024 -128 ) (-1024 -1024 1792 ) (-2048 -1024 1792 ) (-2048 -1024 -128 ) 
4 153 173 (-1024 -2048 -72 ) (-1024 -2048 -128 ) (-832 -2048 -128 ) (-832 -2048 -72 ) 
4 153 172 (-1024 -2048 16 ) (-1024 -2048 -72 ) (-832 -2048 -72 ) (-832 -2048 16 ) 
4 153 166 (-840 -2048 144 ) (-1024 -2048 144 ) (-1024 -2048 16 ) (-840 -2048 16 ) 
4 153 163 (-832 -2048 144 ) (-840 -2048 144 ) (-840 -2048 16 ) (-832 -2048 16 ) 
4 153 162 (0 -2048 -128 ) (0 -2048 144 ) (-832 -2048 144 ) (-832 -2048 -128 ) 
4 153 161 (0 -2048 144 ) (0 -2048 1792 ) (-1024 -2048 1792 ) (-1024 -2048 144 ) 
4 153 154 (-1024 -1024 1792 ) (-1024 -1024 -128 ) (-1024 -2048 -128 ) (-1024 -2048 1792 ) 
4 154 267 (-2048 -2048 -128 ) (-2048 -2048 1792 ) (-2048 -1024 1792 ) (-2048 -1024 -128 ) 
4 154 175 (-1024 -2048 -128 ) (-1024 -2048 144 ) (-2048 -2048 144 ) (-2048 -2048 -128 ) 
4 154 174 (-1024 -2048 144 ) (-1024 -2048 1792 ) (-2048 -2048 1792 ) (-2048 -2048 144 ) 
4 155 157 (2048 -3072 -128 ) (2048 -3072 1792 ) (1024 -3072 1792 ) (1024 -3072 -128 ) 
4 155 156 (1024 -2048 1792 ) (1024 -2048 -128 ) (1024 -3072 -128 ) (1024 -3072 1792 ) 
4 156 162 (0 -2048 144 ) (0 -2048 -128 ) (0 -3072 -128 ) (0 -3072 144 ) 
4 156 161 (0 -2048 1792 ) (0 -2048 144 ) (0 -3072 144 ) (0 -3072 1792 ) 
4 156 158 (1024 -3072 -128 ) (1024 -3072 1792 ) (0 -3072 1792 ) (0 -3072 -128 ) 
4 157 159 (2048 -4096 -128 ) (2048 -4096 1792 ) (1024 -4096 1792 ) (1024 -4096 -128 ) 
4 157 158 (1024 -4096 -128 ) (1024 -4096 1792 ) (1024 -3072 1792 ) (1024 -3072 -128 ) 
4 158 200 (0 -4096 -128 ) (0 -4096 16 ) (0 -3072 16 ) (0 -3072 -128 ) 
4 158 190 (0 -4096 16 ) (0 -4096 144 ) (0 -3072 144 ) (0 -3072 16 ) 
4 158 189 (0 -4096 144 ) (0 -4096 1792 ) (0 -3072 1792 ) (0 -3072 144 ) 
4 158 160 (0 -4096 1792 ) (0 -4096 -128 ) (1024 -4096 -128 ) (1024 -4096 1792 ) 
4 159 280 (2048 -5120 -128 ) (2048 -5120 1792 ) (1024 -5120 1792 ) (1024 -5120 -128 ) 
4 159 160 (1024 -4096 1792 ) (1024 -4096 -128 ) (1024 -5120 -128 ) (1024 -5120 1792 ) 
4 160 281 (1024 -5120 -128 ) (1024 -5120 1792 ) (0 -5120 1792 ) (0 -5120 -128 ) 
4 160 246 (0 -5120 -128 ) (0 -5120 -72 ) (0 -4096 -72 ) (0 -4096 -128 ) 
4 160 243 (0 -5120 -72 ) (0 -5120 16 ) (0 -4096 16 ) (0 -4096 -72 ) 
4 160 235 (0 -5120 16 ) (0 -5120 144 ) (0 -4096 144 ) (0 -4096 16 ) 
4 160 234 (0 -5120 144 ) (0 -5120 1792 ) (0 -4096 1792 ) (0 -4096 144 ) 
4 161 189 (0 -3072 144 ) (0 -3072 1792 ) (-1024 -3072 1792 ) (-1024 -3072 144 ) 
4 161 174 (-1024 -2048 1792 ) (-1024 -2048 144 ) (-1024 -3072 144 ) (-1024 -3072 1792 ) 
4 161 167 (-840 -3072 144 ) (-1024 -3072 144 ) (-1024 -2888 144 ) (-840 -2888 144 ) 
4 161 166 (-1024 -2880 144 ) (-1024 -2048 144 ) (-840 -2048 144 ) (-840 -2880 144 ) 
4 161 163 (-840 -2880 144 ) (-840 -2048 144 ) (-832 -2048 144 ) (-832 -2880 144 ) 
4 161 162 (0 -3072 144 ) (-832 -3072 144 ) (-832 -2048 144 ) (0 -2048 144 ) 
4 162 200 (0 -3072 -128 ) (0 -3072 16 ) (-832 -3072 16 ) (-832 -3072 -128 ) 
4 162 190 (0 -3072 16 ) (0 -3072 144 ) (-832 -3072 144 ) (-832 -3072 16 ) 
4 162 173 (-832 -2048 -72 ) (-832 -2048 -128 ) (-832 -3072 -128 ) (-832 -3072 -72 ) 
4 162 172 (-832 -2048 16 ) (-832 -2048 -72 ) (-832 -2880 -72 ) (-832 -2880 16 ) 
4 162 165 (-832 -3040 128 ) (-832 -3040 16 ) (-832 -3072 16 ) (-832 -3072 128 ) 
4 162 164 (-832 -2920 136 ) (-832 -2920 64 ) (-832 -2968 64 ) (-832 -2968 136 ) 
4 162 163 (-832 -2880 144 ) (-832 -2048 144 ) (-832 -2048 16 ) (-832 -2880 16 ) 
4 163 172 (-840 -2048 16 ) (-832 -2048 16 ) (-832 -2880 16 ) (-840 -2880 16 ) 
4 163 166 (-840 -2048 16 ) (-840 -2880 16 ) (-840 -2880 144 ) (-840 -2048 144 ) 
4 164 168 (-840 -2968 64 ) (-840 -2968 96 ) (-840 -2920 96 ) (-840 -2920 64 ) 
4 164 167 (-840 -2968 96 ) (-840 -2968 136 ) (-840 -2920 136 ) (-840 -2920 96 ) 
4 165 191 (-832 -3072 16 ) (-832 -3072 128 ) (-840 -3072 128 ) (-840 -3072 16 ) 
4 165 168 (-840 -3040 16 ) (-840 -3072 16 ) (-840 -3072 96 ) (-840 -3040 96 ) 
4 165 167 (-840 -3072 96 ) (-840 -3072 128 ) (-840 -3040 128 ) (-840 -3040 96 ) 
4 166 175 (-1024 -2048 144 ) (-1024 -2048 16 ) (-1024 -2880 16 ) (-1024 -2880 144 ) 
4 166 172 (-1024 -2048 16 ) (-840 -2048 16 ) (-840 -2880 16 ) (-1024 -2880 16 ) 
4 167 196 (-840 -3072 144 ) (-1024 -3072 144 ) (-1024 -3072 96 ) (-840 -3072 96 ) 
4 167 177 (-1024 -3072 96 ) (-1024 -3072 144 ) (-1024 -2888 144 ) (-1024 -2888 96 ) 
4 167 169 (-1024 -2890 96 ) (-1024 -2888 96 ) (-966 -2888 96 ) (-966 -2890 96 ) 
4 167 171 (-1024 -3072 96 ) (-1024 -2892 96 ) (-966 -2892 96 ) (-966 -3072 96 ) 
4 167 168 (-966 -2888 96 ) (-840 -2888 96 ) (-840 -3072 96 ) (-966 -3072 96 ) 
4 168 196 (-966 -3072 16 ) (-840 -3072 16 ) (-840 -3072 96 ) (-966 -3072 96 ) 
4 168 170 (-966 -2890 48 ) (-966 -2890 16 ) (-966 -2892 16 ) (-966 -2892 48 ) 
4 168 169 (-966 -2890 96 ) (-966 -2888 96 ) (-966 -2888 16 ) (-966 -2890 16 ) 
4 168 171 (-966 -3072 96 ) (-966 -2892 96 ) (-966 -2892 16 ) (-966 -3072 16 ) 
4 169 178 (-1024 -2888 16 ) (-1024 -2890 16 ) (-1024 -2890 96 ) (-1024 -2888 96 ) 
4 169 170 (-1024 -2890 16 ) (-966 -2890 16 ) (-966 -2890 48 ) (-1024 -2890 48 ) 
4 170 179 (-1024 -2890 16 ) (-1024 -2892 16 ) (-1024 -2892 48 ) (-1024 -2890 48 ) 
4 170 171 (-1024 -2892 16 ) (-966 -2892 16 ) (-966 -2892 48 ) (-1024 -2892 48 ) 
4 171 196 (-1024 -3072 96 ) (-1024 -3072 16 ) (-966 -3072 16 ) (-966 -3072 96 ) 
4 171 180 (-1024 -2892 16 ) (-1024 -3072 16 ) (-1024 -3072 96 ) (-1024 -2892 96 ) 
4 172 175 (-1024 -2048 16 ) (-1024 -2048 -72 ) (-1024 -2880 -72 ) (-1024 -2880 16 ) 
4 172 173 (-1024 -2880 -72 ) (-1024 -2048 -72 ) (-832 -2048 -72 ) (-832 -2880 -72 ) 
4 173 203 (-832 -3072 -128 ) (-832 -3072 -72 ) (-1024 -3072 -72 ) (-1024 -3072 -128 ) 
4 173 188 (-1024 -2880 -128 ) (-1024 -3072 -128 ) (-1024 -3072 -72 ) (-1024 -2880 -72 ) 
4 173 175 (-1024 -2048 -72 ) (-1024 -2048 -128 ) (-1024 -2880 -128 ) (-1024 -2880 -72 ) 
4 174 271 (-2048 -3072 144 ) (-2048 -3072 1792 ) (-2048 -2048 1792 ) (-2048 -2048 144 ) 
4 174 204 (-1024 -3072 144 ) (-1024 -3072 1792 ) (-2048 -3072 1792 ) (-2048 -3072 144 ) 
4 174 186 (-1344 -3072 144 ) (-2048 -3072 144 ) (-2048 -2880 144 ) (-1344 -2880 144 ) 
4 174 183 (-1336 -3024 144 ) (-1336 -2888 144 ) (-1335 -2888 144 ) (-1335 -3024 144 ) 
4 174 185 (-1335 -3072 144 ) (-1336 -3072 144 ) (-1336 -3028 144 ) (-1335 -3028 144 ) 
4 174 182 (-1152 -3072 144 ) (-1335 -3072 144 ) (-1335 -2888 144 ) (-1152 -2888 144 ) 
4 174 177 (-1024 -2888 144 ) (-1024 -3072 144 ) (-1152 -3072 144 ) (-1152 -2888 144 ) 
4 174 175 (-1024 -2048 144 ) (-1024 -2880 144 ) (-2048 -2880 144 ) (-2048 -2048 144 ) 
4 175 271 (-2048 -2880 -128 ) (-2048 -2880 144 ) (-2048 -2048 144 ) (-2048 -2048 -128 ) 
4 175 188 (-2048 -2880 -72 ) (-2048 -2880 -128 ) (-1024 -2880 -128 ) (-1024 -2880 -72 ) 
4 175 187 (-2048 -2880 16 ) (-2048 -2880 -72 ) (-1344 -2880 -72 ) (-1344 -2880 16 ) 
4 175 186 (-1344 -2880 144 ) (-2048 -2880 144 ) (-2048 -2880 16 ) (-1344 -2880 16 ) 
4 175 176 (-1152 -2880 136 ) (-1152 -2880 96 ) (-1024 -2880 96 ) (-1024 -2880 136 ) 
4 176 177 (-1152 -2888 136 ) (-1152 -2888 96 ) (-1024 -2888 96 ) (-1024 -2888 136 ) 
4 177 205 (-1024 -3072 96 ) (-1024 -3072 144 ) (-1152 -3072 144 ) (-1152 -3072 96 ) 
4 177 182 (-1152 -3072 96 ) (-1152 -3072 144 ) (-1152 -2888 144 ) (-1152 -2888 96 ) 
4 177 178 (-1030 -2890 96 ) (-1030 -2888 96 ) (-1024 -2888 96 ) (-1024 -2890 96 ) 
4 177 180 (-1024 -3072 96 ) (-1030 -3072 96 ) (-1030 -2892 96 ) (-1024 -2892 96 ) 
4 177 181 (-1030 -3072 96 ) (-1152 -3072 96 ) (-1152 -2888 96 ) (-1030 -2888 96 ) 
4 178 179 (-1030 -2890 48 ) (-1030 -2890 16 ) (-1024 -2890 16 ) (-1024 -2890 48 ) 
4 178 181 (-1030 -2890 96 ) (-1030 -2888 96 ) (-1030 -2888 16 ) (-1030 -2890 16 ) 
4 179 181 (-1030 -2890 48 ) (-1030 -2890 16 ) (-1030 -2892 16 ) (-1030 -2892 48 ) 
4 179 180 (-1030 -2892 48 ) (-1030 -2892 16 ) (-1024 -2892 16 ) (-1024 -2892 48 ) 
4 180 205 (-1024 -3072 16 ) (-1024 -3072 96 ) (-1030 -3072 96 ) (-1030 -3072 16 ) 
4 180 181 (-1030 -3072 96 ) (-1030 -2892 96 ) (-1030 -2892 16 ) (-1030 -3072 16 ) 
4 181 205 (-1030 -3072 96 ) (-1152 -3072 96 ) (-1152 -3072 16 ) (-1030 -3072 16 ) 
4 181 182 (-1152 -2888 16 ) (-1152 -3072 16 ) (-1152 -3072 96 ) (-1152 -2888 96 ) 
4 182 216 (-1236 -3072 144 ) (-1335 -3072 144 ) (-1335 -3072 16 ) (-1236 -3072 16 ) 
4 182 210 (-1188 -3072 144 ) (-1236 -3072 144 ) (-1236 -3072 16 ) (-1188 -3072 16 ) 
4 182 205 (-1152 -3072 144 ) (-1188 -3072 144 ) (-1188 -3072 16 ) (-1152 -3072 16 ) 
4 182 184 (-1335 -3024 16 ) (-1335 -3028 16 ) (-1335 -3028 22 ) (-1335 -3024 22 ) 
4 182 183 (-1335 -2888 144 ) (-1335 -2888 16 ) (-1335 -3024 16 ) (-1335 -3024 144 ) 
4 182 185 (-1335 -3028 16 ) (-1335 -3072 16 ) (-1335 -3072 144 ) (-1335 -3028 144 ) 
4 183 184 (-1336 -3024 22 ) (-1336 -3024 16 ) (-1335 -3024 16 ) (-1335 -3024 22 ) 
4 184 185 (-1336 -3028 22 ) (-1336 -3028 16 ) (-1335 -3028 16 ) (-1335 -3028 22 ) 
4 185 217 (-1335 -3072 144 ) (-1336 -3072 144 ) (-1336 -3072 16 ) (-1335 -3072 16 ) 
4 186 271 (-2048 -3072 16 ) (-2048 -3072 144 ) (-2048 -2880 144 ) (-2048 -2880 16 ) 
4 186 229 (-1344 -3072 144 ) (-2048 -3072 144 ) (-2048 -3072 16 ) (-1344 -3072 16 ) 
4 186 187 (-2048 -2880 16 ) (-1344 -2880 16 ) (-1344 -3072 16 ) (-2048 -3072 16 ) 
4 187 271 (-2048 -3072 -72 ) (-2048 -3072 16 ) (-2048 -2880 16 ) (-2048 -2880 -72 ) 
4 187 233 (-1344 -3072 16 ) (-2048 -3072 16 ) (-2048 -3072 -72 ) (-1344 -3072 -72 ) 
4 187 188 (-1344 -3072 -72 ) (-2048 -3072 -72 ) (-2048 -2880 -72 ) (-1344 -2880 -72 ) 
4 188 271 (-2048 -3072 -128 ) (-2048 -3072 -72 ) (-2048 -2880 -72 ) (-2048 -2880 -128 ) 
4 188 233 (-1344 -3072 -72 ) (-2048 -3072 -72 ) (-2048 -3072 -128 ) (-1344 -3072 -128 ) 
4 188 232 (-1024 -3072 -128 ) (-1024 -3072 -72 ) (-1344 -3072 -72 ) (-1344 -3072 -128 ) 
4 189 234 (0 -4096 144 ) (0 -4096 1792 ) (-1024 -4096 1792 ) (-1024 -4096 144 ) 
4 189 204 (-1024 -4096 144 ) (-1024 -4096 1792 ) (-1024 -3072 1792 ) (-1024 -3072 144 ) 
4 189 199 (-840 -4096 144 ) (-1024 -4096 144 ) (-1024 -4032 144 ) (-840 -4032 144 ) 
4 189 198 (-1024 -4024 144 ) (-1024 -3656 144 ) (-840 -3656 144 ) (-840 -4024 144 ) 
4 189 197 (-1024 -3648 144 ) (-1024 -3264 144 ) (-840 -3264 144 ) (-840 -3648 144 ) 
4 189 196 (-1024 -3256 144 ) (-1024 -3072 144 ) (-840 -3072 144 ) (-840 -3256 144 ) 
4 189 195 (-832 -4096 144 ) (-840 -4096 144 ) (-840 -4032 144 ) (-832 -4032 144 ) 
4 189 192 (-840 -3648 144 ) (-840 -3264 144 ) (-832 -3264 144 ) (-832 -3648 144 ) 
4 189 190 (0 -4096 144 ) (-832 -4096 144 ) (-832 -3072 144 ) (0 -3072 144 ) 
4 190 235 (0 -4096 16 ) (0 -4096 144 ) (-832 -4096 144 ) (-832 -4096 16 ) 
4 190 200 (-832 -3072 16 ) (0 -3072 16 ) (0 -4096 16 ) (-832 -4096 16 ) 
4 190 195 (-832 -4032 16 ) (-832 -4096 16 ) (-832 -4096 144 ) (-832 -4032 144 ) 
4 190 194 (-832 -3808 16 ) (-832 -3872 16 ) (-832 -3872 128 ) (-832 -3808 128 ) 
4 190 193 (-832 -3736 64 ) (-832 -3736 136 ) (-832 -3688 136 ) (-832 -3688 64 ) 
4 190 192 (-832 -3264 16 ) (-832 -3648 16 ) (-832 -3648 144 ) (-832 -3264 144 ) 
4 190 191 (-832 -3072 16 ) (-832 -3104 16 ) (-832 -3104 128 ) (-832 -3072 128 ) 
4 191 196 (-840 -3072 16 ) (-840 -3104 16 ) (-840 -3104 128 ) (-840 -3072 128 ) 
4 192 201 (-832 -3264 16 ) (-832 -3648 16 ) (-840 -3648 16 ) (-840 -3264 16 ) 
4 192 197 (-840 -3264 16 ) (-840 -3648 16 ) (-840 -3648 144 ) (-840 -3264 144 ) 
4 193 198 (-840 -3736 64 ) (-840 -3736 136 ) (-840 -3688 136 ) (-840 -3688 64 ) 
4 194 198 (-840 -3808 16 ) (-840 -3872 16 ) (-840 -3872 128 ) (-840 -3808 128 ) 
4 195 236 (-832 -4096 144 ) (-840 -4096 144 ) (-840 -4096 16 ) (-832 -4096 16 ) 
4 195 202 (-832 -4032 16 ) (-832 -4096 16 ) (-840 -4096 16 ) (-840 -4032 16 ) 
4 195 199 (-840 -4032 16 ) (-840 -4096 16 ) (-840 -4096 144 ) (-840 -4032 144 ) 
4 196 205 (-1024 -3256 144 ) (-1024 -3072 144 ) (-1024 -3072 16 ) (-1024 -3256 16 ) 
4 197 206 (-1024 -3648 144 ) (-1024 -3264 144 ) (-1024 -3264 16 ) (-1024 -3648 16 ) 
4 197 201 (-1024 -3648 16 ) (-1024 -3264 16 ) (-840 -3264 16 ) (-840 -3648 16 ) 
4 198 208 (-1024 -4024 144 ) (-1024 -3656 144 ) (-1024 -3656 16 ) (-1024 -4024 16 ) 
4 199 240 (-840 -4096 144 ) (-1024 -4096 144 ) (-1024 -4096 16 ) (-840 -4096 16 ) 
4 199 209 (-1024 -4096 16 ) (-1024 -4096 144 ) (-1024 -4032 144 ) (-1024 -4032 16 ) 
4 199 202 (-1024 -4096 16 ) (-1024 -4032 16 ) (-840 -4032 16 ) (-840 -4096 16 ) 
4 200 246 (0 -4096 -128 ) (0 -4096 -72 ) (-832 -4096 -72 ) (-832 -4096 -128 ) 
4 200 243 (0 -4096 -72 ) (0 -4096 16 ) (-832 -4096 16 ) (-832 -4096 -72 ) 
4 200 203 (-832 -4096 -128 ) (-832 -4096 -72 ) (-832 -3072 -72 ) (-832 -3072 -128 ) 
4 200 202 (-832 -4096 -72 ) (-832 -4096 16 ) (-832 -4032 16 ) (-832 -4032 -72 ) 
4 200 201 (-832 -3648 16 ) (-832 -3264 16 ) (-832 -3264 -72 ) (-832 -3648 -72 ) 
4 201 230 (-1024 -3648 16 ) (-1024 -3264 16 ) (-1024 -3264 -72 ) (-1024 -3648 -72 ) 
4 201 203 (-1024 -3648 -72 ) (-1024 -3264 -72 ) (-832 -3264 -72 ) (-832 -3648 -72 ) 
4 202 244 (-832 -4096 -72 ) (-832 -4096 16 ) (-1024 -4096 16 ) (-1024 -4096 -72 ) 
4 202 231 (-1024 -4096 -72 ) (-1024 -4096 16 ) (-1024 -4032 16 ) (-1024 -4032 -72 ) 
4 202 203 (-1024 -4096 -72 ) (-1024 -4032 -72 ) (-832 -4032 -72 ) (-832 -4096 -72 ) 
4 203 246 (-832 -4096 -128 ) (-832 -4096 -72 ) (-1024 -4096 -72 ) (-1024 -4096 -128 ) 
4 203 232 (-1024 -4096 -128 ) (-1024 -4096 -72 ) (-1024 -3072 -72 ) (-1024 -3072 -128 ) 
4 204 273 (-2048 -4096 144 ) (-2048 -4096 1792 ) (-2048 -3072 1792 ) (-2048 -3072 144 ) 
4 204 247 (-2048 -4096 1792 ) (-2048 -4096 144 ) (-1024 -4096 144 ) (-1024 -4096 1792 ) 
4 204 228 (-1336 -4032 144 ) (-1336 -4096 144 ) (-1344 -4096 144 ) (-1344 -4032 144 ) 
4 204 227 (-1336 -3264 144 ) (-1336 -3648 144 ) (-1344 -3648 144 ) (-1344 -3264 144 ) 
4 204 229 (-2048 -3072 144 ) (-1344 -3072 144 ) (-1344 -4096 144 ) (-2048 -4096 144 ) 
4 204 226 (-1236 -4032 144 ) (-1236 -4096 144 ) (-1336 -4096 144 ) (-1336 -4032 144 ) 
4 204 224 (-1335 -4024 144 ) (-1336 -4024 144 ) (-1336 -3892 144 ) (-1335 -3892 144 ) 
4 204 222 (-1336 -3792 144 ) (-1336 -3656 144 ) (-1335 -3656 144 ) (-1335 -3792 144 ) 
4 204 223 (-1336 -3888 144 ) (-1336 -3796 144 ) (-1335 -3796 144 ) (-1335 -3888 144 ) 
4 204 221 (-1236 -3656 144 ) (-1236 -4024 144 ) (-1335 -4024 144 ) (-1335 -3656 144 ) 
4 204 220 (-1236 -3264 144 ) (-1236 -3648 144 ) (-1336 -3648 144 ) (-1336 -3264 144 ) 
4 204 217 (-1336 -3072 144 ) (-1335 -3072 144 ) (-1335 -3120 144 ) (-1336 -3120 144 ) 
4 204 219 (-1335 -3124 144 ) (-1335 -3256 144 ) (-1336 -3256 144 ) (-1336 -3124 144 ) 
4 204 216 (-1335 -3072 144 ) (-1236 -3072 144 ) (-1236 -3256 144 ) (-1335 -3256 144 ) 
4 204 215 (-1188 -4032 144 ) (-1188 -4096 144 ) (-1236 -4096 144 ) (-1236 -4032 144 ) 
4 204 212 (-1188 -3264 144 ) (-1188 -3648 144 ) (-1236 -3648 144 ) (-1236 -3264 144 ) 
4 204 213 (-1188 -3656 144 ) (-1188 -4024 144 ) (-1236 -4024 144 ) (-1236 -3656 144 ) 
4 204 210 (-1236 -3072 144 ) (-1188 -3072 144 ) (-1188 -3256 144 ) (-1236 -3256 144 ) 
4 204 209 (-1024 -4032 144 ) (-1024 -4096 144 ) (-1188 -4096 144 ) (-1188 -4032 144 ) 
4 204 208 (-1024 -3656 144 ) (-1024 -4024 144 ) (-1188 -4024 144 ) (-1188 -3656 144 ) 
4 204 206 (-1024 -3264 144 ) (-1024 -3648 144 ) (-1188 -3648 144 ) (-1188 -3264 144 ) 
4 204 205 (-1188 -3072 144 ) (-1024 -3072 144 ) (-1024 -3256 144 ) (-1188 -3256 144 ) 
4 205 210 (-1188 -3072 16 ) (-1188 -3256 16 ) (-1188 -3256 144 ) (-1188 -3072 144 ) 
4 206 230 (-1188 -3648 16 ) (-1188 -3264 16 ) (-1024 -3264 16 ) (-1024 -3648 16 ) 
4 206 212 (-1188 -3264 16 ) (-1188 -3648 16 ) (-1188 -3648 144 ) (-1188 -3264 144 ) 
4 206 207 (-1024 -3648 96 ) (-1024 -3648 136 ) (-1152 -3648 136 ) (-1152 -3648 96 ) 
4 207 208 (-1024 -3656 96 ) (-1024 -3656 136 ) (-1152 -3656 136 ) (-1152 -3656 96 ) 
4 208 213 (-1188 -3656 16 ) (-1188 -4024 16 ) (-1188 -4024 144 ) (-1188 -3656 144 ) 
4 209 250 (-1188 -4096 16 ) (-1152 -4096 16 ) (-1152 -4096 144 ) (-1188 -4096 144 ) 
4 209 248 (-1152 -4096 16 ) (-1024 -4096 16 ) (-1024 -4096 144 ) (-1152 -4096 144 ) 
4 209 231 (-1024 -4096 16 ) (-1188 -4096 16 ) (-1188 -4032 16 ) (-1024 -4032 16 ) 
4 209 215 (-1188 -4032 16 ) (-1188 -4096 16 ) (-1188 -4096 144 ) (-1188 -4032 144 ) 
4 210 216 (-1236 -3072 16 ) (-1236 -3256 16 ) (-1236 -3256 144 ) (-1236 -3072 144 ) 
4 210 211 (-1236 -3256 136 ) (-1236 -3256 64 ) (-1188 -3256 64 ) (-1188 -3256 136 ) 
4 211 212 (-1236 -3264 136 ) (-1236 -3264 64 ) (-1188 -3264 64 ) (-1188 -3264 136 ) 
4 212 230 (-1236 -3648 16 ) (-1236 -3264 16 ) (-1188 -3264 16 ) (-1188 -3648 16 ) 
4 212 220 (-1236 -3264 16 ) (-1236 -3648 16 ) (-1236 -3648 144 ) (-1236 -3264 144 ) 
4 213 221 (-1236 -3656 16 ) (-1236 -4024 16 ) (-1236 -4024 144 ) (-1236 -3656 144 ) 
4 213 214 (-1236 -4024 136 ) (-1236 -4024 64 ) (-1188 -4024 64 ) (-1188 -4024 136 ) 
4 214 215 (-1236 -4032 136 ) (-1236 -4032 64 ) (-1188 -4032 64 ) (-1188 -4032 136 ) 
4 215 250 (-1236 -4096 16 ) (-1188 -4096 16 ) (-1188 -4096 144 ) (-1236 -4096 144 ) 
4 215 231 (-1188 -4096 16 ) (-1236 -4096 16 ) (-1236 -4032 16 ) (-1188 -4032 16 ) 
4 215 226 (-1236 -4032 16 ) (-1236 -4096 16 ) (-1236 -4096 144 ) (-1236 -4032 144 ) 
4 216 218 (-1335 -3120 16 ) (-1335 -3124 16 ) (-1335 -3124 22 ) (-1335 -3120 22 ) 
4 216 217 (-1335 -3072 16 ) (-1335 -3120 16 ) (-1335 -3120 144 ) (-1335 -3072 144 ) 
4 216 219 (-1335 -3124 16 ) (-1335 -3256 16 ) (-1335 -3256 144 ) (-1335 -3124 144 ) 
4 217 218 (-1336 -3120 22 ) (-1336 -3120 16 ) (-1335 -3120 16 ) (-1335 -3120 22 ) 
4 218 219 (-1336 -3124 22 ) (-1336 -3124 16 ) (-1335 -3124 16 ) (-1335 -3124 22 ) 
4 220 230 (-1336 -3648 16 ) (-1336 -3264 16 ) (-1236 -3264 16 ) (-1236 -3648 16 ) 
4 220 227 (-1336 -3264 16 ) (-1336 -3648 16 ) (-1336 -3648 144 ) (-1336 -3264 144 ) 
4 221 224 (-1335 -3892 22 ) (-1335 -4024 22 ) (-1335 -4024 144 ) (-1335 -3892 144 ) 
4 221 222 (-1335 -3656 144 ) (-1335 -3656 22 ) (-1335 -3792 22 ) (-1335 -3792 144 ) 
4 221 223 (-1335 -3796 22 ) (-1335 -3888 22 ) (-1335 -3888 144 ) (-1335 -3796 144 ) 
4 221 225 (-1335 -3656 22 ) (-1335 -3656 16 ) (-1335 -4024 16 ) (-1335 -4024 22 ) 
4 222 225 (-1336 -3656 22 ) (-1335 -3656 22 ) (-1335 -3792 22 ) (-1336 -3792 22 ) 
4 223 225 (-1335 -3796 22 ) (-1335 -3888 22 ) (-1336 -3888 22 ) (-1336 -3796 22 ) 
4 224 225 (-1335 -3892 22 ) (-1335 -4024 22 ) (-1336 -4024 22 ) (-1336 -3892 22 ) 
4 226 250 (-1336 -4096 16 ) (-1236 -4096 16 ) (-1236 -4096 144 ) (-1336 -4096 144 ) 
4 226 231 (-1236 -4096 16 ) (-1336 -4096 16 ) (-1336 -4032 16 ) (-1236 -4032 16 ) 
4 226 228 (-1336 -4032 16 ) (-1336 -4096 16 ) (-1336 -4096 144 ) (-1336 -4032 144 ) 
4 227 230 (-1344 -3648 16 ) (-1344 -3264 16 ) (-1336 -3264 16 ) (-1336 -3648 16 ) 
4 227 229 (-1344 -3264 16 ) (-1344 -3648 16 ) (-1344 -3648 144 ) (-1344 -3264 144 ) 
4 228 258 (-1344 -4096 16 ) (-1336 -4096 16 ) (-1336 -4096 144 ) (-1344 -4096 144 ) 
4 228 231 (-1336 -4096 16 ) (-1344 -4096 16 ) (-1344 -4032 16 ) (-1336 -4032 16 ) 
4 228 229 (-1344 -4032 16 ) (-1344 -4096 16 ) (-1344 -4096 144 ) (-1344 -4032 144 ) 
4 229 273 (-2048 -4096 16 ) (-2048 -4096 144 ) (-2048 -3072 144 ) (-2048 -3072 16 ) 
4 229 260 (-2048 -4096 144 ) (-2048 -4096 16 ) (-1344 -4096 16 ) (-1344 -4096 144 ) 
4 229 233 (-1344 -4096 16 ) (-2048 -4096 16 ) (-2048 -3072 16 ) (-1344 -3072 16 ) 
4 230 233 (-1344 -3648 16 ) (-1344 -3264 16 ) (-1344 -3264 -72 ) (-1344 -3648 -72 ) 
4 230 232 (-1344 -3648 -72 ) (-1344 -3264 -72 ) (-1024 -3264 -72 ) (-1024 -3648 -72 ) 
4 231 261 (-1024 -4096 -72 ) (-1024 -4096 16 ) (-1344 -4096 16 ) (-1344 -4096 -72 ) 
4 231 233 (-1344 -4096 -72 ) (-1344 -4096 16 ) (-1344 -4032 16 ) (-1344 -4032 -72 ) 
4 231 232 (-1024 -4096 -72 ) (-1344 -4096 -72 ) (-1344 -4032 -72 ) (-1024 -4032 -72 ) 
4 232 264 (-1024 -4096 -128 ) (-1024 -4096 -72 ) (-1344 -4096 -72 ) (-1344 -4096 -128 ) 
4 232 233 (-1344 -4096 -128 ) (-1344 -4096 -72 ) (-1344 -3072 -72 ) (-1344 -3072 -128 ) 
4 233 273 (-2048 -4096 -128 ) (-2048 -4096 16 ) (-2048 -3072 16 ) (-2048 -3072 -128 ) 
4 233 264 (-2048 -4096 -72 ) (-2048 -4096 -128 ) (-1344 -4096 -128 ) (-1344 -4096 -72 ) 
4 233 263 (-2048 -4096 16 ) (-2048 -4096 -72 ) (-1344 -4096 -72 ) (-1344 -4096 16 ) 
4 234 284 (0 -5120 144 ) (0 -5120 1792 ) (-1024 -5120 1792 ) (-1024 -5120 144 ) 
4 234 247 (-1024 -4096 1792 ) (-1024 -4096 144 ) (-1024 -5120 144 ) (-1024 -5120 1792 ) 
4 234 242 (-840 -5120 144 ) (-1024 -5120 144 ) (-1024 -4800 144 ) (-840 -4800 144 ) 
4 234 241 (-1024 -4792 144 ) (-1024 -4424 144 ) (-840 -4424 144 ) (-840 -4792 144 ) 
4 234 240 (-1024 -4416 144 ) (-1024 -4096 144 ) (-840 -4096 144 ) (-840 -4416 144 ) 
4 234 239 (-832 -5120 144 ) (-840 -5120 144 ) (-840 -4800 144 ) (-832 -4800 144 ) 
4 234 236 (-840 -4416 144 ) (-840 -4096 144 ) (-832 -4096 144 ) (-832 -4416 144 ) 
4 234 235 (0 -5120 144 ) (-832 -5120 144 ) (-832 -4096 144 ) (0 -4096 144 ) 
4 235 284 (0 -5120 16 ) (0 -5120 144 ) (-832 -5120 144 ) (-832 -5120 16 ) 
4 235 243 (-832 -4096 16 ) (0 -4096 16 ) (0 -5120 16 ) (-832 -5120 16 ) 
4 235 239 (-832 -4800 16 ) (-832 -5120 16 ) (-832 -5120 144 ) (-832 -4800 144 ) 
4 235 238 (-832 -4576 16 ) (-832 -4640 16 ) (-832 -4640 128 ) (-832 -4576 128 ) 
4 235 237 (-832 -4504 64 ) (-832 -4504 136 ) (-832 -4456 136 ) (-832 -4456 64 ) 
4 235 236 (-832 -4096 16 ) (-832 -4416 16 ) (-832 -4416 144 ) (-832 -4096 144 ) 
4 236 244 (-840 -4096 16 ) (-832 -4096 16 ) (-832 -4416 16 ) (-840 -4416 16 ) 
4 236 240 (-840 -4096 16 ) (-840 -4416 16 ) (-840 -4416 144 ) (-840 -4096 144 ) 
4 237 241 (-840 -4504 64 ) (-840 -4504 136 ) (-840 -4456 136 ) (-840 -4456 64 ) 
4 238 241 (-840 -4576 16 ) (-840 -4640 16 ) (-840 -4640 128 ) (-840 -4576 128 ) 
4 239 284 (-832 -5120 144 ) (-840 -5120 144 ) (-840 -5120 16 ) (-832 -5120 16 ) 
4 239 245 (-832 -4800 16 ) (-832 -5120 16 ) (-840 -5120 16 ) (-840 -4800 16 ) 
4 239 242 (-840 -4800 16 ) (-840 -5120 16 ) (-840 -5120 144 ) (-840 -4800 144 ) 
4 240 248 (-1024 -4096 144 ) (-1024 -4096 16 ) (-1024 -4416 16 ) (-1024 -4416 144 ) 
4 240 244 (-1024 -4416 16 ) (-1024 -4096 16 ) (-840 -4096 16 ) (-840 -4416 16 ) 
4 241 251 (-1024 -4424 16 ) (-1024 -4792 16 ) (-1024 -4792 144 ) (-1024 -4424 144 ) 
4 242 284 (-840 -5120 144 ) (-1024 -5120 144 ) (-1024 -5120 16 ) (-840 -5120 16 ) 
4 242 257 (-1024 -4800 16 ) (-1024 -5120 16 ) (-1024 -5120 144 ) (-1024 -4800 144 ) 
4 242 245 (-1024 -5120 16 ) (-1024 -4800 16 ) (-840 -4800 16 ) (-840 -5120 16 ) 
4 243 284 (0 -5120 -72 ) (0 -5120 16 ) (-832 -5120 16 ) (-832 -5120 -72 ) 
4 243 246 (0 -5120 -72 ) (-832 -5120 -72 ) (-832 -4096 -72 ) (0 -4096 -72 ) 
4 243 244 (-832 -4096 -72 ) (-832 -4416 -72 ) (-832 -4416 16 ) (-832 -4096 16 ) 
4 243 245 (-832 -4800 -72 ) (-832 -5120 -72 ) (-832 -5120 16 ) (-832 -4800 16 ) 
4 244 261 (-1024 -4096 16 ) (-1024 -4096 -72 ) (-1024 -4416 -72 ) (-1024 -4416 16 ) 
4 244 246 (-1024 -4416 -72 ) (-1024 -4096 -72 ) (-832 -4096 -72 ) (-832 -4416 -72 ) 
4 245 284 (-832 -5120 16 ) (-1024 -5120 16 ) (-1024 -5120 -72 ) (-832 -5120 -72 ) 
4 245 262 (-1024 -4800 -72 ) (-1024 -5120 -72 ) (-1024 -5120 16 ) (-1024 -4800 16 ) 
4 245 246 (-832 -5120 -72 ) (-1024 -5120 -72 ) (-1024 -4800 -72 ) (-832 -4800 -72 ) 
4 246 284 (0 -5120 -128 ) (0 -5120 -72 ) (-1024 -5120 -72 ) (-1024 -5120 -128 ) 
4 246 264 (-1024 -4096 -72 ) (-1024 -4096 -128 ) (-1024 -5120 -128 ) (-1024 -5120 -72 ) 
4 247 285 (-1024 -5120 144 ) (-1024 -5120 1792 ) (-2048 -5120 1792 ) (-2048 -5120 144 ) 
4 247 275 (-2048 -5120 144 ) (-2048 -5120 1792 ) (-2048 -4096 1792 ) (-2048 -4096 144 ) 
4 247 258 (-1344 -4096 144 ) (-1336 -4096 144 ) (-1336 -4416 144 ) (-1344 -4416 144 ) 
4 247 259 (-1336 -4800 144 ) (-1336 -5120 144 ) (-1344 -5120 144 ) (-1344 -4800 144 ) 
4 247 260 (-2048 -5120 144 ) (-2048 -4096 144 ) (-1344 -4096 144 ) (-1344 -5120 144 ) 
4 247 257 (-1024 -4800 144 ) (-1024 -5120 144 ) (-1336 -5120 144 ) (-1336 -4800 144 ) 
4 247 253 (-1336 -4656 144 ) (-1336 -4564 144 ) (-1335 -4564 144 ) (-1335 -4656 144 ) 
4 247 254 (-1335 -4792 144 ) (-1336 -4792 144 ) (-1336 -4660 144 ) (-1335 -4660 144 ) 
4 247 252 (-1336 -4560 144 ) (-1336 -4424 144 ) (-1335 -4424 144 ) (-1335 -4560 144 ) 
4 247 251 (-1024 -4424 144 ) (-1024 -4792 144 ) (-1335 -4792 144 ) (-1335 -4424 144 ) 
4 247 250 (-1336 -4096 144 ) (-1152 -4096 144 ) (-1152 -4416 144 ) (-1336 -4416 144 ) 
4 247 248 (-1152 -4096 144 ) (-1024 -4096 144 ) (-1024 -4416 144 ) (-1152 -4416 144 ) 
4 248 261 (-1152 -4096 16 ) (-1024 -4096 16 ) (-1024 -4416 16 ) (-1152 -4416 16 ) 
4 248 250 (-1152 -4096 16 ) (-1152 -4416 16 ) (-1152 -4416 144 ) (-1152 -4096 144 ) 
4 248 249 (-1152 -4416 136 ) (-1152 -4416 96 ) (-1024 -4416 96 ) (-1024 -4416 136 ) 
4 249 251 (-1024 -4424 96 ) (-1024 -4424 136 ) (-1152 -4424 136 ) (-1152 -4424 96 ) 
4 250 261 (-1336 -4416 16 ) (-1336 -4096 16 ) (-1152 -4096 16 ) (-1152 -4416 16 ) 
4 250 258 (-1336 -4096 16 ) (-1336 -4416 16 ) (-1336 -4416 144 ) (-1336 -4096 144 ) 
4 251 256 (-1188 -4792 64 ) (-1188 -4792 136 ) (-1236 -4792 136 ) (-1236 -4792 64 ) 
4 251 253 (-1335 -4564 22 ) (-1335 -4656 22 ) (-1335 -4656 144 ) (-1335 -4564 144 ) 
4 251 254 (-1335 -4660 22 ) (-1335 -4792 22 ) (-1335 -4792 144 ) (-1335 -4660 144 ) 
4 251 252 (-1335 -4424 144 ) (-1335 -4424 22 ) (-1335 -4560 22 ) (-1335 -4560 144 ) 
4 251 255 (-1335 -4424 22 ) (-1335 -4424 16 ) (-1335 -4792 16 ) (-1335 -4792 22 ) 
4 252 255 (-1336 -4424 22 ) (-1335 -4424 22 ) (-1335 -4560 22 ) (-1336 -4560 22 ) 
4 253 255 (-1335 -4564 22 ) (-1335 -4656 22 ) (-1336 -4656 22 ) (-1336 -4564 22 ) 
4 254 255 (-1335 -4660 22 ) (-1335 -4792 22 ) (-1336 -4792 22 ) (-1336 -4660 22 ) 
4 256 257 (-1188 -4800 64 ) (-1188 -4800 136 ) (-1236 -4800 136 ) (-1236 -4800 64 ) 
4 257 285 (-1024 -5120 16 ) (-1024 -5120 144 ) (-1336 -5120 144 ) (-1336 -5120 16 ) 
4 257 262 (-1024 -5120 16 ) (-1336 -5120 16 ) (-1336 -4800 16 ) (-1024 -4800 16 ) 
4 257 259 (-1336 -4800 16 ) (-1336 -5120 16 ) (-1336 -5120 144 ) (-1336 -4800 144 ) 
4 258 261 (-1344 -4416 16 ) (-1344 -4096 16 ) (-1336 -4096 16 ) (-1336 -4416 16 ) 
4 258 260 (-1344 -4096 16 ) (-1344 -4416 16 ) (-1344 -4416 144 ) (-1344 -4096 144 ) 
4 259 285 (-1336 -5120 144 ) (-1344 -5120 144 ) (-1344 -5120 16 ) (-1336 -5120 16 ) 
4 259 262 (-1336 -5120 16 ) (-1344 -5120 16 ) (-1344 -4800 16 ) (-1336 -4800 16 ) 
4 259 260 (-1344 -4800 16 ) (-1344 -5120 16 ) (-1344 -5120 144 ) (-1344 -4800 144 ) 
4 260 285 (-1344 -5120 144 ) (-2048 -5120 144 ) (-2048 -5120 16 ) (-1344 -5120 16 ) 
4 260 275 (-2048 -5120 16 ) (-2048 -5120 144 ) (-2048 -4096 144 ) (-2048 -4096 16 ) 
4 260 263 (-1344 -5120 16 ) (-2048 -5120 16 ) (-2048 -4096 16 ) (-1344 -4096 16 ) 
4 261 264 (-1344 -4096 -72 ) (-1024 -4096 -72 ) (-1024 -4416 -72 ) (-1344 -4416 -72 ) 
4 261 263 (-1344 -4096 -72 ) (-1344 -4416 -72 ) (-1344 -4416 16 ) (-1344 -4096 16 ) 
4 262 285 (-1024 -5120 -72 ) (-1024 -5120 16 ) (-1344 -5120 16 ) (-1344 -5120 -72 ) 
4 262 264 (-1024 -4800 -72 ) (-1024 -5120 -72 ) (-1344 -5120 -72 ) (-1344 -4800 -72 ) 
4 262 263 (-1344 -4800 -72 ) (-1344 -5120 -72 ) (-1344 -5120 16 ) (-1344 -4800 16 ) 
4 263 285 (-1344 -5120 16 ) (-2048 -5120 16 ) (-2048 -5120 -72 ) (-1344 -5120 -72 ) 
4 263 275 (-2048 -5120 -72 ) (-2048 -5120 16 ) (-2048 -4096 16 ) (-2048 -4096 -72 ) 
4 263 264 (-2048 -5120 -72 ) (-2048 -4096 -72 ) (-1344 -4096 -72 ) (-1344 -5120 -72 ) 
4 264 285 (-1024 -5120 -128 ) (-1024 -5120 -72 ) (-2048 -5120 -72 ) (-2048 -5120 -128 ) 
4 264 275 (-2048 -5120 -128 ) (-2048 -5120 -72 ) (-2048 -4096 -72 ) (-2048 -4096 -128 ) 
4 265 267 (-2048 -1024 -128 ) (-2048 -1024 1792 ) (-3072 -1024 1792 ) (-3072 -1024 -128 ) 
4 265 266 (-3072 0 1792 ) (-3072 0 -128 ) (-3072 -1024 -128 ) (-3072 -1024 1792 ) 
4 266 269 (-4096 0 1792 ) (-4096 0 -128 ) (-4096 -1024 -128 ) (-4096 -1024 1792 ) 
4 266 268 (-3072 -1024 -128 ) (-3072 -1024 1792 ) (-4096 -1024 1792 ) (-4096 -1024 -128 ) 
4 267 271 (-2048 -2048 -128 ) (-2048 -2048 1792 ) (-3072 -2048 1792 ) (-3072 -2048 -128 ) 
4 267 268 (-3072 -1024 1792 ) (-3072 -1024 -128 ) (-3072 -2048 -128 ) (-3072 -2048 1792 ) 
4 268 272 (-3072 -2048 -128 ) (-3072 -2048 1792 ) (-4096 -2048 1792 ) (-4096 -2048 -128 ) 
4 268 270 (-4096 -2048 -128 ) (-4096 -2048 1792 ) (-4096 -1024 1792 ) (-4096 -1024 -128 ) 
4 269 270 (-4096 -1024 -128 ) (-4096 -1024 1792 ) (-4736 -1024 1792 ) (-4736 -1024 -128 ) 
4 270 277 (-4096 -2048 -128 ) (-4096 -2048 1792 ) (-4736 -2048 1792 ) (-4736 -2048 -128 ) 
4 271 273 (-2048 -3072 -128 ) (-2048 -3072 1792 ) (-3072 -3072 1792 ) (-3072 -3072 -128 ) 
4 271 272 (-3072 -2048 1792 ) (-3072 -2048 -128 ) (-3072 -3072 -128 ) (-3072 -3072 1792 ) 
4 272 277 (-4096 -2048 1792 ) (-4096 -2048 -128 ) (-4096 -3072 -128 ) (-4096 -3072 1792 ) 
4 272 274 (-3072 -3072 -128 ) (-3072 -3072 1792 ) (-4096 -3072 1792 ) (-4096 -3072 -128 ) 
4 273 275 (-2048 -4096 -128 ) (-2048 -4096 1792 ) (-3072 -4096 1792 ) (-3072 -4096 -128 ) 
4 273 274 (-3072 -4096 -128 ) (-3072 -4096 1792 ) (-3072 -3072 1792 ) (-3072 -3072 -128 ) 
4 274 278 (-4096 -4096 -128 ) (-4096 -4096 1792 ) (-4096 -3072 1792 ) (-4096 -3072 -128 ) 
4 274 276 (-4096 -4096 1792 ) (-4096 -4096 -128 ) (-3072 -4096 -128 ) (-3072 -4096 1792 ) 
4 275 296 (-2048 -5120 -128 ) (-2048 -5120 1792 ) (-3072 -5120 1792 ) (-3072 -5120 -128 ) 
4 275 276 (-3072 -4096 1792 ) (-3072 -4096 -128 ) (-3072 -5120 -128 ) (-3072 -5120 1792 ) 
4 276 297 (-3072 -5120 -128 ) (-3072 -5120 1792 ) (-4096 -5120 1792 ) (-4096 -5120 -128 ) 
4 276 279 (-4096 -5120 -128 ) (-4096 -5120 1792 ) (-4096 -4096 1792 ) (-4096 -4096 -128 ) 
4 277 278 (-4096 -3072 -128 ) (-4096 -3072 1792 ) (-4736 -3072 1792 ) (-4736 -3072 -128 ) 
4 278 279 (-4096 -4096 -128 ) (-4096 -4096 1792 ) (-4736 -4096 1792 ) (-4736 -4096 -128 ) 
4 279 300 (-4096 -5120 -128 ) (-4096 -5120 1792 ) (-4736 -5120 1792 ) (-4736 -5120 -128 ) 
4 280 282 (2048 -6144 -128 ) (2048 -6144 1792 ) (1024 -6144 1792 ) (1024 -6144 -128 ) 
4 280 281 (1024 -5120 1792 ) (1024 -5120 -128 ) (1024 -6144 -128 ) (1024 -6144 1792 ) 
4 281 284 (0 -5120 1792 ) (0 -5120 -128 ) (0 -6144 -128 ) (0 -6144 1792 ) 
4 281 283 (1024 -6144 -128 ) (1024 -6144 1792 ) (0 -6144 1792 ) (0 -6144 -128 ) 
4 282 288 (2048 -7168 -128 ) (2048 -7168 1792 ) (1024 -7168 1792 ) (1024 -7168 -128 ) 
4 282 283 (1024 -6144 1792 ) (1024 -6144 -128 ) (1024 -7168 -128 ) (1024 -7168 1792 ) 
4 283 289 (1024 -7168 -128 ) (1024 -7168 1792 ) (0 -7168 1792 ) (0 -7168 -128 ) 
4 283 286 (0 -7168 -128 ) (0 -7168 1792 ) (0 -6144 1792 ) (0 -6144 -128 ) 
4 284 286 (0 -6144 -128 ) (0 -6144 1792 ) (-1024 -6144 1792 ) (-1024 -6144 -128 ) 
4 284 285 (-1024 -5120 1792 ) (-1024 -5120 -128 ) (-1024 -6144 -128 ) (-1024 -6144 1792 ) 
4 285 296 (-2048 -5120 1792 ) (-2048 -5120 -128 ) (-2048 -6144 -128 ) (-2048 -6144 1792 ) 
4 285 287 (-1024 -6144 -128 ) (-1024 -6144 1792 ) (-2048 -6144 1792 ) (-2048 -6144 -128 ) 
4 286 292 (0 -7168 -128 ) (0 -7168 1792 ) (-1024 -7168 1792 ) (-1024 -7168 -128 ) 
4 286 287 (-1024 -6144 1792 ) (-1024 -6144 -128 ) (-1024 -7168 -128 ) (-1024 -7168 1792 ) 
4 287 298 (-2048 -7168 -128 ) (-2048 -7168 1792 ) (-2048 -6144 1792 ) (-2048 -6144 -128 ) 
4 287 293 (-1024 -7168 -128 ) (-1024 -7168 1792 ) (-2048 -7168 1792 ) (-2048 -7168 -128 ) 
4 288 290 (2048 -8192 -128 ) (2048 -8192 1792 ) (1024 -8192 1792 ) (1024 -8192 -128 ) 
4 288 289 (1024 -7168 1792 ) (1024 -7168 -128 ) (1024 -8192 -128 ) (1024 -8192 1792 ) 
4 289 292 (0 -7168 1792 ) (0 -7168 -128 ) (0 -8192 -128 ) (0 -8192 1792 ) 
4 289 291 (1024 -8192 -128 ) (1024 -8192 1792 ) (0 -8192 1792 ) (0 -8192 -128 ) 
4 290 291 (1024 -8576 -128 ) (1024 -8576 1792 ) (1024 -8192 1792 ) (1024 -8192 -128 ) 
4 291 294 (0 -8576 -128 ) (0 -8576 1792 ) (0 -8192 1792 ) (0 -8192 -128 ) 
4 292 294 (0 -8192 -128 ) (0 -8192 1792 ) (-1024 -8192 1792 ) (-1024 -8192 -128 ) 
4 292 293 (-1024 -7168 1792 ) (-1024 -7168 -128 ) (-1024 -8192 -128 ) (-1024 -8192 1792 ) 
4 293 302 (-2048 -8192 -128 ) (-2048 -8192 1792 ) (-2048 -7168 1792 ) (-2048 -7168 -128 ) 
4 293 295 (-1024 -8192 -128 ) (-1024 -8192 1792 ) (-2048 -8192 1792 ) (-2048 -8192 -128 ) 
4 294 295 (-1024 -8576 -128 ) (-1024 -8576 1792 ) (-1024 -8192 1792 ) (-1024 -8192 -128 ) 
4 295 304 (-2048 -8576 -128 ) (-2048 -8576 1792 ) (-2048 -8192 1792 ) (-2048 -8192 -128 ) 
4 296 298 (-2048 -6144 -128 ) (-2048 -6144 1792 ) (-3072 -6144 1792 ) (-3072 -6144 -128 ) 
4 296 297 (-3072 -5120 1792 ) (-3072 -5120 -128 ) (-3072 -6144 -128 ) (-3072 -6144 1792 ) 
4 297 300 (-4096 -5120 1792 ) (-4096 -5120 -128 ) (-4096 -6144 -128 ) (-4096 -6144 1792 ) 
4 297 299 (-3072 -6144 -128 ) (-3072 -6144 1792 ) (-4096 -6144 1792 ) (-4096 -6144 -128 ) 
4 298 302 (-2048 -7168 -128 ) (-2048 -7168 1792 ) (-3072 -7168 1792 ) (-3072 -7168 -128 ) 
4 298 299 (-3072 -6144 1792 ) (-3072 -6144 -128 ) (-3072 -7168 -128 ) (-3072 -7168 1792 ) 
4 299 303 (-3072 -7168 -128 ) (-3072 -7168 1792 ) (-4096 -7168 1792 ) (-4096 -7168 -128 ) 
4 299 301 (-4096 -7168 -128 ) (-4096 -7168 1792 ) (-4096 -6144 1792 ) (-4096 -6144 -128 ) 
4 300 301 (-4096 -6144 -128 ) (-4096 -6144 1792 ) (-4736 -6144 1792 ) (-4736 -6144 -128 ) 
4 301 306 (-4096 -7168 -128 ) (-4096 -7168 1792 ) (-4736 -7168 1792 ) (-4736 -7168 -128 ) 
4 302 304 (-2048 -8192 -128 ) (-2048 -8192 1792 ) (-3072 -8192 1792 ) (-3072 -8192 -128 ) 
4 302 303 (-3072 -7168 1792 ) (-3072 -7168 -128 ) (-3072 -8192 -128 ) (-3072 -8192 1792 ) 
4 303 306 (-4096 -7168 1792 ) (-4096 -7168 -128 ) (-4096 -8192 -128 ) (-4096 -8192 1792 ) 
4 303 305 (-3072 -8192 -128 ) (-3072 -8192 1792 ) (-4096 -8192 1792 ) (-4096 -8192 -128 ) 
4 304 305 (-3072 -8576 -128 ) (-3072 -8576 1792 ) (-3072 -8192 1792 ) (-3072 -8192 -128 ) 
4 305 307 (-4096 -8576 -128 ) (-4096 -8576 1792 ) (-4096 -8192 1792 ) (-4096 -8192 -128 ) 
4 306 307 (-4096 -8192 -128 ) (-4096 -8192 1792 ) (-4736 -8192 1792 ) (-4736 -8192 -128 ) 
