PRT1
344
819
4 0 2 (3200 7168 -128 ) (3200 7168 1792 ) (3072 7168 1792 ) (3072 7168 -128 ) 
4 0 1 (3072 7168 -128 ) (3072 7168 1792 ) (3072 7680 1792 ) (3072 7680 -128 ) 
4 1 42 (2048 7168 -128 ) (2048 7168 1792 ) (2048 7680 1792 ) (2048 7680 -128 ) 
4 1 3 (3072 7168 -128 ) (3072 7168 1792 ) (2048 7168 1792 ) (2048 7168 -128 ) 
4 2 4 (3200 6144 -128 ) (3200 6144 1792 ) (3072 6144 1792 ) (3072 6144 -128 ) 
4 2 3 (3072 7168 1792 ) (3072 7168 -128 ) (3072 6144 -128 ) (3072 6144 1792 ) 
4 3 46 (2048 6144 -128 ) (2048 6144 1792 ) (2048 7168 1792 ) (2048 7168 -128 ) 
4 3 5 (3072 6144 -128 ) (3072 6144 1792 ) (2048 6144 1792 ) (2048 6144 -128 ) 
4 4 26 (3200 5120 -128 ) (3200 5120 1792 ) (3072 5120 1792 ) (3072 5120 -128 ) 
4 4 5 (3072 6144 1792 ) (3072 6144 -128 ) (3072 5120 -128 ) (3072 5120 1792 ) 
4 5 48 (2048 5120 -128 ) (2048 5120 1792 ) (2048 6144 1792 ) (2048 6144 -128 ) 
4 5 27 (3072 5120 -128 ) (3072 5120 1792 ) (2048 5120 1792 ) (2048 5120 -128 ) 
4 6 8 (8192 4096 -128 ) (8192 4096 1792 ) (8192 4224 1792 ) (8192 4224 -128 ) 
4 6 7 (8960 4096 -128 ) (8960 4096 1792 ) (8192 4096 1792 ) (8192 4096 -128 ) 
4 7 12 (8960 3072 -128 ) (8960 3072 1792 ) (8192 3072 1792 ) (8192 3072 -128 ) 
4 7 10 (8192 3072 -128 ) (8192 3072 1792 ) (8192 4096 1792 ) (8192 4096 -128 ) 
4 8 10 (8192 4096 -128 ) (8192 4096 1792 ) (7168 4096 1792 ) (7168 4096 -128 ) 
4 8 9 (7168 4096 -128 ) (7168 4096 1792 ) (7168 4224 1792 ) (7168 4224 -128 ) 
4 9 21 (6144 4096 -128 ) (6144 4096 1792 ) (6144 4224 1792 ) (6144 4224 -128 ) 
4 9 11 (7168 4096 -128 ) (7168 4096 1792 ) (6144 4096 1792 ) (6144 4096 -128 ) 
4 10 15 (8192 3072 -128 ) (8192 3072 1792 ) (7168 3072 1792 ) (7168 3072 -128 ) 
4 10 11 (7168 4096 1792 ) (7168 4096 -128 ) (7168 3072 -128 ) (7168 3072 1792 ) 
4 11 23 (6144 3072 -128 ) (6144 3072 1792 ) (6144 4096 1792 ) (6144 4096 -128 ) 
4 11 16 (7168 3072 -128 ) (7168 3072 1792 ) (6144 3072 1792 ) (6144 3072 -128 ) 
4 12 15 (8192 3072 1792 ) (8192 3072 -128 ) (8192 2048 -128 ) (8192 2048 1792 ) 
4 12 13 (8960 2048 -128 ) (8960 2048 1792 ) (8192 2048 1792 ) (8192 2048 -128 ) 
4 13 17 (8192 1024 -128 ) (8192 1024 1792 ) (8192 2048 1792 ) (8192 2048 -128 ) 
4 13 14 (8192 1024 1792 ) (8192 1024 -128 ) (8960 1024 -128 ) (8960 1024 1792 ) 
4 14 98 (8960 0 -128 ) (8960 0 1792 ) (8192 0 1792 ) (8192 0 -128 ) 
4 14 19 (8192 0 -128 ) (8192 0 1792 ) (8192 1024 1792 ) (8192 1024 -128 ) 
4 15 17 (8192 2048 -128 ) (8192 2048 1792 ) (7168 2048 1792 ) (7168 2048 -128 ) 
4 15 16 (7168 3072 1792 ) (7168 3072 -128 ) (7168 2048 -128 ) (7168 2048 1792 ) 
4 16 30 (6144 2048 -128 ) (6144 2048 1792 ) (6144 3072 1792 ) (6144 3072 -128 ) 
4 16 18 (7168 2048 -128 ) (7168 2048 1792 ) (6144 2048 1792 ) (6144 2048 -128 ) 
4 17 19 (8192 1024 -128 ) (8192 1024 1792 ) (7168 1024 1792 ) (7168 1024 -128 ) 
4 17 18 (7168 1024 -128 ) (7168 1024 1792 ) (7168 2048 1792 ) (7168 2048 -128 ) 
4 18 32 (6144 1024 -128 ) (6144 1024 1792 ) (6144 2048 1792 ) (6144 2048 -128 ) 
4 18 20 (6144 1024 1792 ) (6144 1024 -128 ) (7168 1024 -128 ) (7168 1024 1792 ) 
4 19 100 (8192 0 -128 ) (8192 0 1792 ) (7168 0 1792 ) (7168 0 -128 ) 
4 19 20 (7168 1024 1792 ) (7168 1024 -128 ) (7168 0 -128 ) (7168 0 1792 ) 
4 20 101 (7168 0 -128 ) (7168 0 1792 ) (6144 0 1792 ) (6144 0 -128 ) 
4 20 34 (6144 0 -128 ) (6144 0 1792 ) (6144 1024 1792 ) (6144 1024 -128 ) 
4 21 23 (6144 4096 -128 ) (6144 4096 1792 ) (5120 4096 1792 ) (5120 4096 -128 ) 
4 21 22 (5120 4096 -128 ) (5120 4096 1792 ) (5120 4224 1792 ) (5120 4224 -128 ) 
4 22 25 (4096 4096 -128 ) (4096 4096 1792 ) (4096 4224 1792 ) (4096 4224 -128 ) 
4 22 24 (5120 4096 -128 ) (5120 4096 1792 ) (4096 4096 1792 ) (4096 4096 -128 ) 
4 23 30 (6144 3072 -128 ) (6144 3072 1792 ) (5120 3072 1792 ) (5120 3072 -128 ) 
4 23 24 (5120 4096 1792 ) (5120 4096 -128 ) (5120 3072 -128 ) (5120 3072 1792 ) 
4 24 31 (5120 3072 -128 ) (5120 3072 1792 ) (4096 3072 1792 ) (4096 3072 -128 ) 
4 24 28 (4096 3072 -128 ) (4096 3072 1792 ) (4096 4096 1792 ) (4096 4096 -128 ) 
4 25 28 (4096 4096 -128 ) (4096 4096 1792 ) (3200 4096 1792 ) (3200 4096 -128 ) 
4 25 26 (3200 4096 -128 ) (3200 4096 1792 ) (3200 4224 1792 ) (3200 4224 -128 ) 
4 26 28 (3200 4096 -128 ) (3200 4096 1792 ) (3072 4096 1792 ) (3072 4096 -128 ) 
4 26 27 (3072 5120 1792 ) (3072 5120 -128 ) (3072 4096 -128 ) (3072 4096 1792 ) 
4 27 63 (2048 4096 -128 ) (2048 4096 1792 ) (2048 5120 1792 ) (2048 5120 -128 ) 
4 27 29 (3072 4096 -128 ) (3072 4096 1792 ) (2048 4096 1792 ) (2048 4096 -128 ) 
4 28 36 (4096 3072 -128 ) (4096 3072 1792 ) (3072 3072 1792 ) (3072 3072 -128 ) 
4 28 29 (3072 4096 1792 ) (3072 4096 -128 ) (3072 3072 -128 ) (3072 3072 1792 ) 
4 29 65 (2048 3072 -128 ) (2048 3072 1792 ) (2048 4096 1792 ) (2048 4096 -128 ) 
4 29 37 (3072 3072 -128 ) (3072 3072 1792 ) (2048 3072 1792 ) (2048 3072 -128 ) 
4 30 32 (6144 2048 -128 ) (6144 2048 1792 ) (5120 2048 1792 ) (5120 2048 -128 ) 
4 30 31 (5120 3072 1792 ) (5120 3072 -128 ) (5120 2048 -128 ) (5120 2048 1792 ) 
4 31 36 (4096 3072 1792 ) (4096 3072 -128 ) (4096 2048 -128 ) (4096 2048 1792 ) 
4 31 33 (5120 2048 -128 ) (5120 2048 1792 ) (4096 2048 1792 ) (4096 2048 -128 ) 
4 32 34 (6144 1024 -128 ) (6144 1024 1792 ) (5120 1024 1792 ) (5120 1024 -128 ) 
4 32 33 (5120 1024 -128 ) (5120 1024 1792 ) (5120 2048 1792 ) (5120 2048 -128 ) 
4 33 38 (4096 1024 -128 ) (4096 1024 1792 ) (4096 2048 1792 ) (4096 2048 -128 ) 
4 33 35 (4096 1024 1792 ) (4096 1024 -128 ) (5120 1024 -128 ) (5120 1024 1792 ) 
4 34 113 (6144 0 -128 ) (6144 0 1792 ) (5120 0 1792 ) (5120 0 -128 ) 
4 34 35 (5120 1024 1792 ) (5120 1024 -128 ) (5120 0 -128 ) (5120 0 1792 ) 
4 35 114 (5120 0 -128 ) (5120 0 1792 ) (4096 0 1792 ) (4096 0 -128 ) 
4 35 40 (4096 0 -128 ) (4096 0 1792 ) (4096 1024 1792 ) (4096 1024 -128 ) 
4 36 38 (4096 2048 -128 ) (4096 2048 1792 ) (3072 2048 1792 ) (3072 2048 -128 ) 
4 36 37 (3072 3072 1792 ) (3072 3072 -128 ) (3072 2048 -128 ) (3072 2048 1792 ) 
4 37 71 (2048 2048 -128 ) (2048 2048 1792 ) (2048 3072 1792 ) (2048 3072 -128 ) 
4 37 39 (3072 2048 -128 ) (3072 2048 1792 ) (2048 2048 1792 ) (2048 2048 -128 ) 
4 38 40 (4096 1024 -128 ) (4096 1024 1792 ) (3072 1024 1792 ) (3072 1024 -128 ) 
4 38 39 (3072 1024 -128 ) (3072 1024 1792 ) (3072 2048 1792 ) (3072 2048 -128 ) 
4 39 73 (2048 1024 -128 ) (2048 1024 1792 ) (2048 2048 1792 ) (2048 2048 -128 ) 
4 39 41 (2048 1024 1792 ) (2048 1024 -128 ) (3072 1024 -128 ) (3072 1024 1792 ) 
4 40 117 (4096 0 -128 ) (4096 0 1792 ) (3072 0 1792 ) (3072 0 -128 ) 
4 40 41 (3072 1024 1792 ) (3072 1024 -128 ) (3072 0 -128 ) (3072 0 1792 ) 
4 41 118 (3072 0 -128 ) (3072 0 1792 ) (2048 0 1792 ) (2048 0 -128 ) 
4 41 75 (2048 0 -128 ) (2048 0 1792 ) (2048 1024 1792 ) (2048 1024 -128 ) 
4 42 46 (2048 7168 -128 ) (2048 7168 1792 ) (1024 7168 1792 ) (1024 7168 -128 ) 
4 42 43 (1024 7168 -128 ) (1024 7168 1792 ) (1024 7680 1792 ) (1024 7680 -128 ) 
4 43 47 (1024 7168 -128 ) (1024 7168 1792 ) (0 7168 1792 ) (0 7168 -128 ) 
4 43 44 (0 7168 -128 ) (0 7168 1792 ) (0 7680 1792 ) (0 7680 -128 ) 
4 44 50 (0 7168 -128 ) (0 7168 1792 ) (-1024 7168 1792 ) (-1024 7168 -128 ) 
4 44 45 (-1024 7168 -128 ) (-1024 7168 1792 ) (-1024 7680 1792 ) (-1024 7680 -128 ) 
4 45 54 (-2048 7168 -128 ) (-2048 7168 1792 ) (-2048 7680 1792 ) (-2048 7680 -128 ) 
4 45 51 (-1024 7168 -128 ) (-1024 7168 1792 ) (-2048 7168 1792 ) (-2048 7168 -128 ) 
4 46 48 (2048 6144 -128 ) (2048 6144 1792 ) (1024 6144 1792 ) (1024 6144 -128 ) 
4 46 47 (1024 7168 1792 ) (1024 7168 -128 ) (1024 6144 -128 ) (1024 6144 1792 ) 
4 47 50 (0 7168 1792 ) (0 7168 -128 ) (0 6144 -128 ) (0 6144 1792 ) 
4 47 49 (1024 6144 -128 ) (1024 6144 1792 ) (0 6144 1792 ) (0 6144 -128 ) 
4 48 63 (2048 5120 -128 ) (2048 5120 1792 ) (1024 5120 1792 ) (1024 5120 -128 ) 
4 48 49 (1024 6144 1792 ) (1024 6144 -128 ) (1024 5120 -128 ) (1024 5120 1792 ) 
4 49 64 (1024 5120 -128 ) (1024 5120 1792 ) (0 5120 1792 ) (0 5120 -128 ) 
4 49 52 (0 5120 -128 ) (0 5120 1792 ) (0 6144 1792 ) (0 6144 -128 ) 
4 50 52 (0 6144 -128 ) (0 6144 1792 ) (-1024 6144 1792 ) (-1024 6144 -128 ) 
4 50 51 (-1024 7168 1792 ) (-1024 7168 -128 ) (-1024 6144 -128 ) (-1024 6144 1792 ) 
4 51 57 (-2048 6144 -128 ) (-2048 6144 1792 ) (-2048 7168 1792 ) (-2048 7168 -128 ) 
4 51 53 (-1024 6144 -128 ) (-1024 6144 1792 ) (-2048 6144 1792 ) (-2048 6144 -128 ) 
4 52 67 (0 5120 -128 ) (0 5120 1792 ) (-1024 5120 1792 ) (-1024 5120 -128 ) 
4 52 53 (-1024 6144 1792 ) (-1024 6144 -128 ) (-1024 5120 -128 ) (-1024 5120 1792 ) 
4 53 68 (-1024 5120 -128 ) (-1024 5120 1792 ) (-2048 5120 1792 ) (-2048 5120 -128 ) 
4 53 59 (-2048 5120 -128 ) (-2048 5120 1792 ) (-2048 6144 1792 ) (-2048 6144 -128 ) 
4 54 57 (-2048 7168 -128 ) (-2048 7168 1792 ) (-3072 7168 1792 ) (-3072 7168 -128 ) 
4 54 55 (-3072 7168 -128 ) (-3072 7168 1792 ) (-3072 7680 1792 ) (-3072 7680 -128 ) 
4 55 58 (-3072 7168 -128 ) (-3072 7168 1792 ) (-4096 7168 1792 ) (-4096 7168 -128 ) 
4 55 56 (-4096 7168 -128 ) (-4096 7168 1792 ) (-4096 7680 1792 ) (-4096 7680 -128 ) 
4 56 61 (-4096 7168 -128 ) (-4096 7168 1792 ) (-4736 7168 1792 ) (-4736 7168 -128 ) 
4 57 59 (-2048 6144 -128 ) (-2048 6144 1792 ) (-3072 6144 1792 ) (-3072 6144 -128 ) 
4 57 58 (-3072 7168 1792 ) (-3072 7168 -128 ) (-3072 6144 -128 ) (-3072 6144 1792 ) 
4 58 61 (-4096 7168 1792 ) (-4096 7168 -128 ) (-4096 6144 -128 ) (-4096 6144 1792 ) 
4 58 60 (-3072 6144 -128 ) (-3072 6144 1792 ) (-4096 6144 1792 ) (-4096 6144 -128 ) 
4 59 83 (-2048 5120 -128 ) (-2048 5120 1792 ) (-3072 5120 1792 ) (-3072 5120 -128 ) 
4 59 60 (-3072 6144 1792 ) (-3072 6144 -128 ) (-3072 5120 -128 ) (-3072 5120 1792 ) 
4 60 84 (-3072 5120 -128 ) (-3072 5120 1792 ) (-4096 5120 1792 ) (-4096 5120 -128 ) 
4 60 62 (-4096 5120 -128 ) (-4096 5120 1792 ) (-4096 6144 1792 ) (-4096 6144 -128 ) 
4 61 62 (-4096 6144 -128 ) (-4096 6144 1792 ) (-4736 6144 1792 ) (-4736 6144 -128 ) 
4 62 87 (-4096 5120 -128 ) (-4096 5120 1792 ) (-4736 5120 1792 ) (-4736 5120 -128 ) 
4 63 65 (2048 4096 -128 ) (2048 4096 1792 ) (1024 4096 1792 ) (1024 4096 -128 ) 
4 63 64 (1024 5120 1792 ) (1024 5120 -128 ) (1024 4096 -128 ) (1024 4096 1792 ) 
4 64 67 (0 5120 1792 ) (0 5120 -128 ) (0 4096 -128 ) (0 4096 1792 ) 
4 64 66 (1024 4096 -128 ) (1024 4096 1792 ) (0 4096 1792 ) (0 4096 -128 ) 
4 65 71 (2048 3072 -128 ) (2048 3072 1792 ) (1024 3072 1792 ) (1024 3072 -128 ) 
4 65 66 (1024 4096 1792 ) (1024 4096 -128 ) (1024 3072 -128 ) (1024 3072 1792 ) 
4 66 72 (1024 3072 -128 ) (1024 3072 1792 ) (0 3072 1792 ) (0 3072 -128 ) 
4 66 69 (0 3072 -128 ) (0 3072 1792 ) (0 4096 1792 ) (0 4096 -128 ) 
4 67 69 (0 4096 -128 ) (0 4096 1792 ) (-1024 4096 1792 ) (-1024 4096 -128 ) 
4 67 68 (-1024 5120 1792 ) (-1024 5120 -128 ) (-1024 4096 -128 ) (-1024 4096 1792 ) 
4 68 83 (-2048 5120 1792 ) (-2048 5120 -128 ) (-2048 4096 -128 ) (-2048 4096 1792 ) 
4 68 70 (-1024 4096 -128 ) (-1024 4096 1792 ) (-2048 4096 1792 ) (-2048 4096 -128 ) 
4 69 77 (0 3072 -128 ) (0 3072 1792 ) (-1024 3072 1792 ) (-1024 3072 -128 ) 
4 69 70 (-1024 4096 1792 ) (-1024 4096 -128 ) (-1024 3072 -128 ) (-1024 3072 1792 ) 
4 70 85 (-2048 3072 -128 ) (-2048 3072 1792 ) (-2048 4096 1792 ) (-2048 4096 -128 ) 
4 70 78 (-1024 3072 -128 ) (-1024 3072 1792 ) (-2048 3072 1792 ) (-2048 3072 -128 ) 
4 71 73 (2048 2048 -128 ) (2048 2048 1792 ) (1024 2048 1792 ) (1024 2048 -128 ) 
4 71 72 (1024 3072 1792 ) (1024 3072 -128 ) (1024 2048 -128 ) (1024 2048 1792 ) 
4 72 77 (0 3072 1792 ) (0 3072 -128 ) (0 2048 -128 ) (0 2048 1792 ) 
4 72 74 (1024 2048 -128 ) (1024 2048 1792 ) (0 2048 1792 ) (0 2048 -128 ) 
4 73 75 (2048 1024 -128 ) (2048 1024 1792 ) (1024 1024 1792 ) (1024 1024 -128 ) 
4 73 74 (1024 1024 -128 ) (1024 1024 1792 ) (1024 2048 1792 ) (1024 2048 -128 ) 
4 74 79 (0 1024 -128 ) (0 1024 1792 ) (0 2048 1792 ) (0 2048 -128 ) 
4 74 76 (0 1024 1792 ) (0 1024 -128 ) (1024 1024 -128 ) (1024 1024 1792 ) 
4 75 147 (2048 0 -128 ) (2048 0 1792 ) (1024 0 1792 ) (1024 0 -128 ) 
4 75 76 (1024 1024 1792 ) (1024 1024 -128 ) (1024 0 -128 ) (1024 0 1792 ) 
4 76 148 (1024 0 -128 ) (1024 0 1792 ) (0 0 1792 ) (0 0 -128 ) 
4 76 81 (0 0 -128 ) (0 0 1792 ) (0 1024 1792 ) (0 1024 -128 ) 
4 77 79 (0 2048 -128 ) (0 2048 1792 ) (-1024 2048 1792 ) (-1024 2048 -128 ) 
4 77 78 (-1024 3072 1792 ) (-1024 3072 -128 ) (-1024 2048 -128 ) (-1024 2048 1792 ) 
4 78 89 (-2048 2048 -128 ) (-2048 2048 1792 ) (-2048 3072 1792 ) (-2048 3072 -128 ) 
4 78 80 (-1024 2048 -128 ) (-1024 2048 1792 ) (-2048 2048 1792 ) (-2048 2048 -128 ) 
4 79 81 (0 1024 -128 ) (0 1024 1792 ) (-1024 1024 1792 ) (-1024 1024 -128 ) 
4 79 80 (-1024 1024 -128 ) (-1024 1024 1792 ) (-1024 2048 1792 ) (-1024 2048 -128 ) 
4 80 91 (-2048 1024 -128 ) (-2048 1024 1792 ) (-2048 2048 1792 ) (-2048 2048 -128 ) 
4 80 82 (-2048 1024 1792 ) (-2048 1024 -128 ) (-1024 1024 -128 ) (-1024 1024 1792 ) 
4 81 151 (0 0 -128 ) (0 0 1792 ) (-1024 0 1792 ) (-1024 0 -128 ) 
4 81 82 (-1024 1024 1792 ) (-1024 1024 -128 ) (-1024 0 -128 ) (-1024 0 1792 ) 
4 82 152 (-1024 0 -128 ) (-1024 0 1792 ) (-2048 0 1792 ) (-2048 0 -128 ) 
4 82 93 (-2048 0 -128 ) (-2048 0 1792 ) (-2048 1024 1792 ) (-2048 1024 -128 ) 
4 83 85 (-2048 4096 -128 ) (-2048 4096 1792 ) (-3072 4096 1792 ) (-3072 4096 -128 ) 
4 83 84 (-3072 5120 1792 ) (-3072 5120 -128 ) (-3072 4096 -128 ) (-3072 4096 1792 ) 
4 84 87 (-4096 5120 1792 ) (-4096 5120 -128 ) (-4096 4096 -128 ) (-4096 4096 1792 ) 
4 84 86 (-3072 4096 -128 ) (-3072 4096 1792 ) (-4096 4096 1792 ) (-4096 4096 -128 ) 
4 85 89 (-2048 3072 -128 ) (-2048 3072 1792 ) (-3072 3072 1792 ) (-3072 3072 -128 ) 
4 85 86 (-3072 4096 1792 ) (-3072 4096 -128 ) (-3072 3072 -128 ) (-3072 3072 1792 ) 
4 86 90 (-3072 3072 -128 ) (-3072 3072 1792 ) (-4096 3072 1792 ) (-4096 3072 -128 ) 
4 86 88 (-4096 3072 -128 ) (-4096 3072 1792 ) (-4096 4096 1792 ) (-4096 4096 -128 ) 
4 87 88 (-4096 4096 -128 ) (-4096 4096 1792 ) (-4736 4096 1792 ) (-4736 4096 -128 ) 
4 88 95 (-4096 3072 -128 ) (-4096 3072 1792 ) (-4736 3072 1792 ) (-4736 3072 -128 ) 
4 89 91 (-2048 2048 -128 ) (-2048 2048 1792 ) (-3072 2048 1792 ) (-3072 2048 -128 ) 
4 89 90 (-3072 3072 1792 ) (-3072 3072 -128 ) (-3072 2048 -128 ) (-3072 2048 1792 ) 
4 90 95 (-4096 3072 1792 ) (-4096 3072 -128 ) (-4096 2048 -128 ) (-4096 2048 1792 ) 
4 90 92 (-3072 2048 -128 ) (-3072 2048 1792 ) (-4096 2048 1792 ) (-4096 2048 -128 ) 
4 91 93 (-2048 1024 -128 ) (-2048 1024 1792 ) (-3072 1024 1792 ) (-3072 1024 -128 ) 
4 91 92 (-3072 1024 -128 ) (-3072 1024 1792 ) (-3072 2048 1792 ) (-3072 2048 -128 ) 
4 92 96 (-4096 1024 -128 ) (-4096 1024 1792 ) (-4096 2048 1792 ) (-4096 2048 -128 ) 
4 92 94 (-4096 1024 1792 ) (-4096 1024 -128 ) (-3072 1024 -128 ) (-3072 1024 1792 ) 
4 93 301 (-2048 0 -128 ) (-2048 0 1792 ) (-3072 0 1792 ) (-3072 0 -128 ) 
4 93 94 (-3072 1024 1792 ) (-3072 1024 -128 ) (-3072 0 -128 ) (-3072 0 1792 ) 
4 94 302 (-3072 0 -128 ) (-3072 0 1792 ) (-4096 0 1792 ) (-4096 0 -128 ) 
4 94 97 (-4096 0 -128 ) (-4096 0 1792 ) (-4096 1024 1792 ) (-4096 1024 -128 ) 
4 95 96 (-4096 2048 -128 ) (-4096 2048 1792 ) (-4736 2048 1792 ) (-4736 2048 -128 ) 
4 96 97 (-4096 1024 -128 ) (-4096 1024 1792 ) (-4736 1024 1792 ) (-4736 1024 -128 ) 
4 97 305 (-4096 0 -128 ) (-4096 0 1792 ) (-4736 0 1792 ) (-4736 0 -128 ) 
4 98 100 (8192 0 1792 ) (8192 0 -128 ) (8192 -1024 -128 ) (8192 -1024 1792 ) 
4 98 99 (8960 -1024 -128 ) (8960 -1024 1792 ) (8192 -1024 1792 ) (8192 -1024 -128 ) 
4 99 104 (8960 -2048 -128 ) (8960 -2048 1792 ) (8192 -2048 1792 ) (8192 -2048 -128 ) 
4 99 102 (8192 -2048 -128 ) (8192 -2048 1792 ) (8192 -1024 1792 ) (8192 -1024 -128 ) 
4 100 102 (8192 -1024 -128 ) (8192 -1024 1792 ) (7168 -1024 1792 ) (7168 -1024 -128 ) 
4 100 101 (7168 0 1792 ) (7168 0 -128 ) (7168 -1024 -128 ) (7168 -1024 1792 ) 
4 101 113 (6144 0 1792 ) (6144 0 -128 ) (6144 -1024 -128 ) (6144 -1024 1792 ) 
4 101 103 (7168 -1024 -128 ) (7168 -1024 1792 ) (6144 -1024 1792 ) (6144 -1024 -128 ) 
4 102 107 (8192 -2048 -128 ) (8192 -2048 1792 ) (7168 -2048 1792 ) (7168 -2048 -128 ) 
4 102 103 (7168 -1024 1792 ) (7168 -1024 -128 ) (7168 -2048 -128 ) (7168 -2048 1792 ) 
4 103 115 (6144 -2048 -128 ) (6144 -2048 1792 ) (6144 -1024 1792 ) (6144 -1024 -128 ) 
4 103 108 (7168 -2048 -128 ) (7168 -2048 1792 ) (6144 -2048 1792 ) (6144 -2048 -128 ) 
4 104 107 (8192 -2048 1792 ) (8192 -2048 -128 ) (8192 -3072 -128 ) (8192 -3072 1792 ) 
4 104 105 (8960 -3072 -128 ) (8960 -3072 1792 ) (8192 -3072 1792 ) (8192 -3072 -128 ) 
4 105 109 (8192 -4096 -128 ) (8192 -4096 1792 ) (8192 -3072 1792 ) (8192 -3072 -128 ) 
4 105 106 (8192 -4096 1792 ) (8192 -4096 -128 ) (8960 -4096 -128 ) (8960 -4096 1792 ) 
4 106 133 (8960 -5120 -128 ) (8960 -5120 1792 ) (8192 -5120 1792 ) (8192 -5120 -128 ) 
4 106 111 (8192 -5120 -128 ) (8192 -5120 1792 ) (8192 -4096 1792 ) (8192 -4096 -128 ) 
4 107 109 (8192 -3072 -128 ) (8192 -3072 1792 ) (7168 -3072 1792 ) (7168 -3072 -128 ) 
4 107 108 (7168 -2048 1792 ) (7168 -2048 -128 ) (7168 -3072 -128 ) (7168 -3072 1792 ) 
4 108 121 (6144 -3072 -128 ) (6144 -3072 1792 ) (6144 -2048 1792 ) (6144 -2048 -128 ) 
4 108 110 (7168 -3072 -128 ) (7168 -3072 1792 ) (6144 -3072 1792 ) (6144 -3072 -128 ) 
4 109 111 (8192 -4096 -128 ) (8192 -4096 1792 ) (7168 -4096 1792 ) (7168 -4096 -128 ) 
4 109 110 (7168 -4096 -128 ) (7168 -4096 1792 ) (7168 -3072 1792 ) (7168 -3072 -128 ) 
4 110 123 (6144 -4096 -128 ) (6144 -4096 1792 ) (6144 -3072 1792 ) (6144 -3072 -128 ) 
4 110 112 (6144 -4096 1792 ) (6144 -4096 -128 ) (7168 -4096 -128 ) (7168 -4096 1792 ) 
4 111 134 (8192 -5120 -128 ) (8192 -5120 1792 ) (7168 -5120 1792 ) (7168 -5120 -128 ) 
4 111 112 (7168 -4096 1792 ) (7168 -4096 -128 ) (7168 -5120 -128 ) (7168 -5120 1792 ) 
4 112 135 (7168 -5120 -128 ) (7168 -5120 1792 ) (6144 -5120 1792 ) (6144 -5120 -128 ) 
4 112 125 (6144 -5120 -128 ) (6144 -5120 1792 ) (6144 -4096 1792 ) (6144 -4096 -128 ) 
4 113 115 (6144 -1024 -128 ) (6144 -1024 1792 ) (5120 -1024 1792 ) (5120 -1024 -128 ) 
4 113 114 (5120 0 1792 ) (5120 0 -128 ) (5120 -1024 -128 ) (5120 -1024 1792 ) 
4 114 117 (4096 0 1792 ) (4096 0 -128 ) (4096 -1024 -128 ) (4096 -1024 1792 ) 
4 114 116 (5120 -1024 -128 ) (5120 -1024 1792 ) (4096 -1024 1792 ) (4096 -1024 -128 ) 
4 115 121 (6144 -2048 -128 ) (6144 -2048 1792 ) (5120 -2048 1792 ) (5120 -2048 -128 ) 
4 115 116 (5120 -1024 1792 ) (5120 -1024 -128 ) (5120 -2048 -128 ) (5120 -2048 1792 ) 
4 116 122 (5120 -2048 -128 ) (5120 -2048 1792 ) (4096 -2048 1792 ) (4096 -2048 -128 ) 
4 116 119 (4096 -2048 -128 ) (4096 -2048 1792 ) (4096 -1024 1792 ) (4096 -1024 -128 ) 
4 117 119 (4096 -1024 -128 ) (4096 -1024 1792 ) (3072 -1024 1792 ) (3072 -1024 -128 ) 
4 117 118 (3072 0 1792 ) (3072 0 -128 ) (3072 -1024 -128 ) (3072 -1024 1792 ) 
4 118 147 (2048 0 1792 ) (2048 0 -128 ) (2048 -1024 -128 ) (2048 -1024 1792 ) 
4 118 120 (3072 -1024 -128 ) (3072 -1024 1792 ) (2048 -1024 1792 ) (2048 -1024 -128 ) 
4 119 127 (4096 -2048 -128 ) (4096 -2048 1792 ) (3072 -2048 1792 ) (3072 -2048 -128 ) 
4 119 120 (3072 -1024 1792 ) (3072 -1024 -128 ) (3072 -2048 -128 ) (3072 -2048 1792 ) 
4 120 149 (2048 -2048 -128 ) (2048 -2048 1792 ) (2048 -1024 1792 ) (2048 -1024 -128 ) 
4 120 128 (3072 -2048 -128 ) (3072 -2048 1792 ) (2048 -2048 1792 ) (2048 -2048 -128 ) 
4 121 123 (6144 -3072 -128 ) (6144 -3072 1792 ) (5120 -3072 1792 ) (5120 -3072 -128 ) 
4 121 122 (5120 -2048 1792 ) (5120 -2048 -128 ) (5120 -3072 -128 ) (5120 -3072 1792 ) 
4 122 127 (4096 -2048 1792 ) (4096 -2048 -128 ) (4096 -3072 -128 ) (4096 -3072 1792 ) 
4 122 124 (5120 -3072 -128 ) (5120 -3072 1792 ) (4096 -3072 1792 ) (4096 -3072 -128 ) 
4 123 125 (6144 -4096 -128 ) (6144 -4096 1792 ) (5120 -4096 1792 ) (5120 -4096 -128 ) 
4 123 124 (5120 -4096 -128 ) (5120 -4096 1792 ) (5120 -3072 1792 ) (5120 -3072 -128 ) 
4 124 129 (4096 -4096 -128 ) (4096 -4096 1792 ) (4096 -3072 1792 ) (4096 -3072 -128 ) 
4 124 126 (4096 -4096 1792 ) (4096 -4096 -128 ) (5120 -4096 -128 ) (5120 -4096 1792 ) 
4 125 136 (6144 -5120 -128 ) (6144 -5120 1792 ) (5120 -5120 1792 ) (5120 -5120 -128 ) 
4 125 126 (5120 -4096 1792 ) (5120 -4096 -128 ) (5120 -5120 -128 ) (5120 -5120 1792 ) 
4 126 137 (5120 -5120 -128 ) (5120 -5120 1792 ) (4096 -5120 1792 ) (4096 -5120 -128 ) 
4 126 131 (4096 -5120 -128 ) (4096 -5120 1792 ) (4096 -4096 1792 ) (4096 -4096 -128 ) 
4 127 129 (4096 -3072 -128 ) (4096 -3072 1792 ) (3072 -3072 1792 ) (3072 -3072 -128 ) 
4 127 128 (3072 -2048 1792 ) (3072 -2048 -128 ) (3072 -3072 -128 ) (3072 -3072 1792 ) 
4 128 192 (2048 -3072 -128 ) (2048 -3072 1792 ) (2048 -2048 1792 ) (2048 -2048 -128 ) 
4 128 130 (3072 -3072 -128 ) (3072 -3072 1792 ) (2048 -3072 1792 ) (2048 -3072 -128 ) 
4 129 131 (4096 -4096 -128 ) (4096 -4096 1792 ) (3072 -4096 1792 ) (3072 -4096 -128 ) 
4 129 130 (3072 -4096 -128 ) (3072 -4096 1792 ) (3072 -3072 1792 ) (3072 -3072 -128 ) 
4 130 194 (2048 -4096 -128 ) (2048 -4096 1792 ) (2048 -3072 1792 ) (2048 -3072 -128 ) 
4 130 132 (2048 -4096 1792 ) (2048 -4096 -128 ) (3072 -4096 -128 ) (3072 -4096 1792 ) 
4 131 139 (3200 -5120 1792 ) (3072 -5120 1792 ) (3072 -5120 -128 ) (3200 -5120 -128 ) 
4 131 138 (4096 -5120 -128 ) (4096 -5120 1792 ) (3200 -5120 1792 ) (3200 -5120 -128 ) 
4 131 132 (3072 -4096 1792 ) (3072 -4096 -128 ) (3072 -5120 -128 ) (3072 -5120 1792 ) 
4 132 196 (2048 -5120 -128 ) (2048 -5120 1792 ) (2048 -4096 1792 ) (2048 -4096 -128 ) 
4 132 140 (3072 -5120 -128 ) (3072 -5120 1792 ) (2048 -5120 1792 ) (2048 -5120 -128 ) 
4 133 134 (8192 -5120 1792 ) (8192 -5120 -128 ) (8192 -5376 -128 ) (8192 -5376 1792 ) 
4 134 135 (7168 -5120 1792 ) (7168 -5120 -128 ) (7168 -5376 -128 ) (7168 -5376 1792 ) 
4 135 136 (6144 -5120 1792 ) (6144 -5120 -128 ) (6144 -5376 -128 ) (6144 -5376 1792 ) 
4 136 137 (5120 -5120 1792 ) (5120 -5120 -128 ) (5120 -5376 -128 ) (5120 -5376 1792 ) 
4 137 138 (4096 -5120 1792 ) (4096 -5120 -128 ) (4096 -5376 -128 ) (4096 -5376 1792 ) 
4 138 139 (3200 -5376 -128 ) (3200 -5376 1792 ) (3200 -5120 1792 ) (3200 -5120 -128 ) 
4 139 141 (3200 -6144 -128 ) (3200 -6144 1792 ) (3072 -6144 1792 ) (3072 -6144 -128 ) 
4 139 140 (3072 -5120 1792 ) (3072 -5120 -128 ) (3072 -6144 -128 ) (3072 -6144 1792 ) 
4 140 316 (2048 -6144 -128 ) (2048 -6144 1792 ) (2048 -5120 1792 ) (2048 -5120 -128 ) 
4 140 142 (3072 -6144 -128 ) (3072 -6144 1792 ) (2048 -6144 1792 ) (2048 -6144 -128 ) 
4 141 143 (3200 -7168 -128 ) (3200 -7168 1792 ) (3072 -7168 1792 ) (3072 -7168 -128 ) 
4 141 142 (3072 -6144 1792 ) (3072 -6144 -128 ) (3072 -7168 -128 ) (3072 -7168 1792 ) 
4 142 318 (2048 -7168 -128 ) (2048 -7168 1792 ) (2048 -6144 1792 ) (2048 -6144 -128 ) 
4 142 144 (3072 -7168 -128 ) (3072 -7168 1792 ) (2048 -7168 1792 ) (2048 -7168 -128 ) 
4 143 145 (3200 -8192 -128 ) (3200 -8192 1792 ) (3072 -8192 1792 ) (3072 -8192 -128 ) 
4 143 144 (3072 -7168 1792 ) (3072 -7168 -128 ) (3072 -8192 -128 ) (3072 -8192 1792 ) 
4 144 324 (2048 -8192 -128 ) (2048 -8192 1792 ) (2048 -7168 1792 ) (2048 -7168 -128 ) 
4 144 146 (3072 -8192 -128 ) (3072 -8192 1792 ) (2048 -8192 1792 ) (2048 -8192 -128 ) 
4 145 146 (3072 -8576 -128 ) (3072 -8576 1792 ) (3072 -8192 1792 ) (3072 -8192 -128 ) 
4 146 326 (2048 -8576 -128 ) (2048 -8576 1792 ) (2048 -8192 1792 ) (2048 -8192 -128 ) 
4 147 149 (2048 -1024 -128 ) (2048 -1024 1792 ) (1024 -1024 1792 ) (1024 -1024 -128 ) 
4 147 148 (1024 0 1792 ) (1024 0 -128 ) (1024 -1024 -128 ) (1024 -1024 1792 ) 
4 148 151 (0 0 1792 ) (0 0 -128 ) (0 -1024 -128 ) (0 -1024 1792 ) 
4 148 150 (1024 -1024 -128 ) (1024 -1024 1792 ) (0 -1024 1792 ) (0 -1024 -128 ) 
4 149 192 (2048 -2048 -128 ) (2048 -2048 1792 ) (1024 -2048 1792 ) (1024 -2048 -128 ) 
4 149 150 (1024 -1024 1792 ) (1024 -1024 -128 ) (1024 -2048 -128 ) (1024 -2048 1792 ) 
4 150 193 (1024 -2048 -128 ) (1024 -2048 1792 ) (0 -2048 1792 ) (0 -2048 -128 ) 
4 150 171 (0 -2048 -128 ) (0 -2048 -72 ) (0 -1024 -72 ) (0 -1024 -128 ) 
4 150 170 (0 -2048 -72 ) (0 -2048 16 ) (0 -1856 16 ) (0 -1856 -72 ) 
4 150 169 (0 -1856 16 ) (0 -1472 16 ) (0 -1472 -72 ) (0 -1856 -72 ) 
4 150 167 (0 -1472 16 ) (0 -1024 16 ) (0 -1024 -72 ) (0 -1472 -72 ) 
4 150 154 (0 -2048 16 ) (0 -2048 144 ) (0 -1024 144 ) (0 -1024 16 ) 
4 150 153 (0 -2048 144 ) (0 -2048 1792 ) (0 -1024 1792 ) (0 -1024 144 ) 
4 151 171 (0 -1024 -128 ) (0 -1024 -72 ) (-1024 -1024 -72 ) (-1024 -1024 -128 ) 
4 151 168 (-768 -1024 16 ) (-1024 -1024 16 ) (-1024 -1024 -72 ) (-768 -1024 -72 ) 
4 151 167 (0 -1024 -72 ) (0 -1024 16 ) (-768 -1024 16 ) (-768 -1024 -72 ) 
4 151 160 (-960 -1024 144 ) (-1024 -1024 144 ) (-1024 -1024 16 ) (-960 -1024 16 ) 
4 151 159 (-776 -1024 144 ) (-960 -1024 144 ) (-960 -1024 16 ) (-776 -1024 16 ) 
4 151 155 (-768 -1024 144 ) (-776 -1024 144 ) (-776 -1024 16 ) (-768 -1024 16 ) 
4 151 154 (0 -1024 16 ) (0 -1024 144 ) (-768 -1024 144 ) (-768 -1024 16 ) 
4 151 153 (0 -1024 144 ) (0 -1024 1792 ) (-1024 -1024 1792 ) (-1024 -1024 144 ) 
4 151 152 (-1024 0 1792 ) (-1024 0 -128 ) (-1024 -1024 -128 ) (-1024 -1024 1792 ) 
4 152 301 (-2048 0 1792 ) (-2048 0 -128 ) (-2048 -1024 -128 ) (-2048 -1024 1792 ) 
4 152 186 (-1024 -1024 -128 ) (-1024 -1024 16 ) (-2048 -1024 16 ) (-2048 -1024 -128 ) 
4 152 182 (-1528 -1024 144 ) (-1536 -1024 144 ) (-1536 -1024 16 ) (-1528 -1024 16 ) 
4 152 185 (-1536 -1024 144 ) (-2048 -1024 144 ) (-2048 -1024 16 ) (-1536 -1024 16 ) 
4 152 175 (-1088 -1024 144 ) (-1528 -1024 144 ) (-1528 -1024 16 ) (-1088 -1024 16 ) 
4 152 173 (-1024 -1024 16 ) (-1024 -1024 144 ) (-1088 -1024 144 ) (-1088 -1024 16 ) 
4 152 172 (-1024 -1024 144 ) (-1024 -1024 1792 ) (-2048 -1024 1792 ) (-2048 -1024 144 ) 
4 153 198 (0 -2048 144 ) (0 -2048 1792 ) (-1024 -2048 1792 ) (-1024 -2048 144 ) 
4 153 172 (-1024 -1024 1792 ) (-1024 -1024 144 ) (-1024 -2048 144 ) (-1024 -2048 1792 ) 
4 153 165 (-776 -2048 144 ) (-960 -2048 144 ) (-960 -1864 144 ) (-776 -1864 144 ) 
4 153 166 (-968 -2048 144 ) (-1024 -2048 144 ) (-1024 -1864 144 ) (-968 -1864 144 ) 
4 153 164 (-960 -1856 144 ) (-776 -1856 144 ) (-776 -1864 144 ) (-960 -1864 144 ) 
4 153 163 (-1024 -1856 144 ) (-1024 -1472 144 ) (-776 -1472 144 ) (-776 -1856 144 ) 
4 153 162 (-1024 -1464 144 ) (-1024 -1096 144 ) (-776 -1096 144 ) (-776 -1464 144 ) 
4 153 160 (-1024 -1088 144 ) (-1024 -1024 144 ) (-960 -1024 144 ) (-960 -1088 144 ) 
4 153 159 (-960 -1024 144 ) (-776 -1024 144 ) (-776 -1088 144 ) (-960 -1088 144 ) 
4 153 158 (-768 -2048 144 ) (-776 -2048 144 ) (-776 -1472 144 ) (-768 -1472 144 ) 
4 153 155 (-776 -1088 144 ) (-776 -1024 144 ) (-768 -1024 144 ) (-768 -1088 144 ) 
4 153 154 (0 -2048 144 ) (-768 -2048 144 ) (-768 -1024 144 ) (0 -1024 144 ) 
4 154 199 (0 -2048 16 ) (0 -2048 144 ) (-768 -2048 144 ) (-768 -2048 16 ) 
4 154 170 (0 -1856 16 ) (0 -2048 16 ) (-768 -2048 16 ) (-768 -1856 16 ) 
4 154 169 (0 -1472 16 ) (0 -1856 16 ) (-768 -1856 16 ) (-768 -1472 16 ) 
4 154 167 (-768 -1024 16 ) (0 -1024 16 ) (0 -1472 16 ) (-768 -1472 16 ) 
4 154 158 (-768 -1472 16 ) (-768 -2048 16 ) (-768 -2048 144 ) (-768 -1472 144 ) 
4 154 157 (-768 -1248 16 ) (-768 -1312 16 ) (-768 -1312 128 ) (-768 -1248 128 ) 
4 154 156 (-768 -1176 64 ) (-768 -1176 136 ) (-768 -1128 136 ) (-768 -1128 64 ) 
4 154 155 (-768 -1024 16 ) (-768 -1088 16 ) (-768 -1088 144 ) (-768 -1024 144 ) 
4 155 168 (-776 -1024 16 ) (-768 -1024 16 ) (-768 -1088 16 ) (-776 -1088 16 ) 
4 155 159 (-776 -1024 16 ) (-776 -1088 16 ) (-776 -1088 144 ) (-776 -1024 144 ) 
4 156 162 (-776 -1176 64 ) (-776 -1176 136 ) (-776 -1128 136 ) (-776 -1128 64 ) 
4 157 162 (-776 -1248 16 ) (-776 -1312 16 ) (-776 -1312 128 ) (-776 -1248 128 ) 
4 158 199 (-768 -2048 144 ) (-776 -2048 144 ) (-776 -2048 16 ) (-768 -2048 16 ) 
4 158 170 (-768 -1856 16 ) (-768 -2048 16 ) (-776 -2048 16 ) (-776 -1856 16 ) 
4 158 169 (-768 -1472 16 ) (-768 -1856 16 ) (-776 -1856 16 ) (-776 -1472 16 ) 
4 158 165 (-776 -1864 16 ) (-776 -2048 16 ) (-776 -2048 144 ) (-776 -1864 144 ) 
4 158 164 (-776 -1856 16 ) (-776 -1864 16 ) (-776 -1864 144 ) (-776 -1856 144 ) 
4 158 163 (-776 -1472 16 ) (-776 -1856 16 ) (-776 -1856 144 ) (-776 -1472 144 ) 
4 159 168 (-960 -1024 16 ) (-776 -1024 16 ) (-776 -1088 16 ) (-960 -1088 16 ) 
4 159 160 (-960 -1024 16 ) (-960 -1088 16 ) (-960 -1088 144 ) (-960 -1024 144 ) 
4 160 173 (-1024 -1024 144 ) (-1024 -1024 16 ) (-1024 -1088 16 ) (-1024 -1088 144 ) 
4 160 168 (-1024 -1024 16 ) (-960 -1024 16 ) (-960 -1088 16 ) (-1024 -1088 16 ) 
4 160 161 (-960 -1088 96 ) (-960 -1088 136 ) (-1024 -1088 136 ) (-1024 -1088 96 ) 
4 161 174 (-1024 -1096 96 ) (-1024 -1096 136 ) (-1024 -1088 136 ) (-1024 -1088 96 ) 
4 161 162 (-960 -1096 96 ) (-960 -1096 136 ) (-1024 -1096 136 ) (-1024 -1096 96 ) 
4 162 176 (-1024 -1096 16 ) (-1024 -1464 16 ) (-1024 -1464 144 ) (-1024 -1096 144 ) 
4 163 178 (-1024 -1472 16 ) (-1024 -1856 16 ) (-1024 -1856 144 ) (-1024 -1472 144 ) 
4 163 169 (-776 -1472 16 ) (-776 -1856 16 ) (-1024 -1856 16 ) (-1024 -1472 16 ) 
4 163 164 (-960 -1856 16 ) (-776 -1856 16 ) (-776 -1856 144 ) (-960 -1856 144 ) 
4 164 170 (-776 -1856 16 ) (-776 -1864 16 ) (-960 -1864 16 ) (-960 -1856 16 ) 
4 164 165 (-960 -1864 16 ) (-776 -1864 16 ) (-776 -1864 144 ) (-960 -1864 144 ) 
4 165 203 (-840 -2048 144 ) (-960 -2048 144 ) (-960 -2048 16 ) (-840 -2048 16 ) 
4 165 200 (-832 -2048 144 ) (-840 -2048 144 ) (-840 -2048 16 ) (-832 -2048 16 ) 
4 165 199 (-776 -2048 144 ) (-832 -2048 144 ) (-832 -2048 16 ) (-776 -2048 16 ) 
4 165 170 (-776 -1864 16 ) (-776 -2048 16 ) (-960 -2048 16 ) (-960 -1864 16 ) 
4 166 205 (-968 -2048 144 ) (-1024 -2048 144 ) (-1024 -2048 16 ) (-968 -2048 16 ) 
4 166 180 (-1024 -1864 16 ) (-1024 -2048 16 ) (-1024 -2048 144 ) (-1024 -1864 144 ) 
4 167 171 (-768 -1024 -72 ) (0 -1024 -72 ) (0 -1472 -72 ) (-768 -1472 -72 ) 
4 167 169 (-768 -1472 -72 ) (0 -1472 -72 ) (0 -1472 16 ) (-768 -1472 16 ) 
4 167 168 (-768 -1024 -72 ) (-768 -1088 -72 ) (-768 -1088 16 ) (-768 -1024 16 ) 
4 168 186 (-1024 -1024 16 ) (-1024 -1024 -72 ) (-1024 -1088 -72 ) (-1024 -1088 16 ) 
4 168 171 (-1024 -1088 -72 ) (-1024 -1024 -72 ) (-768 -1024 -72 ) (-768 -1088 -72 ) 
4 169 189 (-1024 -1472 -72 ) (-1024 -1856 -72 ) (-1024 -1856 16 ) (-1024 -1472 16 ) 
4 169 171 (-1024 -1856 -72 ) (-1024 -1472 -72 ) (0 -1472 -72 ) (0 -1856 -72 ) 
4 169 170 (-960 -1856 -72 ) (0 -1856 -72 ) (0 -1856 16 ) (-960 -1856 16 ) 
4 170 214 (0 -2048 -72 ) (0 -2048 16 ) (-960 -2048 16 ) (-960 -2048 -72 ) 
4 170 171 (0 -2048 -72 ) (-960 -2048 -72 ) (-960 -1856 -72 ) (0 -1856 -72 ) 
4 171 217 (0 -2048 -128 ) (0 -2048 -72 ) (-1024 -2048 -72 ) (-1024 -2048 -128 ) 
4 171 191 (-1024 -1856 -128 ) (-1024 -2048 -128 ) (-1024 -2048 -72 ) (-1024 -1856 -72 ) 
4 171 189 (-1024 -1472 -128 ) (-1024 -1856 -128 ) (-1024 -1856 -72 ) (-1024 -1472 -72 ) 
4 171 188 (-1024 -1088 -128 ) (-1024 -1472 -128 ) (-1024 -1472 -72 ) (-1024 -1088 -72 ) 
4 171 186 (-1024 -1024 -72 ) (-1024 -1024 -128 ) (-1024 -1088 -128 ) (-1024 -1088 -72 ) 
4 172 303 (-2048 -2048 144 ) (-2048 -2048 1792 ) (-2048 -1024 1792 ) (-2048 -1024 144 ) 
4 172 218 (-1024 -2048 144 ) (-1024 -2048 1792 ) (-2048 -2048 1792 ) (-2048 -2048 144 ) 
4 172 184 (-1528 -2048 144 ) (-1536 -2048 144 ) (-1536 -1472 144 ) (-1528 -1472 144 ) 
4 172 182 (-1536 -1088 144 ) (-1536 -1024 144 ) (-1528 -1024 144 ) (-1528 -1088 144 ) 
4 172 185 (-1536 -2048 144 ) (-2048 -2048 144 ) (-2048 -1024 144 ) (-1536 -1024 144 ) 
4 172 181 (-1344 -2048 144 ) (-1528 -2048 144 ) (-1528 -1864 144 ) (-1344 -1864 144 ) 
4 172 180 (-1024 -2048 144 ) (-1336 -2048 144 ) (-1336 -1864 144 ) (-1024 -1864 144 ) 
4 172 179 (-1528 -1864 144 ) (-1528 -1856 144 ) (-1344 -1856 144 ) (-1344 -1864 144 ) 
4 172 178 (-1528 -1856 144 ) (-1528 -1472 144 ) (-1024 -1472 144 ) (-1024 -1856 144 ) 
4 172 175 (-1528 -1088 144 ) (-1528 -1024 144 ) (-1088 -1024 144 ) (-1088 -1088 144 ) 
4 172 173 (-1088 -1024 144 ) (-1024 -1024 144 ) (-1024 -1088 144 ) (-1088 -1088 144 ) 
4 172 176 (-1528 -1464 144 ) (-1528 -1096 144 ) (-1024 -1096 144 ) (-1024 -1464 144 ) 
4 173 186 (-1024 -1024 16 ) (-1024 -1088 16 ) (-1088 -1088 16 ) (-1088 -1024 16 ) 
4 173 175 (-1088 -1024 16 ) (-1088 -1088 16 ) (-1088 -1088 144 ) (-1088 -1024 144 ) 
4 173 174 (-1088 -1088 136 ) (-1088 -1088 96 ) (-1024 -1088 96 ) (-1024 -1088 136 ) 
4 174 176 (-1024 -1096 96 ) (-1024 -1096 136 ) (-1088 -1096 136 ) (-1088 -1096 96 ) 
4 175 186 (-1528 -1088 16 ) (-1528 -1024 16 ) (-1088 -1024 16 ) (-1088 -1088 16 ) 
4 175 182 (-1528 -1024 16 ) (-1528 -1088 16 ) (-1528 -1088 144 ) (-1528 -1024 144 ) 
4 176 183 (-1528 -1408 96 ) (-1528 -1408 136 ) (-1528 -1280 136 ) (-1528 -1280 96 ) 
4 176 177 (-1124 -1464 64 ) (-1124 -1464 136 ) (-1172 -1464 136 ) (-1172 -1464 64 ) 
4 177 178 (-1124 -1472 64 ) (-1124 -1472 136 ) (-1172 -1472 136 ) (-1172 -1472 64 ) 
4 178 189 (-1024 -1472 16 ) (-1024 -1856 16 ) (-1528 -1856 16 ) (-1528 -1472 16 ) 
4 178 184 (-1528 -1472 16 ) (-1528 -1856 16 ) (-1528 -1856 144 ) (-1528 -1472 144 ) 
4 178 179 (-1528 -1856 144 ) (-1528 -1856 16 ) (-1344 -1856 16 ) (-1344 -1856 144 ) 
4 179 190 (-1344 -1864 16 ) (-1528 -1864 16 ) (-1528 -1856 16 ) (-1344 -1856 16 ) 
4 179 184 (-1528 -1856 16 ) (-1528 -1864 16 ) (-1528 -1864 144 ) (-1528 -1856 144 ) 
4 179 181 (-1528 -1864 144 ) (-1528 -1864 16 ) (-1344 -1864 16 ) (-1344 -1864 144 ) 
4 180 219 (-1024 -2048 16 ) (-1024 -2048 144 ) (-1336 -2048 144 ) (-1336 -2048 16 ) 
4 181 221 (-1344 -2048 144 ) (-1528 -2048 144 ) (-1528 -2048 16 ) (-1344 -2048 16 ) 
4 181 190 (-1344 -2048 16 ) (-1528 -2048 16 ) (-1528 -1864 16 ) (-1344 -1864 16 ) 
4 181 184 (-1528 -1864 16 ) (-1528 -2048 16 ) (-1528 -2048 144 ) (-1528 -1864 144 ) 
4 182 186 (-1536 -1088 16 ) (-1536 -1024 16 ) (-1528 -1024 16 ) (-1528 -1088 16 ) 
4 182 185 (-1536 -1024 16 ) (-1536 -1088 16 ) (-1536 -1088 144 ) (-1536 -1024 144 ) 
4 183 185 (-1536 -1408 96 ) (-1536 -1408 136 ) (-1536 -1280 136 ) (-1536 -1280 96 ) 
4 184 221 (-1528 -2048 144 ) (-1536 -2048 144 ) (-1536 -2048 16 ) (-1528 -2048 16 ) 
4 184 190 (-1528 -2048 16 ) (-1536 -2048 16 ) (-1536 -1856 16 ) (-1528 -1856 16 ) 
4 184 189 (-1536 -1856 16 ) (-1536 -1472 16 ) (-1528 -1472 16 ) (-1528 -1856 16 ) 
4 184 185 (-1536 -1472 16 ) (-1536 -2048 16 ) (-1536 -2048 144 ) (-1536 -1472 144 ) 
4 185 303 (-2048 -2048 16 ) (-2048 -2048 144 ) (-2048 -1024 144 ) (-2048 -1024 16 ) 
4 185 221 (-1536 -2048 144 ) (-2048 -2048 144 ) (-2048 -2048 16 ) (-1536 -2048 16 ) 
4 185 190 (-1536 -2048 16 ) (-2048 -2048 16 ) (-2048 -1856 16 ) (-1536 -1856 16 ) 
4 185 189 (-2048 -1856 16 ) (-2048 -1472 16 ) (-1536 -1472 16 ) (-1536 -1856 16 ) 
4 185 187 (-2048 -1472 16 ) (-2048 -1088 16 ) (-1536 -1088 16 ) (-1536 -1472 16 ) 
4 185 186 (-2048 -1088 16 ) (-2048 -1024 16 ) (-1536 -1024 16 ) (-1536 -1088 16 ) 
4 186 303 (-2048 -1088 -128 ) (-2048 -1088 16 ) (-2048 -1024 16 ) (-2048 -1024 -128 ) 
4 186 188 (-1024 -1088 -128 ) (-1024 -1088 -72 ) (-2048 -1088 -72 ) (-2048 -1088 -128 ) 
4 186 187 (-1536 -1088 16 ) (-2048 -1088 16 ) (-2048 -1088 -72 ) (-1536 -1088 -72 ) 
4 187 303 (-2048 -1472 -72 ) (-2048 -1472 16 ) (-2048 -1088 16 ) (-2048 -1088 -72 ) 
4 187 189 (-1536 -1472 16 ) (-2048 -1472 16 ) (-2048 -1472 -72 ) (-1536 -1472 -72 ) 
4 187 188 (-1536 -1472 -72 ) (-2048 -1472 -72 ) (-2048 -1088 -72 ) (-1536 -1088 -72 ) 
4 188 303 (-2048 -1472 -128 ) (-2048 -1472 -72 ) (-2048 -1088 -72 ) (-2048 -1088 -128 ) 
4 188 189 (-2048 -1472 -72 ) (-2048 -1472 -128 ) (-1024 -1472 -128 ) (-1024 -1472 -72 ) 
4 189 303 (-2048 -1856 -128 ) (-2048 -1856 16 ) (-2048 -1472 16 ) (-2048 -1472 -128 ) 
4 189 191 (-1024 -1856 -128 ) (-1024 -1856 -72 ) (-2048 -1856 -72 ) (-2048 -1856 -128 ) 
4 189 190 (-1344 -1856 16 ) (-2048 -1856 16 ) (-2048 -1856 -72 ) (-1344 -1856 -72 ) 
4 190 303 (-2048 -2048 -72 ) (-2048 -2048 16 ) (-2048 -1856 16 ) (-2048 -1856 -72 ) 
4 190 236 (-1344 -2048 16 ) (-2048 -2048 16 ) (-2048 -2048 -72 ) (-1344 -2048 -72 ) 
4 190 191 (-1344 -2048 -72 ) (-2048 -2048 -72 ) (-2048 -1856 -72 ) (-1344 -1856 -72 ) 
4 191 303 (-2048 -2048 -128 ) (-2048 -2048 -72 ) (-2048 -1856 -72 ) (-2048 -1856 -128 ) 
4 191 236 (-1344 -2048 -72 ) (-2048 -2048 -72 ) (-2048 -2048 -128 ) (-1344 -2048 -128 ) 
4 191 235 (-1024 -2048 -128 ) (-1024 -2048 -72 ) (-1344 -2048 -72 ) (-1344 -2048 -128 ) 
4 192 194 (2048 -3072 -128 ) (2048 -3072 1792 ) (1024 -3072 1792 ) (1024 -3072 -128 ) 
4 192 193 (1024 -2048 1792 ) (1024 -2048 -128 ) (1024 -3072 -128 ) (1024 -3072 1792 ) 
4 193 217 (0 -2048 -72 ) (0 -2048 -128 ) (0 -3072 -128 ) (0 -3072 -72 ) 
4 193 216 (0 -2880 -72 ) (0 -3072 -72 ) (0 -3072 16 ) (0 -2880 16 ) 
4 193 215 (0 -2496 -72 ) (0 -2880 -72 ) (0 -2880 16 ) (0 -2496 16 ) 
4 193 214 (0 -2048 16 ) (0 -2048 -72 ) (0 -2496 -72 ) (0 -2496 16 ) 
4 193 199 (0 -2048 144 ) (0 -2048 16 ) (0 -3072 16 ) (0 -3072 144 ) 
4 193 198 (0 -2048 1792 ) (0 -2048 144 ) (0 -3072 144 ) (0 -3072 1792 ) 
4 193 195 (1024 -3072 -128 ) (1024 -3072 1792 ) (0 -3072 1792 ) (0 -3072 -128 ) 
4 194 196 (2048 -4096 -128 ) (2048 -4096 1792 ) (1024 -4096 1792 ) (1024 -4096 -128 ) 
4 194 195 (1024 -4096 -128 ) (1024 -4096 1792 ) (1024 -3072 1792 ) (1024 -3072 -128 ) 
4 195 248 (0 -4096 -128 ) (0 -4096 16 ) (0 -3072 16 ) (0 -3072 -128 ) 
4 195 238 (0 -4096 16 ) (0 -4096 144 ) (0 -3072 144 ) (0 -3072 16 ) 
4 195 237 (0 -4096 144 ) (0 -4096 1792 ) (0 -3072 1792 ) (0 -3072 144 ) 
4 195 197 (0 -4096 1792 ) (0 -4096 -128 ) (1024 -4096 -128 ) (1024 -4096 1792 ) 
4 196 316 (2048 -5120 -128 ) (2048 -5120 1792 ) (1024 -5120 1792 ) (1024 -5120 -128 ) 
4 196 197 (1024 -4096 1792 ) (1024 -4096 -128 ) (1024 -5120 -128 ) (1024 -5120 1792 ) 
4 197 317 (1024 -5120 -128 ) (1024 -5120 1792 ) (0 -5120 1792 ) (0 -5120 -128 ) 
4 197 287 (0 -5120 -128 ) (0 -5120 -72 ) (0 -4096 -72 ) (0 -4096 -128 ) 
4 197 284 (0 -5120 -72 ) (0 -5120 16 ) (0 -4096 16 ) (0 -4096 -72 ) 
4 197 276 (0 -5120 16 ) (0 -5120 144 ) (0 -4096 144 ) (0 -4096 16 ) 
4 197 275 (0 -5120 144 ) (0 -5120 1792 ) (0 -4096 1792 ) (0 -4096 144 ) 
4 198 237 (0 -3072 144 ) (0 -3072 1792 ) (-1024 -3072 1792 ) (-1024 -3072 144 ) 
4 198 218 (-1024 -2048 1792 ) (-1024 -2048 144 ) (-1024 -3072 144 ) (-1024 -3072 1792 ) 
4 198 209 (-1024 -3072 144 ) (-1024 -2888 144 ) (-840 -2888 144 ) (-840 -3072 144 ) 
4 198 208 (-1024 -2880 144 ) (-1024 -2496 144 ) (-840 -2496 144 ) (-840 -2880 144 ) 
4 198 206 (-960 -2488 144 ) (-840 -2488 144 ) (-840 -2496 144 ) (-960 -2496 144 ) 
4 198 203 (-960 -2048 144 ) (-840 -2048 144 ) (-840 -2488 144 ) (-960 -2488 144 ) 
4 198 205 (-1024 -2488 144 ) (-1024 -2048 144 ) (-968 -2048 144 ) (-968 -2488 144 ) 
4 198 200 (-840 -2048 144 ) (-832 -2048 144 ) (-832 -2880 144 ) (-840 -2880 144 ) 
4 198 199 (-832 -2048 144 ) (0 -2048 144 ) (0 -3072 144 ) (-832 -3072 144 ) 
4 199 238 (0 -3072 16 ) (0 -3072 144 ) (-832 -3072 144 ) (-832 -3072 16 ) 
4 199 216 (0 -3072 16 ) (-832 -3072 16 ) (-832 -2880 16 ) (0 -2880 16 ) 
4 199 215 (-832 -2880 16 ) (-832 -2496 16 ) (0 -2496 16 ) (0 -2880 16 ) 
4 199 214 (-832 -2496 16 ) (-832 -2048 16 ) (0 -2048 16 ) (0 -2496 16 ) 
4 199 202 (-832 -3040 16 ) (-832 -3072 16 ) (-832 -3072 128 ) (-832 -3040 128 ) 
4 199 201 (-832 -2968 64 ) (-832 -2968 136 ) (-832 -2920 136 ) (-832 -2920 64 ) 
4 199 200 (-832 -2048 16 ) (-832 -2880 16 ) (-832 -2880 144 ) (-832 -2048 144 ) 
4 200 215 (-840 -2880 16 ) (-840 -2496 16 ) (-832 -2496 16 ) (-832 -2880 16 ) 
4 200 214 (-840 -2496 16 ) (-840 -2048 16 ) (-832 -2048 16 ) (-832 -2496 16 ) 
4 200 208 (-840 -2496 16 ) (-840 -2880 16 ) (-840 -2880 144 ) (-840 -2496 144 ) 
4 200 206 (-840 -2488 16 ) (-840 -2496 16 ) (-840 -2496 144 ) (-840 -2488 144 ) 
4 200 203 (-840 -2048 16 ) (-840 -2488 16 ) (-840 -2488 144 ) (-840 -2048 144 ) 
4 201 210 (-840 -2968 64 ) (-840 -2968 96 ) (-840 -2920 96 ) (-840 -2920 64 ) 
4 201 209 (-840 -2968 96 ) (-840 -2968 136 ) (-840 -2920 136 ) (-840 -2920 96 ) 
4 202 239 (-840 -3072 128 ) (-840 -3072 16 ) (-832 -3072 16 ) (-832 -3072 128 ) 
4 202 210 (-840 -3040 16 ) (-840 -3072 16 ) (-840 -3072 96 ) (-840 -3040 96 ) 
4 202 209 (-840 -3072 96 ) (-840 -3072 128 ) (-840 -3040 128 ) (-840 -3040 96 ) 
4 203 214 (-960 -2048 16 ) (-840 -2048 16 ) (-840 -2488 16 ) (-960 -2488 16 ) 
4 203 206 (-960 -2488 16 ) (-840 -2488 16 ) (-840 -2488 144 ) (-960 -2488 144 ) 
4 203 204 (-960 -2304 96 ) (-960 -2304 136 ) (-960 -2176 136 ) (-960 -2176 96 ) 
4 204 205 (-968 -2304 96 ) (-968 -2304 136 ) (-968 -2176 136 ) (-968 -2176 96 ) 
4 205 219 (-1024 -2048 144 ) (-1024 -2048 16 ) (-1024 -2488 16 ) (-1024 -2488 144 ) 
4 205 207 (-1000 -2488 64 ) (-1000 -2488 136 ) (-1024 -2488 136 ) (-1024 -2488 64 ) 
4 206 214 (-960 -2488 16 ) (-840 -2488 16 ) (-840 -2496 16 ) (-960 -2496 16 ) 
4 206 208 (-960 -2496 16 ) (-840 -2496 16 ) (-840 -2496 144 ) (-960 -2496 144 ) 
4 207 222 (-1024 -2496 64 ) (-1024 -2496 136 ) (-1024 -2488 136 ) (-1024 -2488 64 ) 
4 207 208 (-1000 -2496 64 ) (-1000 -2496 136 ) (-1024 -2496 136 ) (-1024 -2496 64 ) 
4 208 225 (-1024 -2496 16 ) (-1024 -2880 16 ) (-1024 -2880 144 ) (-1024 -2496 144 ) 
4 208 215 (-1024 -2880 16 ) (-1024 -2496 16 ) (-840 -2496 16 ) (-840 -2880 16 ) 
4 209 244 (-840 -3072 144 ) (-1024 -3072 144 ) (-1024 -3072 96 ) (-840 -3072 96 ) 
4 209 227 (-1024 -3072 96 ) (-1024 -3072 144 ) (-1024 -2888 144 ) (-1024 -2888 96 ) 
4 209 211 (-1024 -2888 96 ) (-966 -2888 96 ) (-966 -2890 96 ) (-1024 -2890 96 ) 
4 209 213 (-966 -2892 96 ) (-966 -3072 96 ) (-1024 -3072 96 ) (-1024 -2892 96 ) 
4 209 210 (-966 -2888 96 ) (-840 -2888 96 ) (-840 -3072 96 ) (-966 -3072 96 ) 
4 210 244 (-966 -3072 16 ) (-840 -3072 16 ) (-840 -3072 96 ) (-966 -3072 96 ) 
4 210 212 (-966 -2890 48 ) (-966 -2890 16 ) (-966 -2892 16 ) (-966 -2892 48 ) 
4 210 211 (-966 -2890 96 ) (-966 -2888 96 ) (-966 -2888 16 ) (-966 -2890 16 ) 
4 210 213 (-966 -3072 96 ) (-966 -2892 96 ) (-966 -2892 16 ) (-966 -3072 16 ) 
4 211 228 (-1024 -2888 16 ) (-1024 -2890 16 ) (-1024 -2890 96 ) (-1024 -2888 96 ) 
4 211 212 (-1024 -2890 16 ) (-966 -2890 16 ) (-966 -2890 48 ) (-1024 -2890 48 ) 
4 212 229 (-1024 -2890 16 ) (-1024 -2892 16 ) (-1024 -2892 48 ) (-1024 -2890 48 ) 
4 212 213 (-1024 -2892 16 ) (-966 -2892 16 ) (-966 -2892 48 ) (-1024 -2892 48 ) 
4 213 244 (-1024 -3072 96 ) (-1024 -3072 16 ) (-966 -3072 16 ) (-966 -3072 96 ) 
4 213 230 (-1024 -2892 16 ) (-1024 -3072 16 ) (-1024 -3072 96 ) (-1024 -2892 96 ) 
4 214 217 (-960 -2048 -72 ) (0 -2048 -72 ) (0 -2496 -72 ) (-960 -2496 -72 ) 
4 214 215 (-960 -2496 -72 ) (0 -2496 -72 ) (0 -2496 16 ) (-960 -2496 16 ) 
4 215 234 (-1024 -2496 -72 ) (-1024 -2880 -72 ) (-1024 -2880 16 ) (-1024 -2496 16 ) 
4 215 217 (-1024 -2880 -72 ) (-1024 -2496 -72 ) (0 -2496 -72 ) (0 -2880 -72 ) 
4 215 216 (-832 -2880 -72 ) (0 -2880 -72 ) (0 -2880 16 ) (-832 -2880 16 ) 
4 216 248 (0 -3072 -72 ) (0 -3072 16 ) (-832 -3072 16 ) (-832 -3072 -72 ) 
4 216 217 (-832 -2880 -72 ) (0 -2880 -72 ) (0 -3072 -72 ) (-832 -3072 -72 ) 
4 217 251 (-832 -3072 -72 ) (-1024 -3072 -72 ) (-1024 -3072 -128 ) (-832 -3072 -128 ) 
4 217 248 (0 -3072 -128 ) (0 -3072 -72 ) (-832 -3072 -72 ) (-832 -3072 -128 ) 
4 217 235 (-1024 -2048 -72 ) (-1024 -2048 -128 ) (-1024 -3072 -128 ) (-1024 -3072 -72 ) 
4 218 307 (-2048 -3072 144 ) (-2048 -3072 1792 ) (-2048 -2048 1792 ) (-2048 -2048 144 ) 
4 218 252 (-1024 -3072 144 ) (-1024 -3072 1792 ) (-2048 -3072 1792 ) (-2048 -3072 144 ) 
4 218 233 (-1344 -3072 144 ) (-2048 -3072 144 ) (-2048 -2880 144 ) (-1344 -2880 144 ) 
4 218 232 (-1152 -3072 144 ) (-1336 -3072 144 ) (-1336 -2888 144 ) (-1152 -2888 144 ) 
4 218 227 (-1024 -3072 144 ) (-1030 -3072 144 ) (-1030 -2888 144 ) (-1024 -2888 144 ) 
4 218 231 (-1030 -3072 144 ) (-1152 -3072 144 ) (-1152 -2888 144 ) (-1030 -2888 144 ) 
4 218 225 (-2048 -2880 144 ) (-2048 -2496 144 ) (-1024 -2496 144 ) (-1024 -2880 144 ) 
4 218 224 (-2048 -2496 144 ) (-2048 -2488 144 ) (-1344 -2488 144 ) (-1344 -2496 144 ) 
4 218 221 (-2048 -2488 144 ) (-2048 -2048 144 ) (-1344 -2048 144 ) (-1344 -2488 144 ) 
4 218 219 (-1336 -2048 144 ) (-1024 -2048 144 ) (-1024 -2488 144 ) (-1336 -2488 144 ) 
4 219 223 (-1184 -2488 16 ) (-1120 -2488 16 ) (-1120 -2488 128 ) (-1184 -2488 128 ) 
4 219 222 (-1024 -2488 64 ) (-1024 -2488 136 ) (-1048 -2488 136 ) (-1048 -2488 64 ) 
4 219 220 (-1336 -2140 64 ) (-1336 -2140 136 ) (-1336 -2092 136 ) (-1336 -2092 64 ) 
4 220 221 (-1344 -2140 64 ) (-1344 -2140 136 ) (-1344 -2092 136 ) (-1344 -2092 64 ) 
4 221 307 (-2048 -2488 144 ) (-2048 -2048 144 ) (-2048 -2048 16 ) (-2048 -2488 16 ) 
4 221 236 (-1344 -2488 16 ) (-2048 -2488 16 ) (-2048 -2048 16 ) (-1344 -2048 16 ) 
4 221 224 (-2048 -2488 16 ) (-1344 -2488 16 ) (-1344 -2488 144 ) (-2048 -2488 144 ) 
4 222 225 (-1024 -2496 64 ) (-1024 -2496 136 ) (-1048 -2496 136 ) (-1048 -2496 64 ) 
4 223 225 (-1184 -2496 16 ) (-1120 -2496 16 ) (-1120 -2496 128 ) (-1184 -2496 128 ) 
4 224 307 (-2048 -2496 144 ) (-2048 -2488 144 ) (-2048 -2488 16 ) (-2048 -2496 16 ) 
4 224 236 (-1344 -2496 16 ) (-2048 -2496 16 ) (-2048 -2488 16 ) (-1344 -2488 16 ) 
4 224 225 (-2048 -2496 16 ) (-1344 -2496 16 ) (-1344 -2496 144 ) (-2048 -2496 144 ) 
4 225 307 (-2048 -2880 144 ) (-2048 -2496 144 ) (-2048 -2496 16 ) (-2048 -2880 16 ) 
4 225 236 (-1344 -2880 16 ) (-2048 -2880 16 ) (-2048 -2496 16 ) (-1344 -2496 16 ) 
4 225 234 (-1024 -2496 16 ) (-1024 -2880 16 ) (-1344 -2880 16 ) (-1344 -2496 16 ) 
4 225 233 (-2048 -2880 16 ) (-1344 -2880 16 ) (-1344 -2880 144 ) (-2048 -2880 144 ) 
4 225 226 (-1024 -2880 96 ) (-1024 -2880 136 ) (-1152 -2880 136 ) (-1152 -2880 96 ) 
4 226 227 (-1030 -2888 96 ) (-1024 -2888 96 ) (-1024 -2888 136 ) (-1030 -2888 136 ) 
4 226 231 (-1152 -2888 136 ) (-1152 -2888 96 ) (-1030 -2888 96 ) (-1030 -2888 136 ) 
4 227 253 (-1024 -3072 96 ) (-1024 -3072 144 ) (-1030 -3072 144 ) (-1030 -3072 96 ) 
4 227 228 (-1030 -2890 96 ) (-1030 -2888 96 ) (-1024 -2888 96 ) (-1024 -2890 96 ) 
4 227 230 (-1030 -3072 96 ) (-1030 -2892 96 ) (-1024 -2892 96 ) (-1024 -3072 96 ) 
4 227 231 (-1030 -2888 144 ) (-1030 -2888 96 ) (-1030 -3072 96 ) (-1030 -3072 144 ) 
4 228 229 (-1030 -2890 48 ) (-1030 -2890 16 ) (-1024 -2890 16 ) (-1024 -2890 48 ) 
4 228 231 (-1030 -2888 96 ) (-1030 -2888 16 ) (-1030 -2890 16 ) (-1030 -2890 96 ) 
4 229 231 (-1030 -2890 16 ) (-1030 -2892 16 ) (-1030 -2892 48 ) (-1030 -2890 48 ) 
4 229 230 (-1030 -2892 48 ) (-1030 -2892 16 ) (-1024 -2892 16 ) (-1024 -2892 48 ) 
4 230 253 (-1024 -3072 16 ) (-1024 -3072 96 ) (-1030 -3072 96 ) (-1030 -3072 16 ) 
4 230 231 (-1030 -2892 16 ) (-1030 -3072 16 ) (-1030 -3072 96 ) (-1030 -2892 96 ) 
4 231 253 (-1030 -3072 144 ) (-1152 -3072 144 ) (-1152 -3072 16 ) (-1030 -3072 16 ) 
4 231 232 (-1152 -2888 16 ) (-1152 -3072 16 ) (-1152 -3072 144 ) (-1152 -2888 144 ) 
4 232 264 (-1236 -3072 144 ) (-1336 -3072 144 ) (-1336 -3072 16 ) (-1236 -3072 16 ) 
4 232 258 (-1188 -3072 144 ) (-1236 -3072 144 ) (-1236 -3072 16 ) (-1188 -3072 16 ) 
4 232 253 (-1152 -3072 144 ) (-1188 -3072 144 ) (-1188 -3072 16 ) (-1152 -3072 16 ) 
4 233 307 (-2048 -3072 16 ) (-2048 -3072 144 ) (-2048 -2880 144 ) (-2048 -2880 16 ) 
4 233 270 (-1344 -3072 144 ) (-2048 -3072 144 ) (-2048 -3072 16 ) (-1344 -3072 16 ) 
4 233 236 (-1344 -3072 16 ) (-2048 -3072 16 ) (-2048 -2880 16 ) (-1344 -2880 16 ) 
4 234 236 (-1344 -2880 16 ) (-1344 -2496 16 ) (-1344 -2496 -72 ) (-1344 -2880 -72 ) 
4 234 235 (-1344 -2880 -72 ) (-1344 -2496 -72 ) (-1024 -2496 -72 ) (-1024 -2880 -72 ) 
4 235 273 (-1024 -3072 -128 ) (-1024 -3072 -72 ) (-1344 -3072 -72 ) (-1344 -3072 -128 ) 
4 235 236 (-1344 -2048 -72 ) (-1344 -2048 -128 ) (-1344 -3072 -128 ) (-1344 -3072 -72 ) 
4 236 307 (-2048 -3072 -128 ) (-2048 -3072 16 ) (-2048 -2048 16 ) (-2048 -2048 -128 ) 
4 236 274 (-1344 -3072 -128 ) (-1344 -3072 16 ) (-2048 -3072 16 ) (-2048 -3072 -128 ) 
4 237 275 (0 -4096 144 ) (0 -4096 1792 ) (-1024 -4096 1792 ) (-1024 -4096 144 ) 
4 237 252 (-1024 -4096 144 ) (-1024 -4096 1792 ) (-1024 -3072 1792 ) (-1024 -3072 144 ) 
4 237 247 (-840 -4096 144 ) (-1024 -4096 144 ) (-1024 -4032 144 ) (-840 -4032 144 ) 
4 237 246 (-1024 -4024 144 ) (-1024 -3656 144 ) (-840 -3656 144 ) (-840 -4024 144 ) 
4 237 245 (-1024 -3648 144 ) (-1024 -3264 144 ) (-840 -3264 144 ) (-840 -3648 144 ) 
4 237 244 (-1024 -3256 144 ) (-1024 -3072 144 ) (-840 -3072 144 ) (-840 -3256 144 ) 
4 237 243 (-832 -4096 144 ) (-840 -4096 144 ) (-840 -4032 144 ) (-832 -4032 144 ) 
4 237 240 (-840 -3648 144 ) (-840 -3264 144 ) (-832 -3264 144 ) (-832 -3648 144 ) 
4 237 238 (0 -4096 144 ) (-832 -4096 144 ) (-832 -3072 144 ) (0 -3072 144 ) 
4 238 276 (0 -4096 16 ) (0 -4096 144 ) (-832 -4096 144 ) (-832 -4096 16 ) 
4 238 248 (-832 -3072 16 ) (0 -3072 16 ) (0 -4096 16 ) (-832 -4096 16 ) 
4 238 243 (-832 -4032 16 ) (-832 -4096 16 ) (-832 -4096 144 ) (-832 -4032 144 ) 
4 238 242 (-832 -3808 16 ) (-832 -3872 16 ) (-832 -3872 128 ) (-832 -3808 128 ) 
4 238 241 (-832 -3736 64 ) (-832 -3736 136 ) (-832 -3688 136 ) (-832 -3688 64 ) 
4 238 240 (-832 -3264 16 ) (-832 -3648 16 ) (-832 -3648 144 ) (-832 -3264 144 ) 
4 238 239 (-832 -3072 16 ) (-832 -3104 16 ) (-832 -3104 128 ) (-832 -3072 128 ) 
4 239 244 (-840 -3072 16 ) (-840 -3104 16 ) (-840 -3104 128 ) (-840 -3072 128 ) 
4 240 249 (-832 -3264 16 ) (-832 -3648 16 ) (-840 -3648 16 ) (-840 -3264 16 ) 
4 240 245 (-840 -3264 16 ) (-840 -3648 16 ) (-840 -3648 144 ) (-840 -3264 144 ) 
4 241 246 (-840 -3736 64 ) (-840 -3736 136 ) (-840 -3688 136 ) (-840 -3688 64 ) 
4 242 246 (-840 -3808 16 ) (-840 -3872 16 ) (-840 -3872 128 ) (-840 -3808 128 ) 
4 243 277 (-832 -4096 144 ) (-840 -4096 144 ) (-840 -4096 16 ) (-832 -4096 16 ) 
4 243 250 (-832 -4032 16 ) (-832 -4096 16 ) (-840 -4096 16 ) (-840 -4032 16 ) 
4 243 247 (-840 -4032 16 ) (-840 -4096 16 ) (-840 -4096 144 ) (-840 -4032 144 ) 
4 244 253 (-1024 -3256 144 ) (-1024 -3072 144 ) (-1024 -3072 16 ) (-1024 -3256 16 ) 
4 245 254 (-1024 -3648 144 ) (-1024 -3264 144 ) (-1024 -3264 16 ) (-1024 -3648 16 ) 
4 245 249 (-1024 -3648 16 ) (-1024 -3264 16 ) (-840 -3264 16 ) (-840 -3648 16 ) 
4 246 256 (-1024 -4024 144 ) (-1024 -3656 144 ) (-1024 -3656 16 ) (-1024 -4024 16 ) 
4 247 281 (-840 -4096 144 ) (-1024 -4096 144 ) (-1024 -4096 16 ) (-840 -4096 16 ) 
4 247 257 (-1024 -4096 16 ) (-1024 -4096 144 ) (-1024 -4032 144 ) (-1024 -4032 16 ) 
4 247 250 (-1024 -4096 16 ) (-1024 -4032 16 ) (-840 -4032 16 ) (-840 -4096 16 ) 
4 248 287 (0 -4096 -128 ) (0 -4096 -72 ) (-832 -4096 -72 ) (-832 -4096 -128 ) 
4 248 284 (0 -4096 -72 ) (0 -4096 16 ) (-832 -4096 16 ) (-832 -4096 -72 ) 
4 248 251 (-832 -4096 -128 ) (-832 -4096 -72 ) (-832 -3072 -72 ) (-832 -3072 -128 ) 
4 248 250 (-832 -4096 -72 ) (-832 -4096 16 ) (-832 -4032 16 ) (-832 -4032 -72 ) 
4 248 249 (-832 -3648 16 ) (-832 -3264 16 ) (-832 -3264 -72 ) (-832 -3648 -72 ) 
4 249 271 (-1024 -3648 16 ) (-1024 -3264 16 ) (-1024 -3264 -72 ) (-1024 -3648 -72 ) 
4 249 251 (-1024 -3648 -72 ) (-1024 -3264 -72 ) (-832 -3264 -72 ) (-832 -3648 -72 ) 
4 250 285 (-832 -4096 -72 ) (-832 -4096 16 ) (-1024 -4096 16 ) (-1024 -4096 -72 ) 
4 250 272 (-1024 -4096 -72 ) (-1024 -4096 16 ) (-1024 -4032 16 ) (-1024 -4032 -72 ) 
4 250 251 (-1024 -4096 -72 ) (-1024 -4032 -72 ) (-832 -4032 -72 ) (-832 -4096 -72 ) 
4 251 287 (-832 -4096 -128 ) (-832 -4096 -72 ) (-1024 -4096 -72 ) (-1024 -4096 -128 ) 
4 251 273 (-1024 -4096 -128 ) (-1024 -4096 -72 ) (-1024 -3072 -72 ) (-1024 -3072 -128 ) 
4 252 309 (-2048 -4096 144 ) (-2048 -4096 1792 ) (-2048 -3072 1792 ) (-2048 -3072 144 ) 
4 252 288 (-2048 -4096 1792 ) (-2048 -4096 144 ) (-1024 -4096 144 ) (-1024 -4096 1792 ) 
4 252 269 (-1336 -4096 144 ) (-1344 -4096 144 ) (-1344 -4032 144 ) (-1336 -4032 144 ) 
4 252 268 (-1344 -3648 144 ) (-1344 -3264 144 ) (-1336 -3264 144 ) (-1336 -3648 144 ) 
4 252 270 (-1344 -4096 144 ) (-2048 -4096 144 ) (-2048 -3072 144 ) (-1344 -3072 144 ) 
4 252 267 (-1236 -4096 144 ) (-1336 -4096 144 ) (-1336 -4032 144 ) (-1236 -4032 144 ) 
4 252 266 (-1336 -4024 144 ) (-1336 -3656 144 ) (-1236 -3656 144 ) (-1236 -4024 144 ) 
4 252 265 (-1336 -3648 144 ) (-1336 -3264 144 ) (-1236 -3264 144 ) (-1236 -3648 144 ) 
4 252 264 (-1336 -3256 144 ) (-1336 -3072 144 ) (-1236 -3072 144 ) (-1236 -3256 144 ) 
4 252 263 (-1188 -4096 144 ) (-1236 -4096 144 ) (-1236 -4032 144 ) (-1188 -4032 144 ) 
4 252 260 (-1236 -3648 144 ) (-1236 -3264 144 ) (-1188 -3264 144 ) (-1188 -3648 144 ) 
4 252 261 (-1236 -4024 144 ) (-1236 -3656 144 ) (-1188 -3656 144 ) (-1188 -4024 144 ) 
4 252 258 (-1236 -3256 144 ) (-1236 -3072 144 ) (-1188 -3072 144 ) (-1188 -3256 144 ) 
4 252 257 (-1024 -4096 144 ) (-1188 -4096 144 ) (-1188 -4032 144 ) (-1024 -4032 144 ) 
4 252 256 (-1188 -4024 144 ) (-1188 -3656 144 ) (-1024 -3656 144 ) (-1024 -4024 144 ) 
4 252 254 (-1188 -3648 144 ) (-1188 -3264 144 ) (-1024 -3264 144 ) (-1024 -3648 144 ) 
4 252 253 (-1188 -3256 144 ) (-1188 -3072 144 ) (-1024 -3072 144 ) (-1024 -3256 144 ) 
4 253 258 (-1188 -3072 16 ) (-1188 -3256 16 ) (-1188 -3256 144 ) (-1188 -3072 144 ) 
4 254 271 (-1024 -3264 16 ) (-1024 -3648 16 ) (-1188 -3648 16 ) (-1188 -3264 16 ) 
4 254 260 (-1188 -3264 16 ) (-1188 -3648 16 ) (-1188 -3648 144 ) (-1188 -3264 144 ) 
4 254 255 (-1024 -3648 96 ) (-1024 -3648 136 ) (-1152 -3648 136 ) (-1152 -3648 96 ) 
4 255 256 (-1024 -3656 96 ) (-1024 -3656 136 ) (-1152 -3656 136 ) (-1152 -3656 96 ) 
4 256 261 (-1188 -3656 16 ) (-1188 -4024 16 ) (-1188 -4024 144 ) (-1188 -3656 144 ) 
4 257 289 (-1188 -4096 16 ) (-1024 -4096 16 ) (-1024 -4096 144 ) (-1188 -4096 144 ) 
4 257 272 (-1024 -4032 16 ) (-1024 -4096 16 ) (-1188 -4096 16 ) (-1188 -4032 16 ) 
4 257 263 (-1188 -4032 16 ) (-1188 -4096 16 ) (-1188 -4096 144 ) (-1188 -4032 144 ) 
4 258 264 (-1236 -3072 16 ) (-1236 -3256 16 ) (-1236 -3256 144 ) (-1236 -3072 144 ) 
4 258 259 (-1236 -3256 136 ) (-1236 -3256 64 ) (-1188 -3256 64 ) (-1188 -3256 136 ) 
4 259 260 (-1236 -3264 136 ) (-1236 -3264 64 ) (-1188 -3264 64 ) (-1188 -3264 136 ) 
4 260 271 (-1188 -3264 16 ) (-1188 -3648 16 ) (-1236 -3648 16 ) (-1236 -3264 16 ) 
4 260 265 (-1236 -3264 16 ) (-1236 -3648 16 ) (-1236 -3648 144 ) (-1236 -3264 144 ) 
4 261 266 (-1236 -3656 16 ) (-1236 -4024 16 ) (-1236 -4024 144 ) (-1236 -3656 144 ) 
4 261 262 (-1236 -4024 136 ) (-1236 -4024 64 ) (-1188 -4024 64 ) (-1188 -4024 136 ) 
4 262 263 (-1236 -4032 136 ) (-1236 -4032 64 ) (-1188 -4032 64 ) (-1188 -4032 136 ) 
4 263 289 (-1236 -4096 16 ) (-1188 -4096 16 ) (-1188 -4096 144 ) (-1236 -4096 144 ) 
4 263 272 (-1188 -4032 16 ) (-1188 -4096 16 ) (-1236 -4096 16 ) (-1236 -4032 16 ) 
4 263 267 (-1236 -4032 16 ) (-1236 -4096 16 ) (-1236 -4096 144 ) (-1236 -4032 144 ) 
4 265 271 (-1236 -3264 16 ) (-1236 -3648 16 ) (-1336 -3648 16 ) (-1336 -3264 16 ) 
4 265 268 (-1336 -3264 16 ) (-1336 -3648 16 ) (-1336 -3648 144 ) (-1336 -3264 144 ) 
4 267 289 (-1336 -4096 16 ) (-1236 -4096 16 ) (-1236 -4096 144 ) (-1336 -4096 144 ) 
4 267 272 (-1236 -4032 16 ) (-1236 -4096 16 ) (-1336 -4096 16 ) (-1336 -4032 16 ) 
4 267 269 (-1336 -4032 16 ) (-1336 -4096 16 ) (-1336 -4096 144 ) (-1336 -4032 144 ) 
4 268 271 (-1336 -3264 16 ) (-1336 -3648 16 ) (-1344 -3648 16 ) (-1344 -3264 16 ) 
4 268 270 (-1344 -3264 16 ) (-1344 -3648 16 ) (-1344 -3648 144 ) (-1344 -3264 144 ) 
4 269 289 (-1344 -4096 16 ) (-1336 -4096 16 ) (-1336 -4096 144 ) (-1344 -4096 144 ) 
4 269 272 (-1336 -4032 16 ) (-1336 -4096 16 ) (-1344 -4096 16 ) (-1344 -4032 16 ) 
4 269 270 (-1344 -4032 16 ) (-1344 -4096 16 ) (-1344 -4096 144 ) (-1344 -4032 144 ) 
4 270 309 (-2048 -4096 16 ) (-2048 -4096 144 ) (-2048 -3072 144 ) (-2048 -3072 16 ) 
4 270 289 (-2048 -4096 144 ) (-2048 -4096 16 ) (-1344 -4096 16 ) (-1344 -4096 144 ) 
4 270 274 (-2048 -3072 16 ) (-1344 -3072 16 ) (-1344 -4096 16 ) (-2048 -4096 16 ) 
4 271 274 (-1344 -3648 16 ) (-1344 -3264 16 ) (-1344 -3264 -72 ) (-1344 -3648 -72 ) 
4 271 273 (-1344 -3648 -72 ) (-1344 -3264 -72 ) (-1024 -3264 -72 ) (-1024 -3648 -72 ) 
4 272 297 (-1024 -4096 -72 ) (-1024 -4096 16 ) (-1344 -4096 16 ) (-1344 -4096 -72 ) 
4 272 274 (-1344 -4096 -72 ) (-1344 -4096 16 ) (-1344 -4032 16 ) (-1344 -4032 -72 ) 
4 272 273 (-1344 -4096 -72 ) (-1344 -4032 -72 ) (-1024 -4032 -72 ) (-1024 -4096 -72 ) 
4 273 300 (-1024 -4096 -128 ) (-1024 -4096 -72 ) (-1344 -4096 -72 ) (-1344 -4096 -128 ) 
4 273 274 (-1344 -4096 -128 ) (-1344 -4096 -72 ) (-1344 -3072 -72 ) (-1344 -3072 -128 ) 
4 274 309 (-2048 -4096 -128 ) (-2048 -4096 16 ) (-2048 -3072 16 ) (-2048 -3072 -128 ) 
4 274 300 (-2048 -4096 -72 ) (-2048 -4096 -128 ) (-1344 -4096 -128 ) (-1344 -4096 -72 ) 
4 274 299 (-2048 -4096 16 ) (-2048 -4096 -72 ) (-1344 -4096 -72 ) (-1344 -4096 16 ) 
4 275 320 (0 -5120 144 ) (0 -5120 1792 ) (-1024 -5120 1792 ) (-1024 -5120 144 ) 
4 275 288 (-1024 -4096 1792 ) (-1024 -4096 144 ) (-1024 -5120 144 ) (-1024 -5120 1792 ) 
4 275 283 (-840 -5120 144 ) (-1024 -5120 144 ) (-1024 -4800 144 ) (-840 -4800 144 ) 
4 275 282 (-1024 -4792 144 ) (-1024 -4424 144 ) (-840 -4424 144 ) (-840 -4792 144 ) 
4 275 281 (-1024 -4416 144 ) (-1024 -4096 144 ) (-840 -4096 144 ) (-840 -4416 144 ) 
4 275 280 (-832 -5120 144 ) (-840 -5120 144 ) (-840 -4800 144 ) (-832 -4800 144 ) 
4 275 277 (-840 -4416 144 ) (-840 -4096 144 ) (-832 -4096 144 ) (-832 -4416 144 ) 
4 275 276 (0 -5120 144 ) (-832 -5120 144 ) (-832 -4096 144 ) (0 -4096 144 ) 
4 276 320 (0 -5120 16 ) (0 -5120 144 ) (-832 -5120 144 ) (-832 -5120 16 ) 
4 276 284 (-832 -4096 16 ) (0 -4096 16 ) (0 -5120 16 ) (-832 -5120 16 ) 
4 276 280 (-832 -4800 16 ) (-832 -5120 16 ) (-832 -5120 144 ) (-832 -4800 144 ) 
4 276 279 (-832 -4576 16 ) (-832 -4640 16 ) (-832 -4640 128 ) (-832 -4576 128 ) 
4 276 278 (-832 -4504 64 ) (-832 -4504 136 ) (-832 -4456 136 ) (-832 -4456 64 ) 
4 276 277 (-832 -4096 16 ) (-832 -4416 16 ) (-832 -4416 144 ) (-832 -4096 144 ) 
4 277 285 (-840 -4096 16 ) (-832 -4096 16 ) (-832 -4416 16 ) (-840 -4416 16 ) 
4 277 281 (-840 -4096 16 ) (-840 -4416 16 ) (-840 -4416 144 ) (-840 -4096 144 ) 
4 278 282 (-840 -4504 64 ) (-840 -4504 136 ) (-840 -4456 136 ) (-840 -4456 64 ) 
4 279 282 (-840 -4576 16 ) (-840 -4640 16 ) (-840 -4640 128 ) (-840 -4576 128 ) 
4 280 320 (-832 -5120 144 ) (-840 -5120 144 ) (-840 -5120 16 ) (-832 -5120 16 ) 
4 280 286 (-832 -4800 16 ) (-832 -5120 16 ) (-840 -5120 16 ) (-840 -4800 16 ) 
4 280 283 (-840 -4800 16 ) (-840 -5120 16 ) (-840 -5120 144 ) (-840 -4800 144 ) 
4 281 289 (-1024 -4096 144 ) (-1024 -4096 16 ) (-1024 -4416 16 ) (-1024 -4416 144 ) 
4 281 285 (-1024 -4416 16 ) (-1024 -4096 16 ) (-840 -4096 16 ) (-840 -4416 16 ) 
4 282 291 (-1024 -4424 16 ) (-1024 -4792 16 ) (-1024 -4792 144 ) (-1024 -4424 144 ) 
4 283 320 (-840 -5120 144 ) (-1024 -5120 144 ) (-1024 -5120 16 ) (-840 -5120 16 ) 
4 283 296 (-1024 -4800 16 ) (-1024 -5120 16 ) (-1024 -5120 144 ) (-1024 -4800 144 ) 
4 283 286 (-1024 -5120 16 ) (-1024 -4800 16 ) (-840 -4800 16 ) (-840 -5120 16 ) 
4 284 320 (0 -5120 -72 ) (0 -5120 16 ) (-832 -5120 16 ) (-832 -5120 -72 ) 
4 284 287 (0 -5120 -72 ) (-832 -5120 -72 ) (-832 -4096 -72 ) (0 -4096 -72 ) 
4 284 285 (-832 -4096 -72 ) (-832 -4416 -72 ) (-832 -4416 16 ) (-832 -4096 16 ) 
4 284 286 (-832 -4800 -72 ) (-832 -5120 -72 ) (-832 -5120 16 ) (-832 -4800 16 ) 
4 285 297 (-1024 -4096 16 ) (-1024 -4096 -72 ) (-1024 -4416 -72 ) (-1024 -4416 16 ) 
4 285 287 (-1024 -4416 -72 ) (-1024 -4096 -72 ) (-832 -4096 -72 ) (-832 -4416 -72 ) 
4 286 320 (-832 -5120 16 ) (-1024 -5120 16 ) (-1024 -5120 -72 ) (-832 -5120 -72 ) 
4 286 298 (-1024 -4800 -72 ) (-1024 -5120 -72 ) (-1024 -5120 16 ) (-1024 -4800 16 ) 
4 286 287 (-832 -5120 -72 ) (-1024 -5120 -72 ) (-1024 -4800 -72 ) (-832 -4800 -72 ) 
4 287 320 (0 -5120 -128 ) (0 -5120 -72 ) (-1024 -5120 -72 ) (-1024 -5120 -128 ) 
4 287 300 (-1024 -4096 -72 ) (-1024 -4096 -128 ) (-1024 -5120 -128 ) (-1024 -5120 -72 ) 
4 288 321 (-1024 -5120 144 ) (-1024 -5120 1792 ) (-2048 -5120 1792 ) (-2048 -5120 144 ) 
4 288 311 (-2048 -5120 144 ) (-2048 -5120 1792 ) (-2048 -4096 1792 ) (-2048 -4096 144 ) 
4 288 295 (-2048 -4800 144 ) (-2048 -4792 144 ) (-1344 -4792 144 ) (-1344 -4800 144 ) 
4 288 293 (-2048 -4792 144 ) (-2048 -4416 144 ) (-1344 -4416 144 ) (-1344 -4792 144 ) 
4 288 292 (-1152 -4424 144 ) (-1152 -4792 144 ) (-1336 -4792 144 ) (-1336 -4424 144 ) 
4 288 291 (-1024 -4424 144 ) (-1024 -4792 144 ) (-1152 -4792 144 ) (-1152 -4424 144 ) 
4 288 289 (-2048 -4416 144 ) (-2048 -4096 144 ) (-1024 -4096 144 ) (-1024 -4416 144 ) 
4 288 296 (-1024 -5120 144 ) (-2048 -5120 144 ) (-2048 -4800 144 ) (-1024 -4800 144 ) 
4 289 311 (-2048 -4416 144 ) (-2048 -4096 144 ) (-2048 -4096 16 ) (-2048 -4416 16 ) 
4 289 297 (-1344 -4096 16 ) (-1024 -4096 16 ) (-1024 -4416 16 ) (-1344 -4416 16 ) 
4 289 299 (-2048 -4416 16 ) (-2048 -4096 16 ) (-1344 -4096 16 ) (-1344 -4416 16 ) 
4 289 293 (-2048 -4416 16 ) (-1344 -4416 16 ) (-1344 -4416 144 ) (-2048 -4416 144 ) 
4 289 290 (-1024 -4416 96 ) (-1024 -4416 136 ) (-1152 -4416 136 ) (-1152 -4416 96 ) 
4 290 291 (-1152 -4424 136 ) (-1152 -4424 96 ) (-1024 -4424 96 ) (-1024 -4424 136 ) 
4 291 292 (-1152 -4424 16 ) (-1152 -4792 16 ) (-1152 -4792 144 ) (-1152 -4424 144 ) 
4 292 294 (-1188 -4792 64 ) (-1188 -4792 136 ) (-1236 -4792 136 ) (-1236 -4792 64 ) 
4 293 311 (-2048 -4792 144 ) (-2048 -4416 144 ) (-2048 -4416 16 ) (-2048 -4792 16 ) 
4 293 299 (-2048 -4792 16 ) (-2048 -4416 16 ) (-1344 -4416 16 ) (-1344 -4792 16 ) 
4 293 295 (-2048 -4792 16 ) (-1344 -4792 16 ) (-1344 -4792 144 ) (-2048 -4792 144 ) 
4 294 296 (-1188 -4800 64 ) (-1188 -4800 136 ) (-1236 -4800 136 ) (-1236 -4800 64 ) 
4 295 311 (-2048 -4800 144 ) (-2048 -4792 144 ) (-2048 -4792 16 ) (-2048 -4800 16 ) 
4 295 299 (-2048 -4800 16 ) (-2048 -4792 16 ) (-1344 -4792 16 ) (-1344 -4800 16 ) 
4 295 296 (-2048 -4800 16 ) (-1344 -4800 16 ) (-1344 -4800 144 ) (-2048 -4800 144 ) 
4 296 321 (-1024 -5120 16 ) (-1024 -5120 144 ) (-2048 -5120 144 ) (-2048 -5120 16 ) 
4 296 311 (-2048 -5120 16 ) (-2048 -5120 144 ) (-2048 -4800 144 ) (-2048 -4800 16 ) 
4 296 298 (-1344 -4800 16 ) (-1024 -4800 16 ) (-1024 -5120 16 ) (-1344 -5120 16 ) 
4 296 299 (-2048 -5120 16 ) (-2048 -4800 16 ) (-1344 -4800 16 ) (-1344 -5120 16 ) 
4 297 300 (-1344 -4416 -72 ) (-1344 -4096 -72 ) (-1024 -4096 -72 ) (-1024 -4416 -72 ) 
4 297 299 (-1344 -4096 -72 ) (-1344 -4416 -72 ) (-1344 -4416 16 ) (-1344 -4096 16 ) 
4 298 321 (-1024 -5120 -72 ) (-1024 -5120 16 ) (-1344 -5120 16 ) (-1344 -5120 -72 ) 
4 298 300 (-1024 -5120 -72 ) (-1344 -5120 -72 ) (-1344 -4800 -72 ) (-1024 -4800 -72 ) 
4 298 299 (-1344 -4800 -72 ) (-1344 -5120 -72 ) (-1344 -5120 16 ) (-1344 -4800 16 ) 
4 299 321 (-1344 -5120 16 ) (-2048 -5120 16 ) (-2048 -5120 -72 ) (-1344 -5120 -72 ) 
4 299 311 (-2048 -5120 -72 ) (-2048 -5120 16 ) (-2048 -4096 16 ) (-2048 -4096 -72 ) 
4 299 300 (-1344 -5120 -72 ) (-2048 -5120 -72 ) (-2048 -4096 -72 ) (-1344 -4096 -72 ) 
4 300 321 (-1024 -5120 -128 ) (-1024 -5120 -72 ) (-2048 -5120 -72 ) (-2048 -5120 -128 ) 
4 300 311 (-2048 -5120 -128 ) (-2048 -5120 -72 ) (-2048 -4096 -72 ) (-2048 -4096 -128 ) 
4 301 303 (-2048 -1024 -128 ) (-2048 -1024 1792 ) (-3072 -1024 1792 ) (-3072 -1024 -128 ) 
4 301 302 (-3072 0 1792 ) (-3072 0 -128 ) (-3072 -1024 -128 ) (-3072 -1024 1792 ) 
4 302 305 (-4096 0 1792 ) (-4096 0 -128 ) (-4096 -1024 -128 ) (-4096 -1024 1792 ) 
4 302 304 (-3072 -1024 -128 ) (-3072 -1024 1792 ) (-4096 -1024 1792 ) (-4096 -1024 -128 ) 
4 303 307 (-2048 -2048 -128 ) (-2048 -2048 1792 ) (-3072 -2048 1792 ) (-3072 -2048 -128 ) 
4 303 304 (-3072 -1024 1792 ) (-3072 -1024 -128 ) (-3072 -2048 -128 ) (-3072 -2048 1792 ) 
4 304 308 (-3072 -2048 -128 ) (-3072 -2048 1792 ) (-4096 -2048 1792 ) (-4096 -2048 -128 ) 
4 304 306 (-4096 -2048 -128 ) (-4096 -2048 1792 ) (-4096 -1024 1792 ) (-4096 -1024 -128 ) 
4 305 306 (-4096 -1024 -128 ) (-4096 -1024 1792 ) (-4736 -1024 1792 ) (-4736 -1024 -128 ) 
4 306 313 (-4096 -2048 -128 ) (-4096 -2048 1792 ) (-4736 -2048 1792 ) (-4736 -2048 -128 ) 
4 307 309 (-2048 -3072 -128 ) (-2048 -3072 1792 ) (-3072 -3072 1792 ) (-3072 -3072 -128 ) 
4 307 308 (-3072 -2048 1792 ) (-3072 -2048 -128 ) (-3072 -3072 -128 ) (-3072 -3072 1792 ) 
4 308 313 (-4096 -2048 1792 ) (-4096 -2048 -128 ) (-4096 -3072 -128 ) (-4096 -3072 1792 ) 
4 308 310 (-3072 -3072 -128 ) (-3072 -3072 1792 ) (-4096 -3072 1792 ) (-4096 -3072 -128 ) 
4 309 311 (-2048 -4096 -128 ) (-2048 -4096 1792 ) (-3072 -4096 1792 ) (-3072 -4096 -128 ) 
4 309 310 (-3072 -4096 -128 ) (-3072 -4096 1792 ) (-3072 -3072 1792 ) (-3072 -3072 -128 ) 
4 310 314 (-4096 -4096 -128 ) (-4096 -4096 1792 ) (-4096 -3072 1792 ) (-4096 -3072 -128 ) 
4 310 312 (-4096 -4096 1792 ) (-4096 -4096 -128 ) (-3072 -4096 -128 ) (-3072 -4096 1792 ) 
4 311 332 (-2048 -5120 -128 ) (-2048 -5120 1792 ) (-3072 -5120 1792 ) (-3072 -5120 -128 ) 
4 311 312 (-3072 -4096 1792 ) (-3072 -4096 -128 ) (-3072 -5120 -128 ) (-3072 -5120 1792 ) 
4 312 333 (-3072 -5120 -128 ) (-3072 -5120 1792 ) (-4096 -5120 1792 ) (-4096 -5120 -128 ) 
4 312 315 (-4096 -5120 -128 ) (-4096 -5120 1792 ) (-4096 -4096 1792 ) (-4096 -4096 -128 ) 
4 313 314 (-4096 -3072 -128 ) (-4096 -3072 1792 ) (-4736 -3072 1792 ) (-4736 -3072 -128 ) 
4 314 315 (-4096 -4096 -128 ) (-4096 -4096 1792 ) (-4736 -4096 1792 ) (-4736 -4096 -128 ) 
4 315 336 (-4096 -5120 -128 ) (-4096 -5120 1792 ) (-4736 -5120 1792 ) (-4736 -5120 -128 ) 
4 316 318 (2048 -6144 -128 ) (2048 -6144 1792 ) (1024 -6144 1792 ) (1024 -6144 -128 ) 
4 316 317 (1024 -5120 1792 ) (1024 -5120 -128 ) (1024 -6144 -128 ) (1024 -6144 1792 ) 
4 317 320 (0 -5120 1792 ) (0 -5120 -128 ) (0 -6144 -128 ) (0 -6144 1792 ) 
4 317 319 (1024 -6144 -128 ) (1024 -6144 1792 ) (0 -6144 1792 ) (0 -6144 -128 ) 
4 318 324 (2048 -7168 -128 ) (2048 -7168 1792 ) (1024 -7168 1792 ) (1024 -7168 -128 ) 
4 318 319 (1024 -6144 1792 ) (1024 -6144 -128 ) (1024 -7168 -128 ) (1024 -7168 1792 ) 
4 319 325 (1024 -7168 -128 ) (1024 -7168 1792 ) (0 -7168 1792 ) (0 -7168 -128 ) 
4 319 322 (0 -7168 -128 ) (0 -7168 1792 ) (0 -6144 1792 ) (0 -6144 -128 ) 
4 320 322 (0 -6144 -128 ) (0 -6144 1792 ) (-1024 -6144 1792 ) (-1024 -6144 -128 ) 
4 320 321 (-1024 -5120 1792 ) (-1024 -5120 -128 ) (-1024 -6144 -128 ) (-1024 -6144 1792 ) 
4 321 332 (-2048 -5120 1792 ) (-2048 -5120 -128 ) (-2048 -6144 -128 ) (-2048 -6144 1792 ) 
4 321 323 (-1024 -6144 -128 ) (-1024 -6144 1792 ) (-2048 -6144 1792 ) (-2048 -6144 -128 ) 
4 322 328 (0 -7168 -128 ) (0 -7168 1792 ) (-1024 -7168 1792 ) (-1024 -7168 -128 ) 
4 322 323 (-1024 -6144 1792 ) (-1024 -6144 -128 ) (-1024 -7168 -128 ) (-1024 -7168 1792 ) 
4 323 334 (-2048 -7168 -128 ) (-2048 -7168 1792 ) (-2048 -6144 1792 ) (-2048 -6144 -128 ) 
4 323 329 (-1024 -7168 -128 ) (-1024 -7168 1792 ) (-2048 -7168 1792 ) (-2048 -7168 -128 ) 
4 324 326 (2048 -8192 -128 ) (2048 -8192 1792 ) (1024 -8192 1792 ) (1024 -8192 -128 ) 
4 324 325 (1024 -7168 1792 ) (1024 -7168 -128 ) (1024 -8192 -128 ) (1024 -8192 1792 ) 
4 325 328 (0 -7168 1792 ) (0 -7168 -128 ) (0 -8192 -128 ) (0 -8192 1792 ) 
4 325 327 (1024 -8192 -128 ) (1024 -8192 1792 ) (0 -8192 1792 ) (0 -8192 -128 ) 
4 326 327 (1024 -8576 -128 ) (1024 -8576 1792 ) (1024 -8192 1792 ) (1024 -8192 -128 ) 
4 327 330 (0 -8576 -128 ) (0 -8576 1792 ) (0 -8192 1792 ) (0 -8192 -128 ) 
4 328 330 (0 -8192 -128 ) (0 -8192 1792 ) (-1024 -8192 1792 ) (-1024 -8192 -128 ) 
4 328 329 (-1024 -7168 1792 ) (-1024 -7168 -128 ) (-1024 -8192 -128 ) (-1024 -8192 1792 ) 
4 329 338 (-2048 -8192 -128 ) (-2048 -8192 1792 ) (-2048 -7168 1792 ) (-2048 -7168 -128 ) 
4 329 331 (-1024 -8192 -128 ) (-1024 -8192 1792 ) (-2048 -8192 1792 ) (-2048 -8192 -128 ) 
4 330 331 (-1024 -8576 -128 ) (-1024 -8576 1792 ) (-1024 -8192 1792 ) (-1024 -8192 -128 ) 
4 331 340 (-2048 -8576 -128 ) (-2048 -8576 1792 ) (-2048 -8192 1792 ) (-2048 -8192 -128 ) 
4 332 334 (-2048 -6144 -128 ) (-2048 -6144 1792 ) (-3072 -6144 1792 ) (-3072 -6144 -128 ) 
4 332 333 (-3072 -5120 1792 ) (-3072 -5120 -128 ) (-3072 -6144 -128 ) (-3072 -6144 1792 ) 
4 333 336 (-4096 -5120 1792 ) (-4096 -5120 -128 ) (-4096 -6144 -128 ) (-4096 -6144 1792 ) 
4 333 335 (-3072 -6144 -128 ) (-3072 -6144 1792 ) (-4096 -6144 1792 ) (-4096 -6144 -128 ) 
4 334 338 (-2048 -7168 -128 ) (-2048 -7168 1792 ) (-3072 -7168 1792 ) (-3072 -7168 -128 ) 
4 334 335 (-3072 -6144 1792 ) (-3072 -6144 -128 ) (-3072 -7168 -128 ) (-3072 -7168 1792 ) 
4 335 339 (-3072 -7168 -128 ) (-3072 -7168 1792 ) (-4096 -7168 1792 ) (-4096 -7168 -128 ) 
4 335 337 (-4096 -7168 -128 ) (-4096 -7168 1792 ) (-4096 -6144 1792 ) (-4096 -6144 -128 ) 
4 336 337 (-4096 -6144 -128 ) (-4096 -6144 1792 ) (-4736 -6144 1792 ) (-4736 -6144 -128 ) 
4 337 342 (-4096 -7168 -128 ) (-4096 -7168 1792 ) (-4736 -7168 1792 ) (-4736 -7168 -128 ) 
4 338 340 (-2048 -8192 -128 ) (-2048 -8192 1792 ) (-3072 -8192 1792 ) (-3072 -8192 -128 ) 
4 338 339 (-3072 -7168 1792 ) (-3072 -7168 -128 ) (-3072 -8192 -128 ) (-3072 -8192 1792 ) 
4 339 342 (-4096 -7168 1792 ) (-4096 -7168 -128 ) (-4096 -8192 -128 ) (-4096 -8192 1792 ) 
4 339 341 (-3072 -8192 -128 ) (-3072 -8192 1792 ) (-4096 -8192 1792 ) (-4096 -8192 -128 ) 
4 340 341 (-3072 -8576 -128 ) (-3072 -8576 1792 ) (-3072 -8192 1792 ) (-3072 -8192 -128 ) 
4 341 343 (-4096 -8576 -128 ) (-4096 -8576 1792 ) (-4096 -8192 1792 ) (-4096 -8192 -128 ) 
4 342 343 (-4096 -8192 -128 ) (-4096 -8192 1792 ) (-4736 -8192 1792 ) (-4736 -8192 -128 ) 
