PRT1
346
756
4 0 2 (3200 7168 -128 ) (3200 7168 1024 ) (3072 7168 1024 ) (3072 7168 -128 ) 
4 0 1 (3072 7168 -128 ) (3072 7168 1024 ) (3072 7680 1024 ) (3072 7680 -128 ) 
4 1 48 (2048 7168 -128 ) (2048 7168 1024 ) (2048 7680 1024 ) (2048 7680 -128 ) 
4 1 3 (3072 7168 -128 ) (3072 7168 1024 ) (2048 7168 1024 ) (2048 7168 -128 ) 
4 2 4 (3200 6144 -128 ) (3200 6144 1024 ) (3072 6144 1024 ) (3072 6144 -128 ) 
4 2 3 (3072 7168 1024 ) (3072 7168 -128 ) (3072 6144 -128 ) (3072 6144 1024 ) 
4 3 52 (2048 6144 -128 ) (2048 6144 1024 ) (2048 7168 1024 ) (2048 7168 -128 ) 
4 3 5 (3072 6144 -128 ) (3072 6144 1024 ) (2048 6144 1024 ) (2048 6144 -128 ) 
4 4 26 (3200 5120 -128 ) (3200 5120 1024 ) (3072 5120 1024 ) (3072 5120 -128 ) 
4 4 5 (3072 6144 1024 ) (3072 6144 -128 ) (3072 5120 -128 ) (3072 5120 1024 ) 
4 5 54 (2048 5120 -128 ) (2048 5120 1024 ) (2048 6144 1024 ) (2048 6144 -128 ) 
4 5 28 (3072 5120 -128 ) (3072 5120 1024 ) (2048 5120 1024 ) (2048 5120 -128 ) 
4 6 8 (8192 4096 -128 ) (8192 4096 1024 ) (8192 4224 1024 ) (8192 4224 -128 ) 
4 6 7 (8960 4096 -128 ) (8960 4096 1024 ) (8192 4096 1024 ) (8192 4096 -128 ) 
4 7 12 (8960 3072 -128 ) (8960 3072 1024 ) (8192 3072 1024 ) (8192 3072 -128 ) 
4 7 10 (8192 3072 -128 ) (8192 3072 1024 ) (8192 4096 1024 ) (8192 4096 -128 ) 
4 8 10 (8192 4096 -128 ) (8192 4096 1024 ) (7168 4096 1024 ) (7168 4096 -128 ) 
4 8 9 (7168 4096 -128 ) (7168 4096 1024 ) (7168 4224 1024 ) (7168 4224 -128 ) 
4 9 21 (6144 4096 -128 ) (6144 4096 1024 ) (6144 4224 1024 ) (6144 4224 -128 ) 
4 9 11 (7168 4096 -128 ) (7168 4096 1024 ) (6144 4096 1024 ) (6144 4096 -128 ) 
4 10 15 (8192 3072 -128 ) (8192 3072 1024 ) (7168 3072 1024 ) (7168 3072 -128 ) 
4 10 11 (7168 4096 1024 ) (7168 4096 -128 ) (7168 3072 -128 ) (7168 3072 1024 ) 
4 11 23 (6144 3072 -128 ) (6144 3072 1024 ) (6144 4096 1024 ) (6144 4096 -128 ) 
4 11 16 (7168 3072 -128 ) (7168 3072 1024 ) (6144 3072 1024 ) (6144 3072 -128 ) 
4 12 15 (8192 3072 1024 ) (8192 3072 -128 ) (8192 2048 -128 ) (8192 2048 1024 ) 
4 12 13 (8960 2048 -128 ) (8960 2048 1024 ) (8192 2048 1024 ) (8192 2048 -128 ) 
4 13 17 (8192 1024 -128 ) (8192 1024 1024 ) (8192 2048 1024 ) (8192 2048 -128 ) 
4 13 14 (8192 1024 1024 ) (8192 1024 -128 ) (8960 1024 -128 ) (8960 1024 1024 ) 
4 14 111 (8960 0 -128 ) (8960 0 1024 ) (8192 0 1024 ) (8192 0 -128 ) 
4 14 19 (8192 0 -128 ) (8192 0 1024 ) (8192 1024 1024 ) (8192 1024 -128 ) 
4 15 17 (8192 2048 -128 ) (8192 2048 1024 ) (7168 2048 1024 ) (7168 2048 -128 ) 
4 15 16 (7168 3072 1024 ) (7168 3072 -128 ) (7168 2048 -128 ) (7168 2048 1024 ) 
4 16 33 (6144 2048 -128 ) (6144 2048 1024 ) (6144 3072 1024 ) (6144 3072 -128 ) 
4 16 18 (7168 2048 -128 ) (7168 2048 1024 ) (6144 2048 1024 ) (6144 2048 -128 ) 
4 17 19 (8192 1024 -128 ) (8192 1024 1024 ) (7168 1024 1024 ) (7168 1024 -128 ) 
4 17 18 (7168 1024 -128 ) (7168 1024 1024 ) (7168 2048 1024 ) (7168 2048 -128 ) 
4 18 35 (6144 1024 -128 ) (6144 1024 1024 ) (6144 2048 1024 ) (6144 2048 -128 ) 
4 18 20 (6144 1024 1024 ) (6144 1024 -128 ) (7168 1024 -128 ) (7168 1024 1024 ) 
4 19 113 (8192 0 -128 ) (8192 0 1024 ) (7168 0 1024 ) (7168 0 -128 ) 
4 19 20 (7168 1024 1024 ) (7168 1024 -128 ) (7168 0 -128 ) (7168 0 1024 ) 
4 20 114 (7168 0 -128 ) (7168 0 1024 ) (6144 0 1024 ) (6144 0 -128 ) 
4 20 37 (6144 0 -128 ) (6144 0 1024 ) (6144 1024 1024 ) (6144 1024 -128 ) 
4 21 23 (6144 4096 -128 ) (6144 4096 1024 ) (5120 4096 1024 ) (5120 4096 -128 ) 
4 21 22 (5120 4096 -128 ) (5120 4096 1024 ) (5120 4224 1024 ) (5120 4224 -128 ) 
4 22 25 (4096 4096 -128 ) (4096 4096 1024 ) (4096 4224 1024 ) (4096 4224 -128 ) 
4 22 24 (5120 4096 -128 ) (5120 4096 1024 ) (4096 4096 1024 ) (4096 4096 -128 ) 
4 23 33 (6144 3072 -128 ) (6144 3072 1024 ) (5120 3072 1024 ) (5120 3072 -128 ) 
4 23 24 (5120 4096 1024 ) (5120 4096 -128 ) (5120 3072 -128 ) (5120 3072 1024 ) 
4 24 34 (5120 3072 -128 ) (5120 3072 1024 ) (4096 3072 1024 ) (4096 3072 -128 ) 
4 24 30 (4096 3072 -128 ) (4096 3072 1024 ) (4096 4096 1024 ) (4096 4096 -128 ) 
4 25 30 (4096 4096 -128 ) (4096 4096 1024 ) (3200 4096 1024 ) (3200 4096 -128 ) 
4 25 27 (3200 4096 -128 ) (3200 4096 1024 ) (3200 4224 1024 ) (3200 4224 -128 ) 
4 26 28 (3072 5120 1024 ) (3072 5120 -128 ) (3072 4224 -128 ) (3072 4224 1024 ) 
4 26 27 (3072 4224 -128 ) (3200 4224 -128 ) (3200 4224 1024 ) (3072 4224 1024 ) 
4 27 31 (3200 4096 -128 ) (3200 4096 1024 ) (3072 4096 1024 ) (3072 4096 -128 ) 
4 27 29 (3072 4224 -128 ) (3072 4096 -128 ) (3072 4096 1024 ) (3072 4224 1024 ) 
4 28 69 (2048 4224 1024 ) (2048 5120 1024 ) (2048 5120 -128 ) (2048 4224 -128 ) 
4 28 29 (2048 4224 -128 ) (3072 4224 -128 ) (3072 4224 1024 ) (2048 4224 1024 ) 
4 29 70 (2048 4096 -128 ) (2048 4096 1024 ) (2048 4224 1024 ) (2048 4224 -128 ) 
4 29 32 (3072 4096 -128 ) (3072 4096 1024 ) (2048 4096 1024 ) (2048 4096 -128 ) 
4 30 39 (4096 3072 -128 ) (4096 3072 1024 ) (3200 3072 1024 ) (3200 3072 -128 ) 
4 30 31 (3200 3072 -128 ) (3200 3072 1024 ) (3200 4096 1024 ) (3200 4096 -128 ) 
4 31 40 (3200 3072 -128 ) (3200 3072 1024 ) (3072 3072 1024 ) (3072 3072 -128 ) 
4 31 32 (3072 4096 1024 ) (3072 4096 -128 ) (3072 3072 -128 ) (3072 3072 1024 ) 
4 32 73 (2048 3072 -128 ) (2048 3072 1024 ) (2048 4096 1024 ) (2048 4096 -128 ) 
4 32 41 (3072 3072 -128 ) (3072 3072 1024 ) (2048 3072 1024 ) (2048 3072 -128 ) 
4 33 35 (6144 2048 -128 ) (6144 2048 1024 ) (5120 2048 1024 ) (5120 2048 -128 ) 
4 33 34 (5120 3072 1024 ) (5120 3072 -128 ) (5120 2048 -128 ) (5120 2048 1024 ) 
4 34 39 (4096 3072 1024 ) (4096 3072 -128 ) (4096 2048 -128 ) (4096 2048 1024 ) 
4 34 36 (5120 2048 -128 ) (5120 2048 1024 ) (4096 2048 1024 ) (4096 2048 -128 ) 
4 35 37 (6144 1024 -128 ) (6144 1024 1024 ) (5120 1024 1024 ) (5120 1024 -128 ) 
4 35 36 (5120 1024 -128 ) (5120 1024 1024 ) (5120 2048 1024 ) (5120 2048 -128 ) 
4 36 42 (4096 1024 -128 ) (4096 1024 1024 ) (4096 2048 1024 ) (4096 2048 -128 ) 
4 36 38 (4096 1024 1024 ) (4096 1024 -128 ) (5120 1024 -128 ) (5120 1024 1024 ) 
4 37 126 (6144 0 -128 ) (6144 0 1024 ) (5120 0 1024 ) (5120 0 -128 ) 
4 37 38 (5120 1024 1024 ) (5120 1024 -128 ) (5120 0 -128 ) (5120 0 1024 ) 
4 38 127 (5120 0 -128 ) (5120 0 1024 ) (4096 0 1024 ) (4096 0 -128 ) 
4 38 45 (4096 0 -128 ) (4096 0 1024 ) (4096 1024 1024 ) (4096 1024 -128 ) 
4 39 42 (4096 2048 -128 ) (4096 2048 1024 ) (3200 2048 1024 ) (3200 2048 -128 ) 
4 39 40 (3200 2048 -128 ) (3200 2048 1024 ) (3200 3072 1024 ) (3200 3072 -128 ) 
4 40 43 (3200 2048 -128 ) (3200 2048 1024 ) (3072 2048 1024 ) (3072 2048 -128 ) 
4 40 41 (3072 3072 1024 ) (3072 3072 -128 ) (3072 2048 -128 ) (3072 2048 1024 ) 
4 41 81 (2048 2048 -128 ) (2048 2048 1024 ) (2048 3072 1024 ) (2048 3072 -128 ) 
4 41 44 (3072 2048 -128 ) (3072 2048 1024 ) (2048 2048 1024 ) (2048 2048 -128 ) 
4 42 45 (4096 1024 -128 ) (4096 1024 1024 ) (3200 1024 1024 ) (3200 1024 -128 ) 
4 42 43 (3200 2048 1024 ) (3200 2048 -128 ) (3200 1024 -128 ) (3200 1024 1024 ) 
4 43 46 (3200 1024 -128 ) (3200 1024 1024 ) (3072 1024 1024 ) (3072 1024 -128 ) 
4 43 44 (3072 1024 -128 ) (3072 1024 1024 ) (3072 2048 1024 ) (3072 2048 -128 ) 
4 44 83 (2048 1024 -128 ) (2048 1024 1024 ) (2048 2048 1024 ) (2048 2048 -128 ) 
4 44 47 (2048 1024 1024 ) (2048 1024 -128 ) (3072 1024 -128 ) (3072 1024 1024 ) 
4 45 130 (4096 0 -128 ) (4096 0 1024 ) (3200 0 1024 ) (3200 0 -128 ) 
4 45 46 (3200 0 -128 ) (3200 0 1024 ) (3200 1024 1024 ) (3200 1024 -128 ) 
4 46 131 (3200 0 -128 ) (3200 0 1024 ) (3072 0 1024 ) (3072 0 -128 ) 
4 46 47 (3072 1024 1024 ) (3072 1024 -128 ) (3072 0 -128 ) (3072 0 1024 ) 
4 47 132 (3072 0 -128 ) (3072 0 1024 ) (2048 0 1024 ) (2048 0 -128 ) 
4 47 85 (2048 0 -128 ) (2048 0 1024 ) (2048 1024 1024 ) (2048 1024 -128 ) 
4 48 52 (2048 7168 -128 ) (2048 7168 1024 ) (1024 7168 1024 ) (1024 7168 -128 ) 
4 48 49 (1024 7168 -128 ) (1024 7168 1024 ) (1024 7680 1024 ) (1024 7680 -128 ) 
4 49 53 (1024 7168 -128 ) (1024 7168 1024 ) (0 7168 1024 ) (0 7168 -128 ) 
4 49 50 (0 7168 -128 ) (0 7168 1024 ) (0 7680 1024 ) (0 7680 -128 ) 
4 50 56 (0 7168 -128 ) (0 7168 1024 ) (-1024 7168 1024 ) (-1024 7168 -128 ) 
4 50 51 (-1024 7168 -128 ) (-1024 7168 1024 ) (-1024 7680 1024 ) (-1024 7680 -128 ) 
4 51 60 (-2048 7168 -128 ) (-2048 7168 1024 ) (-2048 7680 1024 ) (-2048 7680 -128 ) 
4 51 57 (-1024 7168 -128 ) (-1024 7168 1024 ) (-2048 7168 1024 ) (-2048 7168 -128 ) 
4 52 54 (2048 6144 -128 ) (2048 6144 1024 ) (1024 6144 1024 ) (1024 6144 -128 ) 
4 52 53 (1024 7168 1024 ) (1024 7168 -128 ) (1024 6144 -128 ) (1024 6144 1024 ) 
4 53 56 (0 7168 1024 ) (0 7168 -128 ) (0 6144 -128 ) (0 6144 1024 ) 
4 53 55 (1024 6144 -128 ) (1024 6144 1024 ) (0 6144 1024 ) (0 6144 -128 ) 
4 54 69 (2048 5120 -128 ) (2048 5120 1024 ) (1024 5120 1024 ) (1024 5120 -128 ) 
4 54 55 (1024 6144 1024 ) (1024 6144 -128 ) (1024 5120 -128 ) (1024 5120 1024 ) 
4 55 71 (1024 5120 -128 ) (1024 5120 1024 ) (0 5120 1024 ) (0 5120 -128 ) 
4 55 58 (0 5120 -128 ) (0 5120 1024 ) (0 6144 1024 ) (0 6144 -128 ) 
4 56 58 (0 6144 -128 ) (0 6144 1024 ) (-1024 6144 1024 ) (-1024 6144 -128 ) 
4 56 57 (-1024 7168 1024 ) (-1024 7168 -128 ) (-1024 6144 -128 ) (-1024 6144 1024 ) 
4 57 63 (-2048 6144 -128 ) (-2048 6144 1024 ) (-2048 7168 1024 ) (-2048 7168 -128 ) 
4 57 59 (-1024 6144 -128 ) (-1024 6144 1024 ) (-2048 6144 1024 ) (-2048 6144 -128 ) 
4 58 75 (0 5120 -128 ) (0 5120 1024 ) (-1024 5120 1024 ) (-1024 5120 -128 ) 
4 58 59 (-1024 6144 1024 ) (-1024 6144 -128 ) (-1024 5120 -128 ) (-1024 5120 1024 ) 
4 59 77 (-1024 5120 -128 ) (-1024 5120 1024 ) (-2048 5120 1024 ) (-2048 5120 -128 ) 
4 59 65 (-2048 5120 -128 ) (-2048 5120 1024 ) (-2048 6144 1024 ) (-2048 6144 -128 ) 
4 60 63 (-2048 7168 -128 ) (-2048 7168 1024 ) (-3072 7168 1024 ) (-3072 7168 -128 ) 
4 60 61 (-3072 7168 -128 ) (-3072 7168 1024 ) (-3072 7680 1024 ) (-3072 7680 -128 ) 
4 61 64 (-3072 7168 -128 ) (-3072 7168 1024 ) (-4096 7168 1024 ) (-4096 7168 -128 ) 
4 61 62 (-4096 7168 -128 ) (-4096 7168 1024 ) (-4096 7680 1024 ) (-4096 7680 -128 ) 
4 62 67 (-4096 7168 -128 ) (-4096 7168 1024 ) (-4736 7168 1024 ) (-4736 7168 -128 ) 
4 63 65 (-2048 6144 -128 ) (-2048 6144 1024 ) (-3072 6144 1024 ) (-3072 6144 -128 ) 
4 63 64 (-3072 7168 1024 ) (-3072 7168 -128 ) (-3072 6144 -128 ) (-3072 6144 1024 ) 
4 64 67 (-4096 7168 1024 ) (-4096 7168 -128 ) (-4096 6144 -128 ) (-4096 6144 1024 ) 
4 64 66 (-3072 6144 -128 ) (-3072 6144 1024 ) (-4096 6144 1024 ) (-4096 6144 -128 ) 
4 65 93 (-2048 5120 -128 ) (-2048 5120 1024 ) (-3072 5120 1024 ) (-3072 5120 -128 ) 
4 65 66 (-3072 6144 1024 ) (-3072 6144 -128 ) (-3072 5120 -128 ) (-3072 5120 1024 ) 
4 66 95 (-3072 5120 -128 ) (-3072 5120 1024 ) (-4096 5120 1024 ) (-4096 5120 -128 ) 
4 66 68 (-4096 5120 -128 ) (-4096 5120 1024 ) (-4096 6144 1024 ) (-4096 6144 -128 ) 
4 67 68 (-4096 6144 -128 ) (-4096 6144 1024 ) (-4736 6144 1024 ) (-4736 6144 -128 ) 
4 68 99 (-4096 5120 -128 ) (-4096 5120 1024 ) (-4736 5120 1024 ) (-4736 5120 -128 ) 
4 69 71 (1024 5120 1024 ) (1024 5120 -128 ) (1024 4224 -128 ) (1024 4224 1024 ) 
4 69 70 (1024 4224 -128 ) (2048 4224 -128 ) (2048 4224 1024 ) (1024 4224 1024 ) 
4 70 73 (2048 4096 -128 ) (2048 4096 1024 ) (1024 4096 1024 ) (1024 4096 -128 ) 
4 70 72 (1024 4224 -128 ) (1024 4096 -128 ) (1024 4096 1024 ) (1024 4224 1024 ) 
4 71 75 (0 5120 1024 ) (0 5120 -128 ) (0 4224 -128 ) (0 4224 1024 ) 
4 71 72 (0 4224 -128 ) (1024 4224 -128 ) (1024 4224 1024 ) (0 4224 1024 ) 
4 72 76 (0 4224 -128 ) (0 4096 -128 ) (0 4096 1024 ) (0 4224 1024 ) 
4 72 74 (1024 4096 -128 ) (1024 4096 1024 ) (0 4096 1024 ) (0 4096 -128 ) 
4 73 81 (2048 3072 -128 ) (2048 3072 1024 ) (1024 3072 1024 ) (1024 3072 -128 ) 
4 73 74 (1024 4096 1024 ) (1024 4096 -128 ) (1024 3072 -128 ) (1024 3072 1024 ) 
4 74 82 (1024 3072 -128 ) (1024 3072 1024 ) (0 3072 1024 ) (0 3072 -128 ) 
4 74 79 (0 3072 -128 ) (0 3072 1024 ) (0 4096 1024 ) (0 4096 -128 ) 
4 75 77 (-1024 5120 1024 ) (-1024 5120 -128 ) (-1024 4224 -128 ) (-1024 4224 1024 ) 
4 75 76 (-1024 4224 -128 ) (0 4224 -128 ) (0 4224 1024 ) (-1024 4224 1024 ) 
4 76 79 (0 4096 -128 ) (0 4096 1024 ) (-1024 4096 1024 ) (-1024 4096 -128 ) 
4 76 78 (-1024 4224 -128 ) (-1024 4096 -128 ) (-1024 4096 1024 ) (-1024 4224 1024 ) 
4 77 93 (-2048 5120 1024 ) (-2048 5120 -128 ) (-2048 4224 -128 ) (-2048 4224 1024 ) 
4 77 78 (-2048 4224 -128 ) (-1024 4224 -128 ) (-1024 4224 1024 ) (-2048 4224 1024 ) 
4 78 94 (-2048 4224 -128 ) (-2048 4096 -128 ) (-2048 4096 1024 ) (-2048 4224 1024 ) 
4 78 80 (-1024 4096 -128 ) (-1024 4096 1024 ) (-2048 4096 1024 ) (-2048 4096 -128 ) 
4 79 87 (0 3072 -128 ) (0 3072 1024 ) (-1024 3072 1024 ) (-1024 3072 -128 ) 
4 79 80 (-1024 4096 1024 ) (-1024 4096 -128 ) (-1024 3072 -128 ) (-1024 3072 1024 ) 
4 80 97 (-2048 3072 -128 ) (-2048 3072 1024 ) (-2048 4096 1024 ) (-2048 4096 -128 ) 
4 80 88 (-1024 3072 -128 ) (-1024 3072 1024 ) (-2048 3072 1024 ) (-2048 3072 -128 ) 
4 81 83 (2048 2048 -128 ) (2048 2048 1024 ) (1024 2048 1024 ) (1024 2048 -128 ) 
4 81 82 (1024 3072 1024 ) (1024 3072 -128 ) (1024 2048 -128 ) (1024 2048 1024 ) 
4 82 87 (0 3072 1024 ) (0 3072 -128 ) (0 2048 -128 ) (0 2048 1024 ) 
4 82 84 (1024 2048 -128 ) (1024 2048 1024 ) (0 2048 1024 ) (0 2048 -128 ) 
4 83 85 (2048 1024 -128 ) (2048 1024 1024 ) (1024 1024 1024 ) (1024 1024 -128 ) 
4 83 84 (1024 1024 -128 ) (1024 1024 1024 ) (1024 2048 1024 ) (1024 2048 -128 ) 
4 84 89 (0 1024 -128 ) (0 1024 1024 ) (0 2048 1024 ) (0 2048 -128 ) 
4 84 86 (0 1024 1024 ) (0 1024 -128 ) (1024 1024 -128 ) (1024 1024 1024 ) 
4 85 167 (2048 0 -128 ) (2048 0 1024 ) (1024 0 1024 ) (1024 0 -128 ) 
4 85 86 (1024 1024 1024 ) (1024 1024 -128 ) (1024 0 -128 ) (1024 0 1024 ) 
4 86 168 (1024 0 -128 ) (1024 0 1024 ) (0 0 1024 ) (0 0 -128 ) 
4 86 91 (0 0 -128 ) (0 0 1024 ) (0 1024 1024 ) (0 1024 -128 ) 
4 87 89 (0 2048 -128 ) (0 2048 1024 ) (-1024 2048 1024 ) (-1024 2048 -128 ) 
4 87 88 (-1024 3072 1024 ) (-1024 3072 -128 ) (-1024 2048 -128 ) (-1024 2048 1024 ) 
4 88 102 (-2048 2048 -128 ) (-2048 2048 1024 ) (-2048 3072 1024 ) (-2048 3072 -128 ) 
4 88 90 (-1024 2048 -128 ) (-1024 2048 1024 ) (-2048 2048 1024 ) (-2048 2048 -128 ) 
4 89 91 (0 1024 -128 ) (0 1024 1024 ) (-1024 1024 1024 ) (-1024 1024 -128 ) 
4 89 90 (-1024 1024 -128 ) (-1024 1024 1024 ) (-1024 2048 1024 ) (-1024 2048 -128 ) 
4 90 104 (-2048 1024 -128 ) (-2048 1024 1024 ) (-2048 2048 1024 ) (-2048 2048 -128 ) 
4 90 92 (-2048 1024 1024 ) (-2048 1024 -128 ) (-1024 1024 -128 ) (-1024 1024 1024 ) 
4 91 171 (0 0 -128 ) (0 0 1024 ) (-1024 0 1024 ) (-1024 0 -128 ) 
4 91 92 (-1024 1024 1024 ) (-1024 1024 -128 ) (-1024 0 -128 ) (-1024 0 1024 ) 
4 92 172 (-1024 0 -128 ) (-1024 0 1024 ) (-2048 0 1024 ) (-2048 0 -128 ) 
4 92 106 (-2048 0 -128 ) (-2048 0 1024 ) (-2048 1024 1024 ) (-2048 1024 -128 ) 
4 93 95 (-3072 5120 1024 ) (-3072 5120 -128 ) (-3072 4224 -128 ) (-3072 4224 1024 ) 
4 93 94 (-3072 4224 -128 ) (-2048 4224 -128 ) (-2048 4224 1024 ) (-3072 4224 1024 ) 
4 94 97 (-2048 4096 -128 ) (-2048 4096 1024 ) (-3072 4096 1024 ) (-3072 4096 -128 ) 
4 94 96 (-3072 4224 -128 ) (-3072 4096 -128 ) (-3072 4096 1024 ) (-3072 4224 1024 ) 
4 95 99 (-4096 5120 1024 ) (-4096 5120 -128 ) (-4096 4224 -128 ) (-4096 4224 1024 ) 
4 95 96 (-4096 4224 -128 ) (-3072 4224 -128 ) (-3072 4224 1024 ) (-4096 4224 1024 ) 
4 96 100 (-4096 4224 -128 ) (-4096 4096 -128 ) (-4096 4096 1024 ) (-4096 4224 1024 ) 
4 96 98 (-3072 4096 -128 ) (-3072 4096 1024 ) (-4096 4096 1024 ) (-4096 4096 -128 ) 
4 97 102 (-2048 3072 -128 ) (-2048 3072 1024 ) (-3072 3072 1024 ) (-3072 3072 -128 ) 
4 97 98 (-3072 4096 1024 ) (-3072 4096 -128 ) (-3072 3072 -128 ) (-3072 3072 1024 ) 
4 98 103 (-3072 3072 -128 ) (-3072 3072 1024 ) (-4096 3072 1024 ) (-4096 3072 -128 ) 
4 98 101 (-4096 3072 -128 ) (-4096 3072 1024 ) (-4096 4096 1024 ) (-4096 4096 -128 ) 
4 99 100 (-4736 4224 -128 ) (-4096 4224 -128 ) (-4096 4224 1024 ) (-4736 4224 1024 ) 
4 100 101 (-4096 4096 -128 ) (-4096 4096 1024 ) (-4736 4096 1024 ) (-4736 4096 -128 ) 
4 101 108 (-4096 3072 -128 ) (-4096 3072 1024 ) (-4736 3072 1024 ) (-4736 3072 -128 ) 
4 102 104 (-2048 2048 -128 ) (-2048 2048 1024 ) (-3072 2048 1024 ) (-3072 2048 -128 ) 
4 102 103 (-3072 3072 1024 ) (-3072 3072 -128 ) (-3072 2048 -128 ) (-3072 2048 1024 ) 
4 103 108 (-4096 3072 1024 ) (-4096 3072 -128 ) (-4096 2048 -128 ) (-4096 2048 1024 ) 
4 103 105 (-3072 2048 -128 ) (-3072 2048 1024 ) (-4096 2048 1024 ) (-4096 2048 -128 ) 
4 104 106 (-2048 1024 -128 ) (-2048 1024 1024 ) (-3072 1024 1024 ) (-3072 1024 -128 ) 
4 104 105 (-3072 1024 -128 ) (-3072 1024 1024 ) (-3072 2048 1024 ) (-3072 2048 -128 ) 
4 105 109 (-4096 1024 -128 ) (-4096 1024 1024 ) (-4096 2048 1024 ) (-4096 2048 -128 ) 
4 105 107 (-4096 1024 1024 ) (-4096 1024 -128 ) (-3072 1024 -128 ) (-3072 1024 1024 ) 
4 106 296 (-2048 0 -128 ) (-2048 0 1024 ) (-3072 0 1024 ) (-3072 0 -128 ) 
4 106 107 (-3072 1024 1024 ) (-3072 1024 -128 ) (-3072 0 -128 ) (-3072 0 1024 ) 
4 107 297 (-3072 0 -128 ) (-3072 0 1024 ) (-4096 0 1024 ) (-4096 0 -128 ) 
4 107 110 (-4096 0 -128 ) (-4096 0 1024 ) (-4096 1024 1024 ) (-4096 1024 -128 ) 
4 108 109 (-4096 2048 -128 ) (-4096 2048 1024 ) (-4736 2048 1024 ) (-4736 2048 -128 ) 
4 109 110 (-4096 1024 -128 ) (-4096 1024 1024 ) (-4736 1024 1024 ) (-4736 1024 -128 ) 
4 110 300 (-4096 0 -128 ) (-4096 0 1024 ) (-4736 0 1024 ) (-4736 0 -128 ) 
4 111 113 (8192 0 1024 ) (8192 0 -128 ) (8192 -1024 -128 ) (8192 -1024 1024 ) 
4 111 112 (8960 -1024 -128 ) (8960 -1024 1024 ) (8192 -1024 1024 ) (8192 -1024 -128 ) 
4 112 117 (8960 -2048 -128 ) (8960 -2048 1024 ) (8192 -2048 1024 ) (8192 -2048 -128 ) 
4 112 115 (8192 -2048 -128 ) (8192 -2048 1024 ) (8192 -1024 1024 ) (8192 -1024 -128 ) 
4 113 115 (8192 -1024 -128 ) (8192 -1024 1024 ) (7168 -1024 1024 ) (7168 -1024 -128 ) 
4 113 114 (7168 0 1024 ) (7168 0 -128 ) (7168 -1024 -128 ) (7168 -1024 1024 ) 
4 114 126 (6144 0 1024 ) (6144 0 -128 ) (6144 -1024 -128 ) (6144 -1024 1024 ) 
4 114 116 (7168 -1024 -128 ) (7168 -1024 1024 ) (6144 -1024 1024 ) (6144 -1024 -128 ) 
4 115 120 (8192 -2048 -128 ) (8192 -2048 1024 ) (7168 -2048 1024 ) (7168 -2048 -128 ) 
4 115 116 (7168 -1024 1024 ) (7168 -1024 -128 ) (7168 -2048 -128 ) (7168 -2048 1024 ) 
4 116 128 (6144 -2048 -128 ) (6144 -2048 1024 ) (6144 -1024 1024 ) (6144 -1024 -128 ) 
4 116 121 (7168 -2048 -128 ) (7168 -2048 1024 ) (6144 -2048 1024 ) (6144 -2048 -128 ) 
4 117 120 (8192 -2048 1024 ) (8192 -2048 -128 ) (8192 -3072 -128 ) (8192 -3072 1024 ) 
4 117 118 (8960 -3072 -128 ) (8960 -3072 1024 ) (8192 -3072 1024 ) (8192 -3072 -128 ) 
4 118 122 (8192 -4096 -128 ) (8192 -4096 1024 ) (8192 -3072 1024 ) (8192 -3072 -128 ) 
4 118 119 (8192 -4096 1024 ) (8192 -4096 -128 ) (8960 -4096 -128 ) (8960 -4096 1024 ) 
4 119 151 (8960 -5120 -128 ) (8960 -5120 1024 ) (8192 -5120 1024 ) (8192 -5120 -128 ) 
4 119 124 (8192 -5120 -128 ) (8192 -5120 1024 ) (8192 -4096 1024 ) (8192 -4096 -128 ) 
4 120 122 (8192 -3072 -128 ) (8192 -3072 1024 ) (7168 -3072 1024 ) (7168 -3072 -128 ) 
4 120 121 (7168 -2048 1024 ) (7168 -2048 -128 ) (7168 -3072 -128 ) (7168 -3072 1024 ) 
4 121 136 (6144 -3072 -128 ) (6144 -3072 1024 ) (6144 -2048 1024 ) (6144 -2048 -128 ) 
4 121 123 (7168 -3072 -128 ) (7168 -3072 1024 ) (6144 -3072 1024 ) (6144 -3072 -128 ) 
4 122 124 (8192 -4096 -128 ) (8192 -4096 1024 ) (7168 -4096 1024 ) (7168 -4096 -128 ) 
4 122 123 (7168 -4096 -128 ) (7168 -4096 1024 ) (7168 -3072 1024 ) (7168 -3072 -128 ) 
4 123 138 (6144 -4096 -128 ) (6144 -4096 1024 ) (6144 -3072 1024 ) (6144 -3072 -128 ) 
4 123 125 (6144 -4096 1024 ) (6144 -4096 -128 ) (7168 -4096 -128 ) (7168 -4096 1024 ) 
4 124 152 (8192 -5120 -128 ) (8192 -5120 1024 ) (7168 -5120 1024 ) (7168 -5120 -128 ) 
4 124 125 (7168 -4096 1024 ) (7168 -4096 -128 ) (7168 -5120 -128 ) (7168 -5120 1024 ) 
4 125 153 (7168 -5120 -128 ) (7168 -5120 1024 ) (6144 -5120 1024 ) (6144 -5120 -128 ) 
4 125 140 (6144 -5120 -128 ) (6144 -5120 1024 ) (6144 -4096 1024 ) (6144 -4096 -128 ) 
4 126 128 (6144 -1024 -128 ) (6144 -1024 1024 ) (5120 -1024 1024 ) (5120 -1024 -128 ) 
4 126 127 (5120 0 1024 ) (5120 0 -128 ) (5120 -1024 -128 ) (5120 -1024 1024 ) 
4 127 130 (4096 0 1024 ) (4096 0 -128 ) (4096 -1024 -128 ) (4096 -1024 1024 ) 
4 127 129 (5120 -1024 -128 ) (5120 -1024 1024 ) (4096 -1024 1024 ) (4096 -1024 -128 ) 
4 128 136 (6144 -2048 -128 ) (6144 -2048 1024 ) (5120 -2048 1024 ) (5120 -2048 -128 ) 
4 128 129 (5120 -1024 1024 ) (5120 -1024 -128 ) (5120 -2048 -128 ) (5120 -2048 1024 ) 
4 129 137 (5120 -2048 -128 ) (5120 -2048 1024 ) (4096 -2048 1024 ) (4096 -2048 -128 ) 
4 129 133 (4096 -2048 -128 ) (4096 -2048 1024 ) (4096 -1024 1024 ) (4096 -1024 -128 ) 
4 130 133 (4096 -1024 -128 ) (4096 -1024 1024 ) (3200 -1024 1024 ) (3200 -1024 -128 ) 
4 130 131 (3200 -1024 -128 ) (3200 -1024 1024 ) (3200 0 1024 ) (3200 0 -128 ) 
4 131 134 (3200 -1024 -128 ) (3200 -1024 1024 ) (3072 -1024 1024 ) (3072 -1024 -128 ) 
4 131 132 (3072 0 1024 ) (3072 0 -128 ) (3072 -1024 -128 ) (3072 -1024 1024 ) 
4 132 167 (2048 0 1024 ) (2048 0 -128 ) (2048 -1024 -128 ) (2048 -1024 1024 ) 
4 132 135 (3072 -1024 -128 ) (3072 -1024 1024 ) (2048 -1024 1024 ) (2048 -1024 -128 ) 
4 133 142 (4096 -2048 -128 ) (4096 -2048 1024 ) (3200 -2048 1024 ) (3200 -2048 -128 ) 
4 133 134 (3200 -2048 -128 ) (3200 -2048 1024 ) (3200 -1024 1024 ) (3200 -1024 -128 ) 
4 134 143 (3200 -2048 -128 ) (3200 -2048 1024 ) (3072 -2048 1024 ) (3072 -2048 -128 ) 
4 134 135 (3072 -1024 1024 ) (3072 -1024 -128 ) (3072 -2048 -128 ) (3072 -2048 1024 ) 
4 135 169 (2048 -2048 -128 ) (2048 -2048 1024 ) (2048 -1024 1024 ) (2048 -1024 -128 ) 
4 135 144 (3072 -2048 -128 ) (3072 -2048 1024 ) (2048 -2048 1024 ) (2048 -2048 -128 ) 
4 136 138 (6144 -3072 -128 ) (6144 -3072 1024 ) (5120 -3072 1024 ) (5120 -3072 -128 ) 
4 136 137 (5120 -2048 1024 ) (5120 -2048 -128 ) (5120 -3072 -128 ) (5120 -3072 1024 ) 
4 137 142 (4096 -2048 1024 ) (4096 -2048 -128 ) (4096 -3072 -128 ) (4096 -3072 1024 ) 
4 137 139 (5120 -3072 -128 ) (5120 -3072 1024 ) (4096 -3072 1024 ) (4096 -3072 -128 ) 
4 138 140 (6144 -4096 -128 ) (6144 -4096 1024 ) (5120 -4096 1024 ) (5120 -4096 -128 ) 
4 138 139 (5120 -4096 -128 ) (5120 -4096 1024 ) (5120 -3072 1024 ) (5120 -3072 -128 ) 
4 139 145 (4096 -4096 -128 ) (4096 -4096 1024 ) (4096 -3072 1024 ) (4096 -3072 -128 ) 
4 139 141 (4096 -4096 1024 ) (4096 -4096 -128 ) (5120 -4096 -128 ) (5120 -4096 1024 ) 
4 140 154 (6144 -5120 -128 ) (6144 -5120 1024 ) (5120 -5120 1024 ) (5120 -5120 -128 ) 
4 140 141 (5120 -4096 1024 ) (5120 -4096 -128 ) (5120 -5120 -128 ) (5120 -5120 1024 ) 
4 141 155 (5120 -5120 -128 ) (5120 -5120 1024 ) (4096 -5120 1024 ) (4096 -5120 -128 ) 
4 141 148 (4096 -5120 -128 ) (4096 -5120 1024 ) (4096 -4096 1024 ) (4096 -4096 -128 ) 
4 142 145 (4096 -3072 -128 ) (4096 -3072 1024 ) (3200 -3072 1024 ) (3200 -3072 -128 ) 
4 142 143 (3200 -3072 -128 ) (3200 -3072 1024 ) (3200 -2048 1024 ) (3200 -2048 -128 ) 
4 143 146 (3200 -3072 -128 ) (3200 -3072 1024 ) (3072 -3072 1024 ) (3072 -3072 -128 ) 
4 143 144 (3072 -2048 1024 ) (3072 -2048 -128 ) (3072 -3072 -128 ) (3072 -3072 1024 ) 
4 144 175 (2048 -3072 -128 ) (2048 -3072 1024 ) (2048 -2048 1024 ) (2048 -2048 -128 ) 
4 144 147 (3072 -3072 -128 ) (3072 -3072 1024 ) (2048 -3072 1024 ) (2048 -3072 -128 ) 
4 145 148 (4096 -4096 -128 ) (4096 -4096 1024 ) (3200 -4096 1024 ) (3200 -4096 -128 ) 
4 145 146 (3200 -3072 1024 ) (3200 -3072 -128 ) (3200 -4096 -128 ) (3200 -4096 1024 ) 
4 146 149 (3200 -4096 -128 ) (3200 -4096 1024 ) (3072 -4096 1024 ) (3072 -4096 -128 ) 
4 146 147 (3072 -4096 -128 ) (3072 -4096 1024 ) (3072 -3072 1024 ) (3072 -3072 -128 ) 
4 147 177 (2048 -4096 -128 ) (2048 -4096 1024 ) (2048 -3072 1024 ) (2048 -3072 -128 ) 
4 147 150 (2048 -4096 1024 ) (2048 -4096 -128 ) (3072 -4096 -128 ) (3072 -4096 1024 ) 
4 148 156 (4096 -5120 -128 ) (4096 -5120 1024 ) (3200 -5120 1024 ) (3200 -5120 -128 ) 
4 148 149 (3200 -5120 -128 ) (3200 -5120 1024 ) (3200 -4096 1024 ) (3200 -4096 -128 ) 
4 149 157 (3200 -5120 -128 ) (3200 -5120 1024 ) (3072 -5120 1024 ) (3072 -5120 -128 ) 
4 149 150 (3072 -4096 1024 ) (3072 -4096 -128 ) (3072 -5120 -128 ) (3072 -5120 1024 ) 
4 150 179 (2048 -5120 -128 ) (2048 -5120 1024 ) (2048 -4096 1024 ) (2048 -4096 -128 ) 
4 150 159 (3072 -5120 -128 ) (3072 -5120 1024 ) (2048 -5120 1024 ) (2048 -5120 -128 ) 
4 151 152 (8192 -5120 1024 ) (8192 -5120 -128 ) (8192 -5376 -128 ) (8192 -5376 1024 ) 
4 152 153 (7168 -5120 1024 ) (7168 -5120 -128 ) (7168 -5376 -128 ) (7168 -5376 1024 ) 
4 153 154 (6144 -5120 1024 ) (6144 -5120 -128 ) (6144 -5376 -128 ) (6144 -5376 1024 ) 
4 154 155 (5120 -5120 1024 ) (5120 -5120 -128 ) (5120 -5376 -128 ) (5120 -5376 1024 ) 
4 155 156 (4096 -5120 1024 ) (4096 -5120 -128 ) (4096 -5376 -128 ) (4096 -5376 1024 ) 
4 156 157 (3200 -5376 -128 ) (3200 -5376 1024 ) (3200 -5120 1024 ) (3200 -5120 -128 ) 
4 157 159 (3072 -5120 1024 ) (3072 -5120 -128 ) (3072 -5376 -128 ) (3072 -5376 1024 ) 
4 157 158 (3072 -5376 -128 ) (3200 -5376 -128 ) (3200 -5376 1024 ) (3072 -5376 1024 ) 
4 158 161 (3200 -6144 -128 ) (3200 -6144 1024 ) (3072 -6144 1024 ) (3072 -6144 -128 ) 
4 158 160 (3072 -5376 -128 ) (3072 -6144 -128 ) (3072 -6144 1024 ) (3072 -5376 1024 ) 
4 159 311 (2048 -5376 1024 ) (2048 -5120 1024 ) (2048 -5120 -128 ) (2048 -5376 -128 ) 
4 159 160 (2048 -5376 -128 ) (3072 -5376 -128 ) (3072 -5376 1024 ) (2048 -5376 1024 ) 
4 160 312 (2048 -6144 -128 ) (2048 -6144 1024 ) (2048 -5376 1024 ) (2048 -5376 -128 ) 
4 160 162 (3072 -6144 -128 ) (3072 -6144 1024 ) (2048 -6144 1024 ) (2048 -6144 -128 ) 
4 161 163 (3200 -7168 -128 ) (3200 -7168 1024 ) (3072 -7168 1024 ) (3072 -7168 -128 ) 
4 161 162 (3072 -6144 1024 ) (3072 -6144 -128 ) (3072 -7168 -128 ) (3072 -7168 1024 ) 
4 162 315 (2048 -7168 -128 ) (2048 -7168 1024 ) (2048 -6144 1024 ) (2048 -6144 -128 ) 
4 162 164 (3072 -7168 -128 ) (3072 -7168 1024 ) (2048 -7168 1024 ) (2048 -7168 -128 ) 
4 163 165 (3200 -8192 -128 ) (3200 -8192 1024 ) (3072 -8192 1024 ) (3072 -8192 -128 ) 
4 163 164 (3072 -7168 1024 ) (3072 -7168 -128 ) (3072 -8192 -128 ) (3072 -8192 1024 ) 
4 164 323 (2048 -8192 -128 ) (2048 -8192 1024 ) (2048 -7168 1024 ) (2048 -7168 -128 ) 
4 164 166 (3072 -8192 -128 ) (3072 -8192 1024 ) (2048 -8192 1024 ) (2048 -8192 -128 ) 
4 165 166 (3072 -8576 -128 ) (3072 -8576 1024 ) (3072 -8192 1024 ) (3072 -8192 -128 ) 
4 166 325 (2048 -8576 -128 ) (2048 -8576 1024 ) (2048 -8192 1024 ) (2048 -8192 -128 ) 
4 167 169 (2048 -1024 -128 ) (2048 -1024 1024 ) (1024 -1024 1024 ) (1024 -1024 -128 ) 
4 167 168 (1024 0 1024 ) (1024 0 -128 ) (1024 -1024 -128 ) (1024 -1024 1024 ) 
4 168 171 (0 0 1024 ) (0 0 -128 ) (0 -1024 -128 ) (0 -1024 1024 ) 
4 168 170 (1024 -1024 -128 ) (1024 -1024 1024 ) (0 -1024 1024 ) (0 -1024 -128 ) 
4 169 175 (2048 -2048 -128 ) (2048 -2048 1024 ) (1024 -2048 1024 ) (1024 -2048 -128 ) 
4 169 170 (1024 -1024 1024 ) (1024 -1024 -128 ) (1024 -2048 -128 ) (1024 -2048 1024 ) 
4 170 176 (1024 -2048 -128 ) (1024 -2048 1024 ) (0 -2048 1024 ) (0 -2048 -128 ) 
4 170 173 (0 -2048 -128 ) (0 -2048 1024 ) (0 -1024 1024 ) (0 -1024 -128 ) 
4 171 173 (0 -1024 -128 ) (0 -1024 1024 ) (-1024 -1024 1024 ) (-1024 -1024 -128 ) 
4 171 172 (-1024 0 1024 ) (-1024 0 -128 ) (-1024 -1024 -128 ) (-1024 -1024 1024 ) 
4 172 296 (-2048 0 1024 ) (-2048 0 -128 ) (-2048 -1024 -128 ) (-2048 -1024 1024 ) 
4 172 174 (-1024 -1024 -128 ) (-1024 -1024 1024 ) (-2048 -1024 1024 ) (-2048 -1024 -128 ) 
4 173 195 (-1024 -2048 -72 ) (-1024 -2048 -128 ) (-832 -2048 -128 ) (-832 -2048 -72 ) 
4 173 193 (-1024 -2048 16 ) (-1024 -2048 -72 ) (-832 -2048 -72 ) (-832 -2048 16 ) 
4 173 189 (-840 -2048 144 ) (-1024 -2048 144 ) (-1024 -2048 16 ) (-840 -2048 16 ) 
4 173 183 (-832 -2048 144 ) (-840 -2048 144 ) (-840 -2048 16 ) (-832 -2048 16 ) 
4 173 182 (0 -2048 -128 ) (0 -2048 144 ) (-832 -2048 144 ) (-832 -2048 -128 ) 
4 173 181 (0 -2048 144 ) (0 -2048 1024 ) (-1024 -2048 1024 ) (-1024 -2048 144 ) 
4 173 174 (-1024 -1024 1024 ) (-1024 -1024 -128 ) (-1024 -2048 -128 ) (-1024 -2048 1024 ) 
4 174 298 (-2048 -2048 -128 ) (-2048 -2048 1024 ) (-2048 -1024 1024 ) (-2048 -1024 -128 ) 
4 174 219 (-1344 -2048 16 ) (-2048 -2048 16 ) (-2048 -2048 -128 ) (-1344 -2048 -128 ) 
4 174 218 (-1024 -2048 -128 ) (-1024 -2048 -72 ) (-1344 -2048 -72 ) (-1344 -2048 -128 ) 
4 174 216 (-1024 -2048 -72 ) (-1024 -2048 16 ) (-1344 -2048 16 ) (-1344 -2048 -72 ) 
4 174 213 (-1336 -2048 144 ) (-1344 -2048 144 ) (-1344 -2048 16 ) (-1336 -2048 16 ) 
4 174 215 (-1344 -2048 144 ) (-2048 -2048 144 ) (-2048 -2048 16 ) (-1344 -2048 16 ) 
4 174 199 (-1152 -2048 144 ) (-1336 -2048 144 ) (-1336 -2048 16 ) (-1152 -2048 16 ) 
4 174 197 (-1024 -2048 16 ) (-1024 -2048 144 ) (-1152 -2048 144 ) (-1152 -2048 16 ) 
4 174 196 (-1024 -2048 144 ) (-1024 -2048 1024 ) (-2048 -2048 1024 ) (-2048 -2048 144 ) 
4 175 177 (2048 -3072 -128 ) (2048 -3072 1024 ) (1024 -3072 1024 ) (1024 -3072 -128 ) 
4 175 176 (1024 -2048 1024 ) (1024 -2048 -128 ) (1024 -3072 -128 ) (1024 -3072 1024 ) 
4 176 182 (0 -2048 144 ) (0 -2048 -128 ) (0 -3072 -128 ) (0 -3072 144 ) 
4 176 181 (0 -2048 1024 ) (0 -2048 144 ) (0 -3072 144 ) (0 -3072 1024 ) 
4 176 178 (1024 -3072 -128 ) (1024 -3072 1024 ) (0 -3072 1024 ) (0 -3072 -128 ) 
4 177 179 (2048 -4096 -128 ) (2048 -4096 1024 ) (1024 -4096 1024 ) (1024 -4096 -128 ) 
4 177 178 (1024 -4096 -128 ) (1024 -4096 1024 ) (1024 -3072 1024 ) (1024 -3072 -128 ) 
4 178 231 (0 -4096 -128 ) (0 -4096 16 ) (0 -3072 16 ) (0 -3072 -128 ) 
4 178 221 (0 -4096 16 ) (0 -4096 144 ) (0 -3072 144 ) (0 -3072 16 ) 
4 178 220 (0 -4096 144 ) (0 -4096 1024 ) (0 -3072 1024 ) (0 -3072 144 ) 
4 178 180 (0 -4096 1024 ) (0 -4096 -128 ) (1024 -4096 -128 ) (1024 -4096 1024 ) 
4 179 311 (2048 -5120 -128 ) (2048 -5120 1024 ) (1024 -5120 1024 ) (1024 -5120 -128 ) 
4 179 180 (1024 -4096 1024 ) (1024 -4096 -128 ) (1024 -5120 -128 ) (1024 -5120 1024 ) 
4 180 313 (1024 -5120 -128 ) (1024 -5120 1024 ) (0 -5120 1024 ) (0 -5120 -128 ) 
4 180 277 (0 -5120 -128 ) (0 -5120 -72 ) (0 -4096 -72 ) (0 -4096 -128 ) 
4 180 274 (0 -5120 -72 ) (0 -5120 16 ) (0 -4096 16 ) (0 -4096 -72 ) 
4 180 266 (0 -5120 16 ) (0 -5120 144 ) (0 -4096 144 ) (0 -4096 16 ) 
4 180 265 (0 -5120 144 ) (0 -5120 1024 ) (0 -4096 1024 ) (0 -4096 144 ) 
4 181 220 (0 -3072 144 ) (0 -3072 1024 ) (-1024 -3072 1024 ) (-1024 -3072 144 ) 
4 181 196 (-1024 -2048 1024 ) (-1024 -2048 144 ) (-1024 -3072 144 ) (-1024 -3072 1024 ) 
4 181 191 (-1024 -2880 144 ) (-1024 -2496 144 ) (-840 -2496 144 ) (-840 -2880 144 ) 
4 181 192 (-840 -3072 144 ) (-1024 -3072 144 ) (-1024 -2888 144 ) (-840 -2888 144 ) 
4 181 189 (-1024 -2112 144 ) (-1024 -2048 144 ) (-840 -2048 144 ) (-840 -2112 144 ) 
4 181 190 (-1024 -2488 144 ) (-1024 -2120 144 ) (-840 -2120 144 ) (-840 -2488 144 ) 
4 181 186 (-840 -2880 144 ) (-840 -2496 144 ) (-832 -2496 144 ) (-832 -2880 144 ) 
4 181 183 (-840 -2112 144 ) (-840 -2048 144 ) (-832 -2048 144 ) (-832 -2112 144 ) 
4 181 182 (0 -3072 144 ) (-832 -3072 144 ) (-832 -2048 144 ) (0 -2048 144 ) 
4 182 231 (0 -3072 -128 ) (0 -3072 16 ) (-832 -3072 16 ) (-832 -3072 -128 ) 
4 182 221 (0 -3072 16 ) (0 -3072 144 ) (-832 -3072 144 ) (-832 -3072 16 ) 
4 182 195 (-832 -2048 -72 ) (-832 -2048 -128 ) (-832 -3072 -128 ) (-832 -3072 -72 ) 
4 182 194 (-832 -2496 -72 ) (-832 -2880 -72 ) (-832 -2880 16 ) (-832 -2496 16 ) 
4 182 193 (-832 -2048 16 ) (-832 -2048 -72 ) (-832 -2112 -72 ) (-832 -2112 16 ) 
4 182 188 (-832 -3040 128 ) (-832 -3040 16 ) (-832 -3072 16 ) (-832 -3072 128 ) 
4 182 187 (-832 -2920 136 ) (-832 -2920 64 ) (-832 -2968 64 ) (-832 -2968 136 ) 
4 182 186 (-832 -2880 144 ) (-832 -2496 144 ) (-832 -2496 16 ) (-832 -2880 16 ) 
4 182 185 (-832 -2272 128 ) (-832 -2272 16 ) (-832 -2336 16 ) (-832 -2336 128 ) 
4 182 184 (-832 -2152 136 ) (-832 -2152 64 ) (-832 -2200 64 ) (-832 -2200 136 ) 
4 182 183 (-832 -2112 144 ) (-832 -2048 144 ) (-832 -2048 16 ) (-832 -2112 16 ) 
4 183 193 (-840 -2048 16 ) (-832 -2048 16 ) (-832 -2112 16 ) (-840 -2112 16 ) 
4 183 189 (-840 -2048 16 ) (-840 -2112 16 ) (-840 -2112 144 ) (-840 -2048 144 ) 
4 184 190 (-840 -2200 64 ) (-840 -2200 136 ) (-840 -2152 136 ) (-840 -2152 64 ) 
4 185 190 (-840 -2272 16 ) (-840 -2336 16 ) (-840 -2336 128 ) (-840 -2272 128 ) 
4 186 194 (-832 -2496 16 ) (-832 -2880 16 ) (-840 -2880 16 ) (-840 -2496 16 ) 
4 186 191 (-840 -2496 16 ) (-840 -2880 16 ) (-840 -2880 144 ) (-840 -2496 144 ) 
4 187 192 (-840 -2968 64 ) (-840 -2968 136 ) (-840 -2920 136 ) (-840 -2920 64 ) 
4 188 222 (-832 -3072 16 ) (-832 -3072 128 ) (-840 -3072 128 ) (-840 -3072 16 ) 
4 188 192 (-840 -3040 16 ) (-840 -3072 16 ) (-840 -3072 128 ) (-840 -3040 128 ) 
4 189 197 (-1024 -2048 144 ) (-1024 -2048 16 ) (-1024 -2112 16 ) (-1024 -2112 144 ) 
4 189 193 (-1024 -2048 16 ) (-840 -2048 16 ) (-840 -2112 16 ) (-1024 -2112 16 ) 
4 190 200 (-1024 -2120 16 ) (-1024 -2488 16 ) (-1024 -2488 144 ) (-1024 -2120 144 ) 
4 191 206 (-1024 -2496 16 ) (-1024 -2880 16 ) (-1024 -2880 144 ) (-1024 -2496 144 ) 
4 191 194 (-840 -2496 16 ) (-840 -2880 16 ) (-1024 -2880 16 ) (-1024 -2496 16 ) 
4 192 227 (-840 -3072 144 ) (-1024 -3072 144 ) (-1024 -3072 16 ) (-840 -3072 16 ) 
4 192 209 (-1024 -2888 16 ) (-1024 -3072 16 ) (-1024 -3072 144 ) (-1024 -2888 144 ) 
4 193 216 (-1024 -2048 16 ) (-1024 -2048 -72 ) (-1024 -2112 -72 ) (-1024 -2112 16 ) 
4 193 195 (-1024 -2112 -72 ) (-1024 -2048 -72 ) (-832 -2048 -72 ) (-832 -2112 -72 ) 
4 194 217 (-1024 -2496 -72 ) (-1024 -2880 -72 ) (-1024 -2880 16 ) (-1024 -2496 16 ) 
4 194 195 (-1024 -2880 -72 ) (-1024 -2496 -72 ) (-832 -2496 -72 ) (-832 -2880 -72 ) 
4 195 234 (-832 -3072 -128 ) (-832 -3072 -72 ) (-1024 -3072 -72 ) (-1024 -3072 -128 ) 
4 195 218 (-1024 -2048 -72 ) (-1024 -2048 -128 ) (-1024 -3072 -128 ) (-1024 -3072 -72 ) 
4 196 302 (-2048 -3072 144 ) (-2048 -3072 1024 ) (-2048 -2048 1024 ) (-2048 -2048 144 ) 
4 196 235 (-1024 -3072 144 ) (-1024 -3072 1024 ) (-2048 -3072 1024 ) (-2048 -3072 144 ) 
4 196 214 (-1344 -2880 144 ) (-1344 -2496 144 ) (-1336 -2496 144 ) (-1336 -2880 144 ) 
4 196 213 (-1344 -2112 144 ) (-1344 -2048 144 ) (-1336 -2048 144 ) (-1336 -2112 144 ) 
4 196 215 (-1344 -3072 144 ) (-2048 -3072 144 ) (-2048 -2048 144 ) (-1344 -2048 144 ) 
4 196 210 (-1336 -3024 144 ) (-1336 -2888 144 ) (-1335 -2888 144 ) (-1335 -3024 144 ) 
4 196 212 (-1335 -3072 144 ) (-1336 -3072 144 ) (-1336 -3028 144 ) (-1335 -3028 144 ) 
4 196 209 (-1024 -2888 144 ) (-1024 -3072 144 ) (-1335 -3072 144 ) (-1335 -2888 144 ) 
4 196 208 (-1336 -2880 144 ) (-1336 -2496 144 ) (-1152 -2496 144 ) (-1152 -2880 144 ) 
4 196 206 (-1024 -2496 144 ) (-1024 -2880 144 ) (-1152 -2880 144 ) (-1152 -2496 144 ) 
4 196 202 (-1336 -2352 144 ) (-1336 -2260 144 ) (-1335 -2260 144 ) (-1335 -2352 144 ) 
4 196 203 (-1335 -2488 144 ) (-1336 -2488 144 ) (-1336 -2356 144 ) (-1335 -2356 144 ) 
4 196 201 (-1336 -2256 144 ) (-1336 -2120 144 ) (-1335 -2120 144 ) (-1335 -2256 144 ) 
4 196 200 (-1024 -2120 144 ) (-1024 -2488 144 ) (-1335 -2488 144 ) (-1335 -2120 144 ) 
4 196 199 (-1336 -2112 144 ) (-1336 -2048 144 ) (-1152 -2048 144 ) (-1152 -2112 144 ) 
4 196 197 (-1024 -2048 144 ) (-1024 -2112 144 ) (-1152 -2112 144 ) (-1152 -2048 144 ) 
4 197 216 (-1152 -2048 16 ) (-1024 -2048 16 ) (-1024 -2112 16 ) (-1152 -2112 16 ) 
4 197 199 (-1152 -2048 16 ) (-1152 -2112 16 ) (-1152 -2112 144 ) (-1152 -2048 144 ) 
4 197 198 (-1152 -2112 136 ) (-1152 -2112 96 ) (-1024 -2112 96 ) (-1024 -2112 136 ) 
4 198 200 (-1024 -2120 96 ) (-1024 -2120 136 ) (-1152 -2120 136 ) (-1152 -2120 96 ) 
4 199 216 (-1336 -2112 16 ) (-1336 -2048 16 ) (-1152 -2048 16 ) (-1152 -2112 16 ) 
4 199 213 (-1336 -2048 16 ) (-1336 -2112 16 ) (-1336 -2112 144 ) (-1336 -2048 144 ) 
4 200 205 (-1188 -2488 64 ) (-1188 -2488 136 ) (-1236 -2488 136 ) (-1236 -2488 64 ) 
4 200 202 (-1335 -2260 22 ) (-1335 -2352 22 ) (-1335 -2352 144 ) (-1335 -2260 144 ) 
4 200 203 (-1335 -2356 22 ) (-1335 -2488 22 ) (-1335 -2488 144 ) (-1335 -2356 144 ) 
4 200 201 (-1335 -2120 144 ) (-1335 -2120 22 ) (-1335 -2256 22 ) (-1335 -2256 144 ) 
4 200 204 (-1335 -2120 22 ) (-1335 -2120 16 ) (-1335 -2488 16 ) (-1335 -2488 22 ) 
4 201 204 (-1336 -2120 22 ) (-1335 -2120 22 ) (-1335 -2256 22 ) (-1336 -2256 22 ) 
4 202 204 (-1335 -2260 22 ) (-1335 -2352 22 ) (-1336 -2352 22 ) (-1336 -2260 22 ) 
4 203 204 (-1335 -2356 22 ) (-1335 -2488 22 ) (-1336 -2488 22 ) (-1336 -2356 22 ) 
4 205 208 (-1188 -2496 64 ) (-1188 -2496 136 ) (-1236 -2496 136 ) (-1236 -2496 64 ) 
4 206 217 (-1152 -2496 16 ) (-1024 -2496 16 ) (-1024 -2880 16 ) (-1152 -2880 16 ) 
4 206 208 (-1152 -2496 144 ) (-1152 -2496 16 ) (-1152 -2880 16 ) (-1152 -2880 144 ) 
4 206 207 (-1152 -2880 136 ) (-1152 -2880 96 ) (-1024 -2880 96 ) (-1024 -2880 136 ) 
4 207 209 (-1024 -2888 96 ) (-1024 -2888 136 ) (-1152 -2888 136 ) (-1152 -2888 96 ) 
4 208 217 (-1336 -2880 16 ) (-1336 -2496 16 ) (-1152 -2496 16 ) (-1152 -2880 16 ) 
4 208 214 (-1336 -2496 16 ) (-1336 -2880 16 ) (-1336 -2880 144 ) (-1336 -2496 144 ) 
4 209 247 (-1236 -3072 144 ) (-1335 -3072 144 ) (-1335 -3072 16 ) (-1236 -3072 16 ) 
4 209 241 (-1188 -3072 144 ) (-1236 -3072 144 ) (-1236 -3072 16 ) (-1188 -3072 16 ) 
4 209 236 (-1024 -3072 16 ) (-1024 -3072 144 ) (-1188 -3072 144 ) (-1188 -3072 16 ) 
4 209 211 (-1335 -3024 16 ) (-1335 -3028 16 ) (-1335 -3028 22 ) (-1335 -3024 22 ) 
4 209 210 (-1335 -2888 144 ) (-1335 -2888 16 ) (-1335 -3024 16 ) (-1335 -3024 144 ) 
4 209 212 (-1335 -3028 16 ) (-1335 -3072 16 ) (-1335 -3072 144 ) (-1335 -3028 144 ) 
4 210 211 (-1336 -3024 22 ) (-1336 -3024 16 ) (-1335 -3024 16 ) (-1335 -3024 22 ) 
4 211 212 (-1336 -3028 22 ) (-1336 -3028 16 ) (-1335 -3028 16 ) (-1335 -3028 22 ) 
4 212 248 (-1335 -3072 144 ) (-1336 -3072 144 ) (-1336 -3072 16 ) (-1335 -3072 16 ) 
4 213 216 (-1344 -2112 16 ) (-1344 -2048 16 ) (-1336 -2048 16 ) (-1336 -2112 16 ) 
4 213 215 (-1344 -2048 16 ) (-1344 -2112 16 ) (-1344 -2112 144 ) (-1344 -2048 144 ) 
4 214 217 (-1344 -2880 16 ) (-1344 -2496 16 ) (-1336 -2496 16 ) (-1336 -2880 16 ) 
4 214 215 (-1344 -2496 16 ) (-1344 -2880 16 ) (-1344 -2880 144 ) (-1344 -2496 144 ) 
4 215 302 (-2048 -3072 16 ) (-2048 -3072 144 ) (-2048 -2048 144 ) (-2048 -2048 16 ) 
4 215 260 (-1344 -3072 144 ) (-2048 -3072 144 ) (-2048 -3072 16 ) (-1344 -3072 16 ) 
4 215 219 (-1344 -3072 16 ) (-2048 -3072 16 ) (-2048 -2048 16 ) (-1344 -2048 16 ) 
4 216 219 (-1344 -2112 16 ) (-1344 -2048 16 ) (-1344 -2048 -72 ) (-1344 -2112 -72 ) 
4 216 218 (-1344 -2112 -72 ) (-1344 -2048 -72 ) (-1024 -2048 -72 ) (-1024 -2112 -72 ) 
4 217 219 (-1344 -2880 16 ) (-1344 -2496 16 ) (-1344 -2496 -72 ) (-1344 -2880 -72 ) 
4 217 218 (-1344 -2880 -72 ) (-1344 -2496 -72 ) (-1024 -2496 -72 ) (-1024 -2880 -72 ) 
4 218 263 (-1024 -3072 -128 ) (-1024 -3072 -72 ) (-1344 -3072 -72 ) (-1344 -3072 -128 ) 
4 218 219 (-1344 -3072 -128 ) (-1344 -3072 -72 ) (-1344 -2048 -72 ) (-1344 -2048 -128 ) 
4 219 302 (-2048 -3072 -128 ) (-2048 -3072 16 ) (-2048 -2048 16 ) (-2048 -2048 -128 ) 
4 219 264 (-1344 -3072 -128 ) (-1344 -3072 16 ) (-2048 -3072 16 ) (-2048 -3072 -128 ) 
4 220 265 (0 -4096 144 ) (0 -4096 1024 ) (-1024 -4096 1024 ) (-1024 -4096 144 ) 
4 220 235 (-1024 -4096 144 ) (-1024 -4096 1024 ) (-1024 -3072 1024 ) (-1024 -3072 144 ) 
4 220 230 (-840 -4096 144 ) (-1024 -4096 144 ) (-1024 -4032 144 ) (-840 -4032 144 ) 
4 220 229 (-1024 -4024 144 ) (-1024 -3656 144 ) (-840 -3656 144 ) (-840 -4024 144 ) 
4 220 228 (-1024 -3648 144 ) (-1024 -3264 144 ) (-840 -3264 144 ) (-840 -3648 144 ) 
4 220 227 (-1024 -3256 144 ) (-1024 -3072 144 ) (-840 -3072 144 ) (-840 -3256 144 ) 
4 220 226 (-832 -4096 144 ) (-840 -4096 144 ) (-840 -4032 144 ) (-832 -4032 144 ) 
4 220 223 (-840 -3648 144 ) (-840 -3264 144 ) (-832 -3264 144 ) (-832 -3648 144 ) 
4 220 221 (0 -4096 144 ) (-832 -4096 144 ) (-832 -3072 144 ) (0 -3072 144 ) 
4 221 266 (0 -4096 16 ) (0 -4096 144 ) (-832 -4096 144 ) (-832 -4096 16 ) 
4 221 231 (-832 -3072 16 ) (0 -3072 16 ) (0 -4096 16 ) (-832 -4096 16 ) 
4 221 226 (-832 -4032 16 ) (-832 -4096 16 ) (-832 -4096 144 ) (-832 -4032 144 ) 
4 221 225 (-832 -3808 16 ) (-832 -3872 16 ) (-832 -3872 128 ) (-832 -3808 128 ) 
4 221 224 (-832 -3736 64 ) (-832 -3736 136 ) (-832 -3688 136 ) (-832 -3688 64 ) 
4 221 223 (-832 -3264 16 ) (-832 -3648 16 ) (-832 -3648 144 ) (-832 -3264 144 ) 
4 221 222 (-832 -3072 16 ) (-832 -3104 16 ) (-832 -3104 128 ) (-832 -3072 128 ) 
4 222 227 (-840 -3072 16 ) (-840 -3104 16 ) (-840 -3104 128 ) (-840 -3072 128 ) 
4 223 232 (-832 -3264 16 ) (-832 -3648 16 ) (-840 -3648 16 ) (-840 -3264 16 ) 
4 223 228 (-840 -3264 16 ) (-840 -3648 16 ) (-840 -3648 144 ) (-840 -3264 144 ) 
4 224 229 (-840 -3736 64 ) (-840 -3736 136 ) (-840 -3688 136 ) (-840 -3688 64 ) 
4 225 229 (-840 -3808 16 ) (-840 -3872 16 ) (-840 -3872 128 ) (-840 -3808 128 ) 
4 226 267 (-832 -4096 144 ) (-840 -4096 144 ) (-840 -4096 16 ) (-832 -4096 16 ) 
4 226 233 (-832 -4032 16 ) (-832 -4096 16 ) (-840 -4096 16 ) (-840 -4032 16 ) 
4 226 230 (-840 -4032 16 ) (-840 -4096 16 ) (-840 -4096 144 ) (-840 -4032 144 ) 
4 227 236 (-1024 -3256 144 ) (-1024 -3072 144 ) (-1024 -3072 16 ) (-1024 -3256 16 ) 
4 228 237 (-1024 -3648 144 ) (-1024 -3264 144 ) (-1024 -3264 16 ) (-1024 -3648 16 ) 
4 228 232 (-1024 -3648 16 ) (-1024 -3264 16 ) (-840 -3264 16 ) (-840 -3648 16 ) 
4 229 239 (-1024 -4024 144 ) (-1024 -3656 144 ) (-1024 -3656 16 ) (-1024 -4024 16 ) 
4 230 271 (-840 -4096 144 ) (-1024 -4096 144 ) (-1024 -4096 16 ) (-840 -4096 16 ) 
4 230 240 (-1024 -4096 16 ) (-1024 -4096 144 ) (-1024 -4032 144 ) (-1024 -4032 16 ) 
4 230 233 (-1024 -4096 16 ) (-1024 -4032 16 ) (-840 -4032 16 ) (-840 -4096 16 ) 
4 231 277 (0 -4096 -128 ) (0 -4096 -72 ) (-832 -4096 -72 ) (-832 -4096 -128 ) 
4 231 274 (0 -4096 -72 ) (0 -4096 16 ) (-832 -4096 16 ) (-832 -4096 -72 ) 
4 231 234 (-832 -4096 -128 ) (-832 -4096 -72 ) (-832 -3072 -72 ) (-832 -3072 -128 ) 
4 231 233 (-832 -4096 -72 ) (-832 -4096 16 ) (-832 -4032 16 ) (-832 -4032 -72 ) 
4 231 232 (-832 -3648 16 ) (-832 -3264 16 ) (-832 -3264 -72 ) (-832 -3648 -72 ) 
4 232 261 (-1024 -3648 16 ) (-1024 -3264 16 ) (-1024 -3264 -72 ) (-1024 -3648 -72 ) 
4 232 234 (-1024 -3648 -72 ) (-1024 -3264 -72 ) (-832 -3264 -72 ) (-832 -3648 -72 ) 
4 233 275 (-832 -4096 -72 ) (-832 -4096 16 ) (-1024 -4096 16 ) (-1024 -4096 -72 ) 
4 233 262 (-1024 -4096 -72 ) (-1024 -4096 16 ) (-1024 -4032 16 ) (-1024 -4032 -72 ) 
4 233 234 (-1024 -4096 -72 ) (-1024 -4032 -72 ) (-832 -4032 -72 ) (-832 -4096 -72 ) 
4 234 277 (-832 -4096 -128 ) (-832 -4096 -72 ) (-1024 -4096 -72 ) (-1024 -4096 -128 ) 
4 234 263 (-1024 -4096 -128 ) (-1024 -4096 -72 ) (-1024 -3072 -72 ) (-1024 -3072 -128 ) 
4 235 304 (-2048 -4096 144 ) (-2048 -4096 1024 ) (-2048 -3072 1024 ) (-2048 -3072 144 ) 
4 235 278 (-2048 -4096 1024 ) (-2048 -4096 144 ) (-1024 -4096 144 ) (-1024 -4096 1024 ) 
4 235 259 (-1336 -4032 144 ) (-1336 -4096 144 ) (-1344 -4096 144 ) (-1344 -4032 144 ) 
4 235 258 (-1336 -3264 144 ) (-1336 -3648 144 ) (-1344 -3648 144 ) (-1344 -3264 144 ) 
4 235 260 (-2048 -3072 144 ) (-1344 -3072 144 ) (-1344 -4096 144 ) (-2048 -4096 144 ) 
4 235 257 (-1236 -4032 144 ) (-1236 -4096 144 ) (-1336 -4096 144 ) (-1336 -4032 144 ) 
4 235 255 (-1335 -4024 144 ) (-1336 -4024 144 ) (-1336 -3892 144 ) (-1335 -3892 144 ) 
4 235 253 (-1336 -3792 144 ) (-1336 -3656 144 ) (-1335 -3656 144 ) (-1335 -3792 144 ) 
4 235 254 (-1336 -3888 144 ) (-1336 -3796 144 ) (-1335 -3796 144 ) (-1335 -3888 144 ) 
4 235 252 (-1236 -3656 144 ) (-1236 -4024 144 ) (-1335 -4024 144 ) (-1335 -3656 144 ) 
4 235 251 (-1236 -3264 144 ) (-1236 -3648 144 ) (-1336 -3648 144 ) (-1336 -3264 144 ) 
4 235 248 (-1336 -3072 144 ) (-1335 -3072 144 ) (-1335 -3120 144 ) (-1336 -3120 144 ) 
4 235 250 (-1335 -3124 144 ) (-1335 -3256 144 ) (-1336 -3256 144 ) (-1336 -3124 144 ) 
4 235 247 (-1335 -3072 144 ) (-1236 -3072 144 ) (-1236 -3256 144 ) (-1335 -3256 144 ) 
4 235 246 (-1188 -4032 144 ) (-1188 -4096 144 ) (-1236 -4096 144 ) (-1236 -4032 144 ) 
4 235 243 (-1188 -3264 144 ) (-1188 -3648 144 ) (-1236 -3648 144 ) (-1236 -3264 144 ) 
4 235 244 (-1188 -3656 144 ) (-1188 -4024 144 ) (-1236 -4024 144 ) (-1236 -3656 144 ) 
4 235 241 (-1236 -3072 144 ) (-1188 -3072 144 ) (-1188 -3256 144 ) (-1236 -3256 144 ) 
4 235 240 (-1024 -4032 144 ) (-1024 -4096 144 ) (-1188 -4096 144 ) (-1188 -4032 144 ) 
4 235 239 (-1024 -3656 144 ) (-1024 -4024 144 ) (-1188 -4024 144 ) (-1188 -3656 144 ) 
4 235 237 (-1024 -3264 144 ) (-1024 -3648 144 ) (-1188 -3648 144 ) (-1188 -3264 144 ) 
4 235 236 (-1188 -3072 144 ) (-1024 -3072 144 ) (-1024 -3256 144 ) (-1188 -3256 144 ) 
4 236 241 (-1188 -3072 16 ) (-1188 -3256 16 ) (-1188 -3256 144 ) (-1188 -3072 144 ) 
4 237 261 (-1188 -3648 16 ) (-1188 -3264 16 ) (-1024 -3264 16 ) (-1024 -3648 16 ) 
4 237 243 (-1188 -3264 16 ) (-1188 -3648 16 ) (-1188 -3648 144 ) (-1188 -3264 144 ) 
4 237 238 (-1024 -3648 96 ) (-1024 -3648 136 ) (-1152 -3648 136 ) (-1152 -3648 96 ) 
4 238 239 (-1024 -3656 96 ) (-1024 -3656 136 ) (-1152 -3656 136 ) (-1152 -3656 96 ) 
4 239 244 (-1188 -3656 16 ) (-1188 -4024 16 ) (-1188 -4024 144 ) (-1188 -3656 144 ) 
4 240 281 (-1188 -4096 16 ) (-1152 -4096 16 ) (-1152 -4096 144 ) (-1188 -4096 144 ) 
4 240 279 (-1152 -4096 16 ) (-1024 -4096 16 ) (-1024 -4096 144 ) (-1152 -4096 144 ) 
4 240 262 (-1024 -4096 16 ) (-1188 -4096 16 ) (-1188 -4032 16 ) (-1024 -4032 16 ) 
4 240 246 (-1188 -4032 16 ) (-1188 -4096 16 ) (-1188 -4096 144 ) (-1188 -4032 144 ) 
4 241 247 (-1236 -3072 16 ) (-1236 -3256 16 ) (-1236 -3256 144 ) (-1236 -3072 144 ) 
4 241 242 (-1236 -3256 136 ) (-1236 -3256 64 ) (-1188 -3256 64 ) (-1188 -3256 136 ) 
4 242 243 (-1236 -3264 136 ) (-1236 -3264 64 ) (-1188 -3264 64 ) (-1188 -3264 136 ) 
4 243 261 (-1236 -3648 16 ) (-1236 -3264 16 ) (-1188 -3264 16 ) (-1188 -3648 16 ) 
4 243 251 (-1236 -3264 16 ) (-1236 -3648 16 ) (-1236 -3648 144 ) (-1236 -3264 144 ) 
4 244 252 (-1236 -3656 16 ) (-1236 -4024 16 ) (-1236 -4024 144 ) (-1236 -3656 144 ) 
4 244 245 (-1236 -4024 136 ) (-1236 -4024 64 ) (-1188 -4024 64 ) (-1188 -4024 136 ) 
4 245 246 (-1236 -4032 136 ) (-1236 -4032 64 ) (-1188 -4032 64 ) (-1188 -4032 136 ) 
4 246 281 (-1236 -4096 16 ) (-1188 -4096 16 ) (-1188 -4096 144 ) (-1236 -4096 144 ) 
4 246 262 (-1188 -4096 16 ) (-1236 -4096 16 ) (-1236 -4032 16 ) (-1188 -4032 16 ) 
4 246 257 (-1236 -4032 16 ) (-1236 -4096 16 ) (-1236 -4096 144 ) (-1236 -4032 144 ) 
4 247 249 (-1335 -3120 16 ) (-1335 -3124 16 ) (-1335 -3124 22 ) (-1335 -3120 22 ) 
4 247 248 (-1335 -3072 16 ) (-1335 -3120 16 ) (-1335 -3120 144 ) (-1335 -3072 144 ) 
4 247 250 (-1335 -3124 16 ) (-1335 -3256 16 ) (-1335 -3256 144 ) (-1335 -3124 144 ) 
4 248 249 (-1336 -3120 22 ) (-1336 -3120 16 ) (-1335 -3120 16 ) (-1335 -3120 22 ) 
4 249 250 (-1336 -3124 22 ) (-1336 -3124 16 ) (-1335 -3124 16 ) (-1335 -3124 22 ) 
4 251 261 (-1336 -3648 16 ) (-1336 -3264 16 ) (-1236 -3264 16 ) (-1236 -3648 16 ) 
4 251 258 (-1336 -3264 16 ) (-1336 -3648 16 ) (-1336 -3648 144 ) (-1336 -3264 144 ) 
4 252 255 (-1335 -3892 22 ) (-1335 -4024 22 ) (-1335 -4024 144 ) (-1335 -3892 144 ) 
4 252 253 (-1335 -3656 144 ) (-1335 -3656 22 ) (-1335 -3792 22 ) (-1335 -3792 144 ) 
4 252 254 (-1335 -3796 22 ) (-1335 -3888 22 ) (-1335 -3888 144 ) (-1335 -3796 144 ) 
4 252 256 (-1335 -3656 22 ) (-1335 -3656 16 ) (-1335 -4024 16 ) (-1335 -4024 22 ) 
4 253 256 (-1336 -3656 22 ) (-1335 -3656 22 ) (-1335 -3792 22 ) (-1336 -3792 22 ) 
4 254 256 (-1335 -3796 22 ) (-1335 -3888 22 ) (-1336 -3888 22 ) (-1336 -3796 22 ) 
4 255 256 (-1335 -3892 22 ) (-1335 -4024 22 ) (-1336 -4024 22 ) (-1336 -3892 22 ) 
4 257 281 (-1336 -4096 16 ) (-1236 -4096 16 ) (-1236 -4096 144 ) (-1336 -4096 144 ) 
4 257 262 (-1236 -4096 16 ) (-1336 -4096 16 ) (-1336 -4032 16 ) (-1236 -4032 16 ) 
4 257 259 (-1336 -4032 16 ) (-1336 -4096 16 ) (-1336 -4096 144 ) (-1336 -4032 144 ) 
4 258 261 (-1344 -3648 16 ) (-1344 -3264 16 ) (-1336 -3264 16 ) (-1336 -3648 16 ) 
4 258 260 (-1344 -3264 16 ) (-1344 -3648 16 ) (-1344 -3648 144 ) (-1344 -3264 144 ) 
4 259 289 (-1344 -4096 16 ) (-1336 -4096 16 ) (-1336 -4096 144 ) (-1344 -4096 144 ) 
4 259 262 (-1336 -4096 16 ) (-1344 -4096 16 ) (-1344 -4032 16 ) (-1336 -4032 16 ) 
4 259 260 (-1344 -4032 16 ) (-1344 -4096 16 ) (-1344 -4096 144 ) (-1344 -4032 144 ) 
4 260 304 (-2048 -4096 16 ) (-2048 -4096 144 ) (-2048 -3072 144 ) (-2048 -3072 16 ) 
4 260 291 (-2048 -4096 144 ) (-2048 -4096 16 ) (-1344 -4096 16 ) (-1344 -4096 144 ) 
4 260 264 (-1344 -4096 16 ) (-2048 -4096 16 ) (-2048 -3072 16 ) (-1344 -3072 16 ) 
4 261 264 (-1344 -3648 16 ) (-1344 -3264 16 ) (-1344 -3264 -72 ) (-1344 -3648 -72 ) 
4 261 263 (-1344 -3648 -72 ) (-1344 -3264 -72 ) (-1024 -3264 -72 ) (-1024 -3648 -72 ) 
4 262 292 (-1024 -4096 -72 ) (-1024 -4096 16 ) (-1344 -4096 16 ) (-1344 -4096 -72 ) 
4 262 264 (-1344 -4096 -72 ) (-1344 -4096 16 ) (-1344 -4032 16 ) (-1344 -4032 -72 ) 
4 262 263 (-1024 -4096 -72 ) (-1344 -4096 -72 ) (-1344 -4032 -72 ) (-1024 -4032 -72 ) 
4 263 295 (-1024 -4096 -128 ) (-1024 -4096 -72 ) (-1344 -4096 -72 ) (-1344 -4096 -128 ) 
4 263 264 (-1344 -4096 -128 ) (-1344 -4096 -72 ) (-1344 -3072 -72 ) (-1344 -3072 -128 ) 
4 264 304 (-2048 -4096 -128 ) (-2048 -4096 16 ) (-2048 -3072 16 ) (-2048 -3072 -128 ) 
4 264 295 (-2048 -4096 -72 ) (-2048 -4096 -128 ) (-1344 -4096 -128 ) (-1344 -4096 -72 ) 
4 264 294 (-2048 -4096 16 ) (-2048 -4096 -72 ) (-1344 -4096 -72 ) (-1344 -4096 16 ) 
4 265 317 (0 -5120 144 ) (0 -5120 1024 ) (-1024 -5120 1024 ) (-1024 -5120 144 ) 
4 265 278 (-1024 -4096 1024 ) (-1024 -4096 144 ) (-1024 -5120 144 ) (-1024 -5120 1024 ) 
4 265 273 (-840 -5120 144 ) (-1024 -5120 144 ) (-1024 -4800 144 ) (-840 -4800 144 ) 
4 265 272 (-1024 -4792 144 ) (-1024 -4424 144 ) (-840 -4424 144 ) (-840 -4792 144 ) 
4 265 271 (-1024 -4416 144 ) (-1024 -4096 144 ) (-840 -4096 144 ) (-840 -4416 144 ) 
4 265 270 (-832 -5120 144 ) (-840 -5120 144 ) (-840 -4800 144 ) (-832 -4800 144 ) 
4 265 267 (-840 -4416 144 ) (-840 -4096 144 ) (-832 -4096 144 ) (-832 -4416 144 ) 
4 265 266 (0 -5120 144 ) (-832 -5120 144 ) (-832 -4096 144 ) (0 -4096 144 ) 
4 266 317 (0 -5120 16 ) (0 -5120 144 ) (-832 -5120 144 ) (-832 -5120 16 ) 
4 266 274 (-832 -4096 16 ) (0 -4096 16 ) (0 -5120 16 ) (-832 -5120 16 ) 
4 266 270 (-832 -4800 16 ) (-832 -5120 16 ) (-832 -5120 144 ) (-832 -4800 144 ) 
4 266 269 (-832 -4576 16 ) (-832 -4640 16 ) (-832 -4640 128 ) (-832 -4576 128 ) 
4 266 268 (-832 -4504 64 ) (-832 -4504 136 ) (-832 -4456 136 ) (-832 -4456 64 ) 
4 266 267 (-832 -4096 16 ) (-832 -4416 16 ) (-832 -4416 144 ) (-832 -4096 144 ) 
4 267 275 (-840 -4096 16 ) (-832 -4096 16 ) (-832 -4416 16 ) (-840 -4416 16 ) 
4 267 271 (-840 -4096 16 ) (-840 -4416 16 ) (-840 -4416 144 ) (-840 -4096 144 ) 
4 268 272 (-840 -4504 64 ) (-840 -4504 136 ) (-840 -4456 136 ) (-840 -4456 64 ) 
4 269 272 (-840 -4576 16 ) (-840 -4640 16 ) (-840 -4640 128 ) (-840 -4576 128 ) 
4 270 317 (-832 -5120 144 ) (-840 -5120 144 ) (-840 -5120 16 ) (-832 -5120 16 ) 
4 270 276 (-832 -4800 16 ) (-832 -5120 16 ) (-840 -5120 16 ) (-840 -4800 16 ) 
4 270 273 (-840 -4800 16 ) (-840 -5120 16 ) (-840 -5120 144 ) (-840 -4800 144 ) 
4 271 279 (-1024 -4096 144 ) (-1024 -4096 16 ) (-1024 -4416 16 ) (-1024 -4416 144 ) 
4 271 275 (-1024 -4416 16 ) (-1024 -4096 16 ) (-840 -4096 16 ) (-840 -4416 16 ) 
4 272 282 (-1024 -4424 16 ) (-1024 -4792 16 ) (-1024 -4792 144 ) (-1024 -4424 144 ) 
4 273 317 (-840 -5120 144 ) (-1024 -5120 144 ) (-1024 -5120 16 ) (-840 -5120 16 ) 
4 273 288 (-1024 -4800 16 ) (-1024 -5120 16 ) (-1024 -5120 144 ) (-1024 -4800 144 ) 
4 273 276 (-1024 -5120 16 ) (-1024 -4800 16 ) (-840 -4800 16 ) (-840 -5120 16 ) 
4 274 317 (0 -5120 -72 ) (0 -5120 16 ) (-832 -5120 16 ) (-832 -5120 -72 ) 
4 274 277 (0 -5120 -72 ) (-832 -5120 -72 ) (-832 -4096 -72 ) (0 -4096 -72 ) 
4 274 275 (-832 -4096 -72 ) (-832 -4416 -72 ) (-832 -4416 16 ) (-832 -4096 16 ) 
4 274 276 (-832 -4800 -72 ) (-832 -5120 -72 ) (-832 -5120 16 ) (-832 -4800 16 ) 
4 275 292 (-1024 -4096 16 ) (-1024 -4096 -72 ) (-1024 -4416 -72 ) (-1024 -4416 16 ) 
4 275 277 (-1024 -4416 -72 ) (-1024 -4096 -72 ) (-832 -4096 -72 ) (-832 -4416 -72 ) 
4 276 317 (-832 -5120 16 ) (-1024 -5120 16 ) (-1024 -5120 -72 ) (-832 -5120 -72 ) 
4 276 293 (-1024 -4800 -72 ) (-1024 -5120 -72 ) (-1024 -5120 16 ) (-1024 -4800 16 ) 
4 276 277 (-832 -5120 -72 ) (-1024 -5120 -72 ) (-1024 -4800 -72 ) (-832 -4800 -72 ) 
4 277 317 (0 -5120 -128 ) (0 -5120 -72 ) (-1024 -5120 -72 ) (-1024 -5120 -128 ) 
4 277 295 (-1024 -4096 -72 ) (-1024 -4096 -128 ) (-1024 -5120 -128 ) (-1024 -5120 -72 ) 
4 278 319 (-1024 -5120 144 ) (-1024 -5120 1024 ) (-2048 -5120 1024 ) (-2048 -5120 144 ) 
4 278 306 (-2048 -5120 144 ) (-2048 -5120 1024 ) (-2048 -4096 1024 ) (-2048 -4096 144 ) 
4 278 289 (-1344 -4096 144 ) (-1336 -4096 144 ) (-1336 -4416 144 ) (-1344 -4416 144 ) 
4 278 290 (-1336 -4800 144 ) (-1336 -5120 144 ) (-1344 -5120 144 ) (-1344 -4800 144 ) 
4 278 291 (-2048 -5120 144 ) (-2048 -4096 144 ) (-1344 -4096 144 ) (-1344 -5120 144 ) 
4 278 288 (-1024 -4800 144 ) (-1024 -5120 144 ) (-1336 -5120 144 ) (-1336 -4800 144 ) 
4 278 284 (-1336 -4656 144 ) (-1336 -4564 144 ) (-1335 -4564 144 ) (-1335 -4656 144 ) 
4 278 285 (-1335 -4792 144 ) (-1336 -4792 144 ) (-1336 -4660 144 ) (-1335 -4660 144 ) 
4 278 283 (-1336 -4560 144 ) (-1336 -4424 144 ) (-1335 -4424 144 ) (-1335 -4560 144 ) 
4 278 282 (-1024 -4424 144 ) (-1024 -4792 144 ) (-1335 -4792 144 ) (-1335 -4424 144 ) 
4 278 281 (-1336 -4096 144 ) (-1152 -4096 144 ) (-1152 -4416 144 ) (-1336 -4416 144 ) 
4 278 279 (-1152 -4096 144 ) (-1024 -4096 144 ) (-1024 -4416 144 ) (-1152 -4416 144 ) 
4 279 292 (-1152 -4096 16 ) (-1024 -4096 16 ) (-1024 -4416 16 ) (-1152 -4416 16 ) 
4 279 281 (-1152 -4096 16 ) (-1152 -4416 16 ) (-1152 -4416 144 ) (-1152 -4096 144 ) 
4 279 280 (-1152 -4416 136 ) (-1152 -4416 96 ) (-1024 -4416 96 ) (-1024 -4416 136 ) 
4 280 282 (-1024 -4424 96 ) (-1024 -4424 136 ) (-1152 -4424 136 ) (-1152 -4424 96 ) 
4 281 292 (-1336 -4416 16 ) (-1336 -4096 16 ) (-1152 -4096 16 ) (-1152 -4416 16 ) 
4 281 289 (-1336 -4096 16 ) (-1336 -4416 16 ) (-1336 -4416 144 ) (-1336 -4096 144 ) 
4 282 287 (-1188 -4792 64 ) (-1188 -4792 136 ) (-1236 -4792 136 ) (-1236 -4792 64 ) 
4 282 284 (-1335 -4564 22 ) (-1335 -4656 22 ) (-1335 -4656 144 ) (-1335 -4564 144 ) 
4 282 285 (-1335 -4660 22 ) (-1335 -4792 22 ) (-1335 -4792 144 ) (-1335 -4660 144 ) 
4 282 283 (-1335 -4424 144 ) (-1335 -4424 22 ) (-1335 -4560 22 ) (-1335 -4560 144 ) 
4 282 286 (-1335 -4424 22 ) (-1335 -4424 16 ) (-1335 -4792 16 ) (-1335 -4792 22 ) 
4 283 286 (-1336 -4424 22 ) (-1335 -4424 22 ) (-1335 -4560 22 ) (-1336 -4560 22 ) 
4 284 286 (-1335 -4564 22 ) (-1335 -4656 22 ) (-1336 -4656 22 ) (-1336 -4564 22 ) 
4 285 286 (-1335 -4660 22 ) (-1335 -4792 22 ) (-1336 -4792 22 ) (-1336 -4660 22 ) 
4 287 288 (-1188 -4800 64 ) (-1188 -4800 136 ) (-1236 -4800 136 ) (-1236 -4800 64 ) 
4 288 319 (-1024 -5120 16 ) (-1024 -5120 144 ) (-1336 -5120 144 ) (-1336 -5120 16 ) 
4 288 293 (-1024 -5120 16 ) (-1336 -5120 16 ) (-1336 -4800 16 ) (-1024 -4800 16 ) 
4 288 290 (-1336 -4800 16 ) (-1336 -5120 16 ) (-1336 -5120 144 ) (-1336 -4800 144 ) 
4 289 292 (-1344 -4416 16 ) (-1344 -4096 16 ) (-1336 -4096 16 ) (-1336 -4416 16 ) 
4 289 291 (-1344 -4096 16 ) (-1344 -4416 16 ) (-1344 -4416 144 ) (-1344 -4096 144 ) 
4 290 319 (-1336 -5120 144 ) (-1344 -5120 144 ) (-1344 -5120 16 ) (-1336 -5120 16 ) 
4 290 293 (-1336 -5120 16 ) (-1344 -5120 16 ) (-1344 -4800 16 ) (-1336 -4800 16 ) 
4 290 291 (-1344 -4800 16 ) (-1344 -5120 16 ) (-1344 -5120 144 ) (-1344 -4800 144 ) 
4 291 319 (-1344 -5120 144 ) (-2048 -5120 144 ) (-2048 -5120 16 ) (-1344 -5120 16 ) 
4 291 306 (-2048 -5120 16 ) (-2048 -5120 144 ) (-2048 -4096 144 ) (-2048 -4096 16 ) 
4 291 294 (-1344 -5120 16 ) (-2048 -5120 16 ) (-2048 -4096 16 ) (-1344 -4096 16 ) 
4 292 295 (-1344 -4096 -72 ) (-1024 -4096 -72 ) (-1024 -4416 -72 ) (-1344 -4416 -72 ) 
4 292 294 (-1344 -4096 -72 ) (-1344 -4416 -72 ) (-1344 -4416 16 ) (-1344 -4096 16 ) 
4 293 319 (-1024 -5120 -72 ) (-1024 -5120 16 ) (-1344 -5120 16 ) (-1344 -5120 -72 ) 
4 293 295 (-1024 -4800 -72 ) (-1024 -5120 -72 ) (-1344 -5120 -72 ) (-1344 -4800 -72 ) 
4 293 294 (-1344 -4800 -72 ) (-1344 -5120 -72 ) (-1344 -5120 16 ) (-1344 -4800 16 ) 
4 294 319 (-1344 -5120 16 ) (-2048 -5120 16 ) (-2048 -5120 -72 ) (-1344 -5120 -72 ) 
4 294 306 (-2048 -5120 -72 ) (-2048 -5120 16 ) (-2048 -4096 16 ) (-2048 -4096 -72 ) 
4 294 295 (-2048 -5120 -72 ) (-2048 -4096 -72 ) (-1344 -4096 -72 ) (-1344 -5120 -72 ) 
4 295 319 (-1024 -5120 -128 ) (-1024 -5120 -72 ) (-2048 -5120 -72 ) (-2048 -5120 -128 ) 
4 295 306 (-2048 -5120 -128 ) (-2048 -5120 -72 ) (-2048 -4096 -72 ) (-2048 -4096 -128 ) 
4 296 298 (-2048 -1024 -128 ) (-2048 -1024 1024 ) (-3072 -1024 1024 ) (-3072 -1024 -128 ) 
4 296 297 (-3072 0 1024 ) (-3072 0 -128 ) (-3072 -1024 -128 ) (-3072 -1024 1024 ) 
4 297 300 (-4096 0 1024 ) (-4096 0 -128 ) (-4096 -1024 -128 ) (-4096 -1024 1024 ) 
4 297 299 (-3072 -1024 -128 ) (-3072 -1024 1024 ) (-4096 -1024 1024 ) (-4096 -1024 -128 ) 
4 298 302 (-2048 -2048 -128 ) (-2048 -2048 1024 ) (-3072 -2048 1024 ) (-3072 -2048 -128 ) 
4 298 299 (-3072 -1024 1024 ) (-3072 -1024 -128 ) (-3072 -2048 -128 ) (-3072 -2048 1024 ) 
4 299 303 (-3072 -2048 -128 ) (-3072 -2048 1024 ) (-4096 -2048 1024 ) (-4096 -2048 -128 ) 
4 299 301 (-4096 -2048 -128 ) (-4096 -2048 1024 ) (-4096 -1024 1024 ) (-4096 -1024 -128 ) 
4 300 301 (-4096 -1024 -128 ) (-4096 -1024 1024 ) (-4736 -1024 1024 ) (-4736 -1024 -128 ) 
4 301 308 (-4096 -2048 -128 ) (-4096 -2048 1024 ) (-4736 -2048 1024 ) (-4736 -2048 -128 ) 
4 302 304 (-2048 -3072 -128 ) (-2048 -3072 1024 ) (-3072 -3072 1024 ) (-3072 -3072 -128 ) 
4 302 303 (-3072 -2048 1024 ) (-3072 -2048 -128 ) (-3072 -3072 -128 ) (-3072 -3072 1024 ) 
4 303 308 (-4096 -2048 1024 ) (-4096 -2048 -128 ) (-4096 -3072 -128 ) (-4096 -3072 1024 ) 
4 303 305 (-3072 -3072 -128 ) (-3072 -3072 1024 ) (-4096 -3072 1024 ) (-4096 -3072 -128 ) 
4 304 306 (-2048 -4096 -128 ) (-2048 -4096 1024 ) (-3072 -4096 1024 ) (-3072 -4096 -128 ) 
4 304 305 (-3072 -4096 -128 ) (-3072 -4096 1024 ) (-3072 -3072 1024 ) (-3072 -3072 -128 ) 
4 305 309 (-4096 -4096 -128 ) (-4096 -4096 1024 ) (-4096 -3072 1024 ) (-4096 -3072 -128 ) 
4 305 307 (-4096 -4096 1024 ) (-4096 -4096 -128 ) (-3072 -4096 -128 ) (-3072 -4096 1024 ) 
4 306 331 (-2048 -5120 -128 ) (-2048 -5120 1024 ) (-3072 -5120 1024 ) (-3072 -5120 -128 ) 
4 306 307 (-3072 -4096 1024 ) (-3072 -4096 -128 ) (-3072 -5120 -128 ) (-3072 -5120 1024 ) 
4 307 333 (-3072 -5120 -128 ) (-3072 -5120 1024 ) (-4096 -5120 1024 ) (-4096 -5120 -128 ) 
4 307 310 (-4096 -5120 -128 ) (-4096 -5120 1024 ) (-4096 -4096 1024 ) (-4096 -4096 -128 ) 
4 308 309 (-4096 -3072 -128 ) (-4096 -3072 1024 ) (-4736 -3072 1024 ) (-4736 -3072 -128 ) 
4 309 310 (-4096 -4096 -128 ) (-4096 -4096 1024 ) (-4736 -4096 1024 ) (-4736 -4096 -128 ) 
4 310 337 (-4096 -5120 -128 ) (-4096 -5120 1024 ) (-4736 -5120 1024 ) (-4736 -5120 -128 ) 
4 311 313 (1024 -5120 1024 ) (1024 -5120 -128 ) (1024 -5376 -128 ) (1024 -5376 1024 ) 
4 311 312 (1024 -5376 -128 ) (2048 -5376 -128 ) (2048 -5376 1024 ) (1024 -5376 1024 ) 
4 312 315 (2048 -6144 -128 ) (2048 -6144 1024 ) (1024 -6144 1024 ) (1024 -6144 -128 ) 
4 312 314 (1024 -5376 -128 ) (1024 -6144 -128 ) (1024 -6144 1024 ) (1024 -5376 1024 ) 
4 313 317 (0 -5120 1024 ) (0 -5120 -128 ) (0 -5376 -128 ) (0 -5376 1024 ) 
4 313 314 (0 -5376 -128 ) (1024 -5376 -128 ) (1024 -5376 1024 ) (0 -5376 1024 ) 
4 314 318 (0 -5376 -128 ) (0 -6144 -128 ) (0 -6144 1024 ) (0 -5376 1024 ) 
4 314 316 (1024 -6144 -128 ) (1024 -6144 1024 ) (0 -6144 1024 ) (0 -6144 -128 ) 
4 315 323 (2048 -7168 -128 ) (2048 -7168 1024 ) (1024 -7168 1024 ) (1024 -7168 -128 ) 
4 315 316 (1024 -6144 1024 ) (1024 -6144 -128 ) (1024 -7168 -128 ) (1024 -7168 1024 ) 
4 316 324 (1024 -7168 -128 ) (1024 -7168 1024 ) (0 -7168 1024 ) (0 -7168 -128 ) 
4 316 321 (0 -7168 -128 ) (0 -7168 1024 ) (0 -6144 1024 ) (0 -6144 -128 ) 
4 317 319 (-1024 -5120 1024 ) (-1024 -5120 -128 ) (-1024 -5376 -128 ) (-1024 -5376 1024 ) 
4 317 318 (-1024 -5376 -128 ) (0 -5376 -128 ) (0 -5376 1024 ) (-1024 -5376 1024 ) 
4 318 321 (0 -6144 -128 ) (0 -6144 1024 ) (-1024 -6144 1024 ) (-1024 -6144 -128 ) 
4 318 320 (-1024 -5376 -128 ) (-1024 -6144 -128 ) (-1024 -6144 1024 ) (-1024 -5376 1024 ) 
4 319 331 (-2048 -5120 1024 ) (-2048 -5120 -128 ) (-2048 -5376 -128 ) (-2048 -5376 1024 ) 
4 319 320 (-2048 -5376 -128 ) (-1024 -5376 -128 ) (-1024 -5376 1024 ) (-2048 -5376 1024 ) 
4 320 332 (-2048 -5376 -128 ) (-2048 -6144 -128 ) (-2048 -6144 1024 ) (-2048 -5376 1024 ) 
4 320 322 (-1024 -6144 -128 ) (-1024 -6144 1024 ) (-2048 -6144 1024 ) (-2048 -6144 -128 ) 
4 321 327 (0 -7168 -128 ) (0 -7168 1024 ) (-1024 -7168 1024 ) (-1024 -7168 -128 ) 
4 321 322 (-1024 -6144 1024 ) (-1024 -6144 -128 ) (-1024 -7168 -128 ) (-1024 -7168 1024 ) 
4 322 335 (-2048 -7168 -128 ) (-2048 -7168 1024 ) (-2048 -6144 1024 ) (-2048 -6144 -128 ) 
4 322 328 (-1024 -7168 -128 ) (-1024 -7168 1024 ) (-2048 -7168 1024 ) (-2048 -7168 -128 ) 
4 323 325 (2048 -8192 -128 ) (2048 -8192 1024 ) (1024 -8192 1024 ) (1024 -8192 -128 ) 
4 323 324 (1024 -7168 1024 ) (1024 -7168 -128 ) (1024 -8192 -128 ) (1024 -8192 1024 ) 
4 324 327 (0 -7168 1024 ) (0 -7168 -128 ) (0 -8192 -128 ) (0 -8192 1024 ) 
4 324 326 (1024 -8192 -128 ) (1024 -8192 1024 ) (0 -8192 1024 ) (0 -8192 -128 ) 
4 325 326 (1024 -8576 -128 ) (1024 -8576 1024 ) (1024 -8192 1024 ) (1024 -8192 -128 ) 
4 326 329 (0 -8576 -128 ) (0 -8576 1024 ) (0 -8192 1024 ) (0 -8192 -128 ) 
4 327 329 (0 -8192 -128 ) (0 -8192 1024 ) (-1024 -8192 1024 ) (-1024 -8192 -128 ) 
4 327 328 (-1024 -7168 1024 ) (-1024 -7168 -128 ) (-1024 -8192 -128 ) (-1024 -8192 1024 ) 
4 328 340 (-2048 -8192 -128 ) (-2048 -8192 1024 ) (-2048 -7168 1024 ) (-2048 -7168 -128 ) 
4 328 330 (-1024 -8192 -128 ) (-1024 -8192 1024 ) (-2048 -8192 1024 ) (-2048 -8192 -128 ) 
4 329 330 (-1024 -8576 -128 ) (-1024 -8576 1024 ) (-1024 -8192 1024 ) (-1024 -8192 -128 ) 
4 330 342 (-2048 -8576 -128 ) (-2048 -8576 1024 ) (-2048 -8192 1024 ) (-2048 -8192 -128 ) 
4 331 333 (-3072 -5120 1024 ) (-3072 -5120 -128 ) (-3072 -5376 -128 ) (-3072 -5376 1024 ) 
4 331 332 (-3072 -5376 -128 ) (-2048 -5376 -128 ) (-2048 -5376 1024 ) (-3072 -5376 1024 ) 
4 332 335 (-2048 -6144 -128 ) (-2048 -6144 1024 ) (-3072 -6144 1024 ) (-3072 -6144 -128 ) 
4 332 334 (-3072 -5376 -128 ) (-3072 -6144 -128 ) (-3072 -6144 1024 ) (-3072 -5376 1024 ) 
4 333 337 (-4096 -5120 1024 ) (-4096 -5120 -128 ) (-4096 -5376 -128 ) (-4096 -5376 1024 ) 
4 333 334 (-4096 -5376 -128 ) (-3072 -5376 -128 ) (-3072 -5376 1024 ) (-4096 -5376 1024 ) 
4 334 338 (-4096 -5376 -128 ) (-4096 -6144 -128 ) (-4096 -6144 1024 ) (-4096 -5376 1024 ) 
4 334 336 (-3072 -6144 -128 ) (-3072 -6144 1024 ) (-4096 -6144 1024 ) (-4096 -6144 -128 ) 
4 335 340 (-2048 -7168 -128 ) (-2048 -7168 1024 ) (-3072 -7168 1024 ) (-3072 -7168 -128 ) 
4 335 336 (-3072 -6144 1024 ) (-3072 -6144 -128 ) (-3072 -7168 -128 ) (-3072 -7168 1024 ) 
4 336 341 (-3072 -7168 -128 ) (-3072 -7168 1024 ) (-4096 -7168 1024 ) (-4096 -7168 -128 ) 
4 336 339 (-4096 -7168 -128 ) (-4096 -7168 1024 ) (-4096 -6144 1024 ) (-4096 -6144 -128 ) 
4 337 338 (-4736 -5376 -128 ) (-4096 -5376 -128 ) (-4096 -5376 1024 ) (-4736 -5376 1024 ) 
4 338 339 (-4096 -6144 -128 ) (-4096 -6144 1024 ) (-4736 -6144 1024 ) (-4736 -6144 -128 ) 
4 339 344 (-4096 -7168 -128 ) (-4096 -7168 1024 ) (-4736 -7168 1024 ) (-4736 -7168 -128 ) 
4 340 342 (-2048 -8192 -128 ) (-2048 -8192 1024 ) (-3072 -8192 1024 ) (-3072 -8192 -128 ) 
4 340 341 (-3072 -7168 1024 ) (-3072 -7168 -128 ) (-3072 -8192 -128 ) (-3072 -8192 1024 ) 
4 341 344 (-4096 -7168 1024 ) (-4096 -7168 -128 ) (-4096 -8192 -128 ) (-4096 -8192 1024 ) 
4 341 343 (-3072 -8192 -128 ) (-3072 -8192 1024 ) (-4096 -8192 1024 ) (-4096 -8192 -128 ) 
4 342 343 (-3072 -8576 -128 ) (-3072 -8576 1024 ) (-3072 -8192 1024 ) (-3072 -8192 -128 ) 
4 343 345 (-4096 -8576 -128 ) (-4096 -8576 1024 ) (-4096 -8192 1024 ) (-4096 -8192 -128 ) 
4 344 345 (-4096 -8192 -128 ) (-4096 -8192 1024 ) (-4736 -8192 1024 ) (-4736 -8192 -128 ) 
