


materialPath: C:\Games\steamapps\common\dayofinfamy\doi\materials
Loading d:\sourceengine\dayofinfamy\mapsrc\camp_mackall\maps\camp_mackall12.vmf
Map revision 519
ConVarRef gpu_level doesn't point to an existing ConVar
Patching WVT material: maps/camp_mackall12/dev/dev_blendmeasure_wvt_patch
Patching WVT material: maps/camp_mackall12/maps/camp_mackall/blend_soil_grass01_wvt_patch
fixing up env_cubemap materials on brush sides...
0...1...2...3...4...5...6...7...8...9...100...1...2...3...4...5...6...7...8...9...10Processing areas...done (0)
Building Faces...done (0)
Chop Details...done (0)
Find Visible Detail Sides...
Merged 222 detail faces...done (0)
Merging details...done (0)
FixTjuncs...
PruneNodes...
WriteBSP...
done (1)
writing d:\sourceengine\dayofinfamy\mapsrc\camp_mackall\maps\camp_mackall12.prt...Building visibility clusters...
done (0)
Finding displacement neighbors...
Finding lightmap sample positions...
Displacement Alpha : 0...1...2...3...4...5...6...7...8...9...10
Building Physics collision data...
done (0) (610146 bytes)
Error! To use model "models/characters/american/player_american_01.mdl"
      with prop_static, it must be compiled with $staticprop!
Error loading studio model "models/characters/american/player_american_01.mdl"!
Static prop models/static_fittings/prop_beams_128_8.mdl outside the map (-1600.00, -56.00, 384.00)
Error! prop_static using model "models/props_misc/mirror-1.mdl", which must be used on a dynamic entity (i.e. prop_physics). Deleted.
Error loading studio model "models/props_misc/mirror-1.mdl"!
Placing detail props : 0...1...2...3...4...5...6...7...8...9
Using default foliage group "foliagerenderingsystem" for grass materials that use unknown detail types.
...10
Compacting texture/material tables...
Reduced 5484 texinfos to 2366
Reduced 134 texdatas to 118 (4891 bytes to 4227)
Writing d:\sourceengine\dayofinfamy\mapsrc\camp_mackall\maps\camp_mackall12.bsp
5 seconds elapsed



12 threads
reading d:\sourceengine\dayofinfamy\mapsrc\camp_mackall\maps\camp_mackall12.bsp
reading d:\sourceengine\dayofinfamy\mapsrc\camp_mackall\maps\camp_mackall12.prt
 849 portalclusters
2382 numportals
0...1...2...3...4...5...6...7...8...9...100...1...2...3...4...5...6...7...8...9...10Optimized: 1259 visible clusters (0.00%)
Total clusters visible: 574976
Average clusters visible: 677
Building PAS...
Average clusters audible: 848
visdatasize:189356  compressed from 190176
writing d:\sourceengine\dayofinfamy\mapsrc\camp_mackall\maps\camp_mackall12.bsp
2 minutes, 2 seconds elapsed



[Reading texlights from 'lights.rad']
[6 texlights parsed from 'lights.rad']

Loading d:\sourceengine\dayofinfamy\mapsrc\camp_mackall\maps\camp_mackall12.bsp
Loaded alpha texture materials\models\static_fortifications\chainlink_barbed_wire.vtf
Loaded alpha texture materials\models\static_fortifications\chainlink_chains.vtf
5453 faces
2024332 square feet [291503840.00 square inches]
333 Displacements
1074991 Square Feet [154798784.00 Square Inches]
5453 patches before subdivision
52195 patches after subdivision
37 direct lights
0...1...2...3...4...5...6...7...8...9...100...1...2...3...4...5...6...7...8...9...10transfers 2912189, max 898
transfer lists:  22.2 megs
0...1...2...3...4...5...6...7...8...9...10	Bounce #1 added RGB(104872, 66927, 54777)
0...1...2...3...4...5...6...7...8...9...10	Bounce #2 added RGB(12716, 7049, 5138)
0...1...2...3...4...5...6...7...8...9...10	Bounce #3 added RGB(2477, 1246, 875)
0...1...2...3...4...5...6...7...8...9...10	Bounce #4 added RGB(482, 211, 138)
0...1...2...3...4...5...6...7...8...9...10	Bounce #5 added RGB(116, 44, 27)
0...1...2...3...4...5...6...7...8...9...10	Bounce #6 added RGB(26, 8, 5)
0...1...2...3...4...5...6...7...8...9...10	Bounce #7 added RGB(7, 2, 1)
0...1...2...3...4...5...6...7...8...9...10	Bounce #8 added RGB(2, 0, 0)
0...1...2...3...4...5...6...7...8...9...10	Bounce #9 added RGB(1, 0, 0)
Build Patch/Sample Hash Table(s).....Done<0.0280 sec>
0...1...2...3...4...5...6...7...8...9...10FinalLightFace Done
0 of 0 (0% of) surface lights went in leaf ambient cubes.
0...1...2...3...4...5...6...7...8...9...10Writing leaf ambient...done
Computing static prop lighting : 00...1...2...3...4...5...6...7...8...9...10
Ready to Finish

Object names       Objects/Maxobjs  Memory / Maxmem  Fullness 
------------       ---------------  ---------------  -------- 
models                  23/1024         1104/49152    ( 2.2%) 
brushes               1544/8192        18528/98304    (18.8%) 
brushsides           11667/65536       93336/524288   (17.8%) 
planes                8076/65536      161520/1310720  (12.3%) 
vertexes             10538/65536      126456/786432   (16.1%) 
nodes                 2166/65536       69312/2097152  ( 3.3%) 
texinfos              2366/12288      170352/884736   (19.3%) 
texdata                118/2048         3776/65536    ( 5.8%) 
dispinfos              333/0           58608/0        ( 0.0%) 
disp_verts           25741/0          514820/0        ( 0.0%) 
disp_tris            40512/0           81024/0        ( 0.0%) 
disp_multiblend        972/0           77760/0        ( 0.0%) 
disp_lmsamples      977136/0          977136/0        ( 0.0%) 
faces                 5453/65536      305368/3670016  ( 8.3%) 
hdr faces             5453/65536      305368/3670016  ( 8.3%) 
origfaces             4375/65536      245000/3670016  ( 6.7%) 
facebrushes            263/0             526/0        ( 0.0%) 
facebrushlists        5453/0           21812/0        ( 0.0%) 
leaves                2190/65536       70080/2097152  ( 3.3%) 
leaffaces             6316/65536       12632/131072   ( 9.6%) 
leafbrushes           3675/65536        7350/131072   ( 5.6%) 
areas                    2/1024           16/8192     ( 0.2%) 
surfedges            44599/512000     178396/2048000  ( 8.7%) 
edges                30491/256000     121964/1024000  (11.9%) 
LDR worldlights          0/8192            0/819200   ( 0.0%) 
HDR worldlights         37/8192         3700/819200   ( 0.5%) 
leafwaterdata            3/32768          36/393216   ( 0.0%) 
waterstrips            659/32768        6590/327680   ( 2.0%) 
waterverts               0/65536           0/786432   ( 0.0%) 
waterindices         16614/65536       33228/131072   (25.4%) 
cubemapsamples          28/1024          448/16384    ( 2.7%) 
overlays                71/1024        24992/360448   ( 6.9%) 
LDR lightdata         [variable]           0/0        ( 0.0%) 
HDR lightdata         [variable]     8395916/0        ( 0.0%) 
visdata               [variable]      189356/16777216 ( 1.1%) 
entdata               [variable]       79929/393216   (20.3%) 
LDR ambient table     2190/65536        8760/262144   ( 3.3%) 
HDR ambient table     2190/65536        8760/262144   ( 3.3%) 
LDR leaf ambient      2190/65536       61320/1835008  ( 3.3%) 
HDR leaf ambient     11426/65536      319928/1835008  (17.4%) 
occluders                0/0               0/0        ( 0.0%) 
occluder polygons        0/0               0/0        ( 0.0%) 
occluder vert ind        0/0               0/0        ( 0.0%) 
detail props          [variable]           1/12       ( 8.3%) 
static props          [variable]           1/81122    ( 0.0%) 
pakfile               [variable]     3273834/0        ( 0.0%) 
physics               [variable]      610146/4194304  (14.5%) 
physics terrain       [variable]      143917/1048576  (13.7%) 

Level flags = 6

Total triangle count: 16336
Writing d:\sourceengine\dayofinfamy\mapsrc\camp_mackall\maps\camp_mackall12.bsp
10 minutes, 1 second elapsed
