


materialPath: C:\Games\steamapps\common\dayofinfamy\doi\materials
Loading d:\sourceengine\dayofinfamy\mapsrc\camp_mackall\maps\camp_mackall10.vmf
Map revision 334
ConVarRef gpu_level doesn't point to an existing ConVar
Patching WVT material: maps/camp_mackall10/dev/dev_blendmeasure_wvt_patch
Patching WVT material: maps/camp_mackall10/maps/camp_mackall/blend_soil_grass01_wvt_patch
fixing up env_cubemap materials on brush sides...
0...1...2...3...4...5...6...7...8...9...100...1...2...3...4...5...6...7...8...9...10Processing areas...done (0)
Building Faces...done (0)
Chop Details...done (0)
Find Visible Detail Sides...
Merged 140 detail faces...done (0)
Merging details...done (1)
FixTjuncs...
PruneNodes...
WriteBSP...
done (0)
writing d:\sourceengine\dayofinfamy\mapsrc\camp_mackall\maps\camp_mackall10.prt...Building visibility clusters...
done (0)
Finding displacement neighbors...
Finding lightmap sample positions...
Displacement Alpha : 0...1...2...3...4...5...6...7...8...9...10
Building Physics collision data...
done (0) (355688 bytes)
Error! To use model "models/characters/american/player_american_01.mdl"
      with prop_static, it must be compiled with $staticprop!
Error loading studio model "models/characters/american/player_american_01.mdl"!
Static prop models/static_fittings/prop_beams_128_8.mdl outside the map (-1600.00, -56.00, 384.00)
Error! prop_static using model "models/props_misc/mirror-1.mdl", which must be used on a dynamic entity (i.e. prop_physics). Deleted.
Error loading studio model "models/props_misc/mirror-1.mdl"!
Placing detail props : 0...1...2...3...4...5...6...7...8...Material MAPS/CAMP_MACKALL/BLEND_SOIL_GRASS01 uses unknown detail object type mackall_grass!
Material MAPS/CAMP_MACKALL/BLEND_SOIL_GRASS01 uses unknown detail object type mackall_grass!
Material MAPS/CAMP_MACKALL/BLEND_SOIL_GRASS01 uses unknown detail object type mackall_grass!
Material MAPS/CAMP_MACKALL/BLEND_SOIL_GRASS01 uses unknown detail object type mackall_grass!
Material MAPS/CAMP_MACKALL/BLEND_SOIL_GRASS01 uses unknown detail object type mackall_grass!
Material MAPS/CAMP_MACKALL/BLEND_SOIL_GRASS01 uses unknown detail object type mackall_grass!
Material MAPS/CAMP_MACKALL/BLEND_SOIL_GRASS01 uses unknown detail object type mackall_grass!
Material MAPS/CAMP_MACKALL/BLEND_SOIL_GRASS01 uses unknown detail object type mackall_grass!
Material MAPS/CAMP_MACKALL/BLEND_SOIL_GRASS01 uses unknown detail object type mackall_grass!
Material MAPS/CAMP_MACKALL/BLEND_SOIL_GRASS01 uses unknown detail object type mackall_grass!
Material MAPS/CAMP_MACKALL/BLEND_SOIL_GRASS01 uses unknown detail object type mackall_grass!
Material MAPS/CAMP_MACKALL/BLEND_SOIL_GRASS01 uses unknown detail object type mackall_grass!
9Material MAPS/CAMP_MACKALL/BLEND_SOIL_GRASS01 uses unknown detail object type mackall_grass!
Material MAPS/CAMP_MACKALL/BLEND_SOIL_GRASS01 uses unknown detail object type mackall_grass!
Material MAPS/CAMP_MACKALL/BLEND_SOIL_GRASS01 uses unknown detail object type mackall_grass!
Material MAPS/CAMP_MACKALL/BLEND_SOIL_GRASS01 uses unknown detail object type mackall_grass!
Material MAPS/CAMP_MACKALL/BLEND_SOIL_GRASS01 uses unknown detail object type mackall_grass!
Material MAPS/CAMP_MACKALL/BLEND_SOIL_GRASS01 uses unknown detail object type mackall_grass!
Material MAPS/CAMP_MACKALL/BLEND_SOIL_GRASS01 uses unknown detail object type mackall_grass!
Material MAPS/CAMP_MACKALL/BLEND_SOIL_GRASS01 uses unknown detail object type mackall_grass!
Material MAPS/CAMP_MACKALL/BLEND_SOIL_GRASS01 uses unknown detail object type mackall_grass!
Material MAPS/CAMP_MACKALL/BLEND_SOIL_GRASS01 uses unknown detail object type mackall_grass!
Material MAPS/CAMP_MACKALL/BLEND_SOIL_GRASS01 uses unknown detail object type mackall_grass!
Material MAPS/CAMP_MACKALL/BLEND_SOIL_GRASS01 uses unknown detail object type mackall_grass!
Material MAPS/CAMP_MACKALL/BLEND_SOIL_GRASS01 uses unknown detail object type mackall_grass!
Material MAPS/CAMP_MACKALL/BLEND_SOIL_GRASS01 uses unknown detail object type mackall_grass!
Material MAPS/CAMP_MACKALL/BLEND_SOIL_GRASS01 uses unknown detail object type mackall_grass!
Material MAPS/CAMP_MACKALL/BLEND_SOIL_GRASS01 uses unknown detail object type mackall_grass!
Material MAPS/CAMP_MACKALL/BLEND_SOIL_GRASS01 uses unknown detail object type mackall_grass!
Material MAPS/CAMP_MACKALL/BLEND_SOIL_GRASS01 uses unknown detail object type mackall_grass!
Material MAPS/CAMP_MACKALL/BLEND_SOIL_GRASS01 uses unknown detail object type mackall_grass!
Material MAPS/CAMP_MACKALL/BLEND_SOIL_GRASS01 uses unknown detail object type mackall_grass!
Material MAPS/CAMP_MACKALL/BLEND_SOIL_GRASS01 uses unknown detail object type mackall_grass!
Material MAPS/CAMP_MACKALL/BLEND_SOIL_GRASS01 uses unknown detail object type mackall_grass!
Material MAPS/CAMP_MACKALL/BLEND_SOIL_GRASS01 uses unknown detail object type mackall_grass!
Material MAPS/CAMP_MACKALL/BLEND_SOIL_GRASS01 uses unknown detail object type mackall_grass!
Material MAPS/CAMP_MACKALL/BLEND_SOIL_GRASS01 uses unknown detail object type mackall_grass!
Material MAPS/CAMP_MACKALL/BLEND_SOIL_GRASS01 uses unknown detail object type mackall_grass!
Material MAPS/CAMP_MACKALL/BLEND_SOIL_GRASS01 uses unknown detail object type mackall_grass!
.Material MAPS/CAMP_MACKALL/BLEND_SOIL_GRASS01 uses unknown detail object type mackall_grass!
Material MAPS/CAMP_MACKALL/BLEND_SOIL_GRASS01 uses unknown detail object type mackall_grass!
Material MAPS/CAMP_MACKALL/BLEND_SOIL_GRASS01 uses unknown detail object type mackall_grass!
Material MAPS/CAMP_MACKALL/BLEND_SOIL_GRASS01 uses unknown detail object type mackall_grass!
.Material MAPS/CAMP_MACKALL/BLEND_SOIL_GRASS01 uses unknown detail object type mackall_grass!
Material MAPS/CAMP_MACKALL/BLEND_SOIL_GRASS01 uses unknown detail object type mackall_grass!
Material MAPS/CAMP_MACKALL/BLEND_SOIL_GRASS01 uses unknown detail object type mackall_grass!
Material MAPS/CAMP_MACKALL/BLEND_SOIL_GRASS01 uses unknown detail object type mackall_grass!
Material MAPS/CAMP_MACKALL/BLEND_SOIL_GRASS01 uses unknown detail object type mackall_grass!
Material MAPS/CAMP_MACKALL/BLEND_SOIL_GRASS01 uses unknown detail object type mackall_grass!
Material MAPS/CAMP_MACKALL/BLEND_SOIL_GRASS01 uses unknown detail object type mackall_grass!
Material MAPS/CAMP_MACKALL/BLEND_SOIL_GRASS01 uses unknown detail object type mackall_grass!
Material MAPS/CAMP_MACKALL/BLEND_SOIL_GRASS01 uses unknown detail object type mackall_grass!
Material MAPS/CAMP_MACKALL/BLEND_SOIL_GRASS01 uses unknown detail object type mackall_grass!
Material MAPS/CAMP_MACKALL/BLEND_SOIL_GRASS01 uses unknown detail object type mackall_grass!
Material MAPS/CAMP_MACKALL/BLEND_SOIL_GRASS01 uses unknown detail object type mackall_grass!
Material MAPS/CAMP_MACKALL/BLEND_SOIL_GRASS01 uses unknown detail object type mackall_grass!
Material MAPS/CAMP_MACKALL/BLEND_SOIL_GRASS01 uses unknown detail object type mackall_grass!
Material MAPS/CAMP_MACKALL/BLEND_SOIL_GRASS01 uses unknown detail object type mackall_grass!
Material MAPS/CAMP_MACKALL/BLEND_SOIL_GRASS01 uses unknown detail object type mackall_grass!
Material MAPS/CAMP_MACKALL/BLEND_SOIL_GRASS01 uses unknown detail object type mackall_grass!
Material MAPS/CAMP_MACKALL/BLEND_SOIL_GRASS01 uses unknown detail object type mackall_grass!
Material MAPS/CAMP_MACKALL/BLEND_SOIL_GRASS01 uses unknown detail object type mackall_grass!
Material MAPS/CAMP_MACKALL/BLEND_SOIL_GRASS01 uses unknown detail object type mackall_grass!
.Material MAPS/CAMP_MACKALL/BLEND_SOIL_GRASS01 uses unknown detail object type mackall_grass!
Material MAPS/CAMP_MACKALL/BLEND_SOIL_GRASS01 uses unknown detail object type mackall_grass!
Material MAPS/CAMP_MACKALL/BLEND_SOIL_GRASS01 uses unknown detail object type mackall_grass!
Material MAPS/CAMP_MACKALL/BLEND_SOIL_GRASS01 uses unknown detail object type mackall_grass!
Material MAPS/CAMP_MACKALL/BLEND_SOIL_GRASS01 uses unknown detail object type mackall_grass!
Material MAPS/CAMP_MACKALL/BLEND_SOIL_GRASS01 uses unknown detail object type mackall_grass!
Material MAPS/CAMP_MACKALL/BLEND_SOIL_GRASS01 uses unknown detail object type mackall_grass!
Material MAPS/CAMP_MACKALL/BLEND_SOIL_GRASS01 uses unknown detail object type mackall_grass!
Material MAPS/CAMP_MACKALL/BLEND_SOIL_GRASS01 uses unknown detail object type mackall_grass!
Material MAPS/CAMP_MACKALL/BLEND_SOIL_GRASS01 uses unknown detail object type mackall_grass!
Material MAPS/CAMP_MACKALL/BLEND_SOIL_GRASS01 uses unknown detail object type mackall_grass!
Material MAPS/CAMP_MACKALL/BLEND_SOIL_GRASS01 uses unknown detail object type mackall_grass!
Material MAPS/CAMP_MACKALL/BLEND_SOIL_GRASS01 uses unknown detail object type mackall_grass!
Material MAPS/CAMP_MACKALL/BLEND_SOIL_GRASS01 uses unknown detail object type mackall_grass!
Material MAPS/CAMP_MACKALL/BLEND_SOIL_GRASS01 uses unknown detail object type mackall_grass!
Material MAPS/CAMP_MACKALL/BLEND_SOIL_GRASS01 uses unknown detail object type mackall_grass!
Material MAPS/CAMP_MACKALL/BLEND_SOIL_GRASS01 uses unknown detail object type mackall_grass!
Material MAPS/CAMP_MACKALL/BLEND_SOIL_GRASS01 uses unknown detail object type mackall_grass!
Material MAPS/CAMP_MACKALL/BLEND_SOIL_GRASS01 uses unknown detail object type mackall_grass!
Material MAPS/CAMP_MACKALL/BLEND_SOIL_GRASS01 uses unknown detail object type mackall_grass!
Material MAPS/CAMP_MACKALL/BLEND_SOIL_GRASS01 uses unknown detail object type mackall_grass!
Material MAPS/CAMP_MACKALL/BLEND_SOIL_GRASS01 uses unknown detail object type mackall_grass!
Material MAPS/CAMP_MACKALL/BLEND_SOIL_GRASS01 uses unknown detail object type mackall_grass!
Material MAPS/CAMP_MACKALL/BLEND_SOIL_GRASS01 uses unknown detail object type mackall_grass!
10
Compacting texture/material tables...
Reduced 3081 texinfos to 1197
Reduced 68 texdatas to 60 (2192 bytes to 1921)
Writing d:\sourceengine\dayofinfamy\mapsrc\camp_mackall\maps\camp_mackall10.bsp
4 seconds elapsed



12 threads
reading d:\sourceengine\dayofinfamy\mapsrc\camp_mackall\maps\camp_mackall10.bsp
reading d:\sourceengine\dayofinfamy\mapsrc\camp_mackall\maps\camp_mackall10.prt
 445 portalclusters
1121 numportals
0...1...2...3...4...5...6...7...8...9...10Optimized: 667 visible clusters (0.00%)
Total clusters visible: 191712
Average clusters visible: 430
Building PAS...
Average clusters audible: 445
visdatasize:53457  compressed from 49840
writing d:\sourceengine\dayofinfamy\mapsrc\camp_mackall\maps\camp_mackall10.bsp
0 seconds elapsed



[Reading texlights from 'lights.rad']
[6 texlights parsed from 'lights.rad']

Loading d:\sourceengine\dayofinfamy\mapsrc\camp_mackall\maps\camp_mackall10.bsp
3127 faces
2161163 square feet [311207584.00 square inches]
321 Displacements
1072599 Square Feet [154454272.00 Square Inches]
3127 patches before subdivision
33019 patches after subdivision
18 direct lights
0...1...2...3...4...5...6...7...8...9...100...1...2...3...4...5...6...7...8...9...10transfers 1743059, max 562
transfer lists:  13.3 megs
0...1...2...3...4...5...6...7...8...9...10	Bounce #1 added RGB(50672, 30469, 22331)
0...1...2...3...4...5...6...7...8...9...10	Bounce #2 added RGB(3965, 1848, 873)
Build Patch/Sample Hash Table(s).....Done<0.0209 sec>
0...1...2...3...4...5...6...7...8...9...10FinalLightFace Done
0 of 0 (0% of) surface lights went in leaf ambient cubes.
0...1...2...3...4...5...6...7...8...9...10Writing leaf ambient...done
Ready to Finish

Object names       Objects/Maxobjs  Memory / Maxmem  Fullness 
------------       ---------------  ---------------  -------- 
models                   3/1024          144/49152    ( 0.3%) 
brushes                876/8192        10512/98304    (10.7%) 
brushsides            6015/65536       48120/524288   ( 9.2%) 
planes                4156/65536       83120/1310720  ( 6.3%) 
vertexes              6222/65536       74664/786432   ( 9.5%) 
nodes                 1178/65536       37696/2097152  ( 1.8%) 
texinfos              1197/12288       86184/884736   ( 9.7%) 
texdata                 60/2048         1920/65536    ( 2.9%) 
dispinfos              321/0           56496/0        ( 0.0%) 
disp_verts           25273/0          505460/0        ( 0.0%) 
disp_tris            39840/0           79680/0        ( 0.0%) 
disp_multiblend        972/0           77760/0        ( 0.0%) 
disp_lmsamples      968268/0          968268/0        ( 0.0%) 
faces                 3127/65536      175112/3670016  ( 4.8%) 
hdr faces                0/65536           0/3670016  ( 0.0%) 
origfaces             2438/65536      136528/3670016  ( 3.7%) 
facebrushes            100/0             200/0        ( 0.0%) 
facebrushlists        3127/0           12508/0        ( 0.0%) 
leaves                1182/65536       37824/2097152  ( 1.8%) 
leaffaces             3525/65536        7050/131072   ( 5.4%) 
leafbrushes           2115/65536        4230/131072   ( 3.2%) 
areas                    2/1024           16/8192     ( 0.2%) 
surfedges            25879/512000     103516/2048000  ( 5.1%) 
edges                18475/256000      73900/1024000  ( 7.2%) 
LDR worldlights         18/8192         1800/819200   ( 0.2%) 
HDR worldlights          0/8192            0/819200   ( 0.0%) 
leafwaterdata            1/32768          12/393216   ( 0.0%) 
waterstrips            357/32768        3570/327680   ( 1.1%) 
waterverts               0/65536           0/786432   ( 0.0%) 
waterindices         10128/65536       20256/131072   (15.5%) 
cubemapsamples          10/1024          160/16384    ( 1.0%) 
overlays                24/1024         8448/360448   ( 2.3%) 
LDR lightdata         [variable]     6639524/0        ( 0.0%) 
HDR lightdata         [variable]           0/0        ( 0.0%) 
visdata               [variable]       53457/16777216 ( 0.3%) 
entdata               [variable]       48685/393216   (12.4%) 
LDR ambient table     1182/65536        4728/262144   ( 1.8%) 
HDR ambient table     1182/65536        4728/262144   ( 1.8%) 
LDR leaf ambient      6086/65536      170408/1835008  ( 9.3%) 
HDR leaf ambient      1182/65536       33096/1835008  ( 1.8%) 
occluders                0/0               0/0        ( 0.0%) 
occluder polygons        0/0               0/0        ( 0.0%) 
occluder vert ind        0/0               0/0        ( 0.0%) 
detail props          [variable]           1/12       ( 8.3%) 
static props          [variable]           1/53378    ( 0.0%) 
pakfile               [variable]       10938/0        ( 0.0%) 
physics               [variable]      355688/4194304  ( 8.5%) 
physics terrain       [variable]      143393/1048576  (13.7%) 

Level flags = 4

Total triangle count: 9875
Writing d:\sourceengine\dayofinfamy\mapsrc\camp_mackall\maps\camp_mackall10.bsp
1 minute, 8 seconds elapsed



materialPath: C:\Games\steamapps\common\dayofinfamy\doi\materials
Loading d:\sourceengine\dayofinfamy\mapsrc\camp_mackall\maps\camp_mackall10.vmf
Map revision 362
ConVarRef gpu_level doesn't point to an existing ConVar
Patching WVT material: maps/camp_mackall10/dev/dev_blendmeasure_wvt_patch
Patching WVT material: maps/camp_mackall10/maps/camp_mackall/blend_soil_grass01_wvt_patch
fixing up env_cubemap materials on brush sides...
0...1...2...3...4...5...6...7...8...9...100...1...2...3...4...5...6...7...8...9...10Processing areas...done (0)
Building Faces...done (0)
Chop Details...done (0)
Find Visible Detail Sides...
Merged 140 detail faces...done (0)
Merging details...done (0)
FixTjuncs...
PruneNodes...
WriteBSP...
done (0)
writing d:\sourceengine\dayofinfamy\mapsrc\camp_mackall\maps\camp_mackall10.prt...Building visibility clusters...
done (0)
Finding displacement neighbors...
Finding lightmap sample positions...
Displacement Alpha : 0...1...2...3...4...5...6...7...8...9...10
Building Physics collision data...
done (0) (395431 bytes)
Error! To use model "models/characters/american/player_american_01.mdl"
      with prop_static, it must be compiled with $staticprop!
Error loading studio model "models/characters/american/player_american_01.mdl"!
Static prop models/static_fittings/prop_beams_128_8.mdl outside the map (-1600.00, -56.00, 384.00)
Error! prop_static using model "models/props_misc/mirror-1.mdl", which must be used on a dynamic entity (i.e. prop_physics). Deleted.
Error loading studio model "models/props_misc/mirror-1.mdl"!
Placing detail props : 0...1...2...3...4...5...6...7...8...Material MAPS/CAMP_MACKALL/BLEND_SOIL_GRASS01 uses unknown detail object type mackall_grass!
Material MAPS/CAMP_MACKALL/BLEND_SOIL_GRASS01 uses unknown detail object type mackall_grass!
Material MAPS/CAMP_MACKALL/BLEND_SOIL_GRASS01 uses unknown detail object type mackall_grass!
Material MAPS/CAMP_MACKALL/BLEND_SOIL_GRASS01 uses unknown detail object type mackall_grass!
Material MAPS/CAMP_MACKALL/BLEND_SOIL_GRASS01 uses unknown detail object type mackall_grass!
Material MAPS/CAMP_MACKALL/BLEND_SOIL_GRASS01 uses unknown detail object type mackall_grass!
Material MAPS/CAMP_MACKALL/BLEND_SOIL_GRASS01 uses unknown detail object type mackall_grass!
Material MAPS/CAMP_MACKALL/BLEND_SOIL_GRASS01 uses unknown detail object type mackall_grass!
Material MAPS/CAMP_MACKALL/BLEND_SOIL_GRASS01 uses unknown detail object type mackall_grass!
Material MAPS/CAMP_MACKALL/BLEND_SOIL_GRASS01 uses unknown detail object type mackall_grass!
9Material MAPS/CAMP_MACKALL/BLEND_SOIL_GRASS01 uses unknown detail object type mackall_grass!
Material MAPS/CAMP_MACKALL/BLEND_SOIL_GRASS01 uses unknown detail object type mackall_grass!
Material MAPS/CAMP_MACKALL/BLEND_SOIL_GRASS01 uses unknown detail object type mackall_grass!
Material MAPS/CAMP_MACKALL/BLEND_SOIL_GRASS01 uses unknown detail object type mackall_grass!
Material MAPS/CAMP_MACKALL/BLEND_SOIL_GRASS01 uses unknown detail object type mackall_grass!
Material MAPS/CAMP_MACKALL/BLEND_SOIL_GRASS01 uses unknown detail object type mackall_grass!
Material MAPS/CAMP_MACKALL/BLEND_SOIL_GRASS01 uses unknown detail object type mackall_grass!
Material MAPS/CAMP_MACKALL/BLEND_SOIL_GRASS01 uses unknown detail object type mackall_grass!
Material MAPS/CAMP_MACKALL/BLEND_SOIL_GRASS01 uses unknown detail object type mackall_grass!
Material MAPS/CAMP_MACKALL/BLEND_SOIL_GRASS01 uses unknown detail object type mackall_grass!
Material MAPS/CAMP_MACKALL/BLEND_SOIL_GRASS01 uses unknown detail object type mackall_grass!
Material MAPS/CAMP_MACKALL/BLEND_SOIL_GRASS01 uses unknown detail object type mackall_grass!
Material MAPS/CAMP_MACKALL/BLEND_SOIL_GRASS01 uses unknown detail object type mackall_grass!
Material MAPS/CAMP_MACKALL/BLEND_SOIL_GRASS01 uses unknown detail object type mackall_grass!
Material MAPS/CAMP_MACKALL/BLEND_SOIL_GRASS01 uses unknown detail object type mackall_grass!
Material MAPS/CAMP_MACKALL/BLEND_SOIL_GRASS01 uses unknown detail object type mackall_grass!
Material MAPS/CAMP_MACKALL/BLEND_SOIL_GRASS01 uses unknown detail object type mackall_grass!
Material MAPS/CAMP_MACKALL/BLEND_SOIL_GRASS01 uses unknown detail object type mackall_grass!
Material MAPS/CAMP_MACKALL/BLEND_SOIL_GRASS01 uses unknown detail object type mackall_grass!
Material MAPS/CAMP_MACKALL/BLEND_SOIL_GRASS01 uses unknown detail object type mackall_grass!
Material MAPS/CAMP_MACKALL/BLEND_SOIL_GRASS01 uses unknown detail object type mackall_grass!
Material MAPS/CAMP_MACKALL/BLEND_SOIL_GRASS01 uses unknown detail object type mackall_grass!
Material MAPS/CAMP_MACKALL/BLEND_SOIL_GRASS01 uses unknown detail object type mackall_grass!
Material MAPS/CAMP_MACKALL/BLEND_SOIL_GRASS01 uses unknown detail object type mackall_grass!
Material MAPS/CAMP_MACKALL/BLEND_SOIL_GRASS01 uses unknown detail object type mackall_grass!
Material MAPS/CAMP_MACKALL/BLEND_SOIL_GRASS01 uses unknown detail object type mackall_grass!
Material MAPS/CAMP_MACKALL/BLEND_SOIL_GRASS01 uses unknown detail object type mackall_grass!
Material MAPS/CAMP_MACKALL/BLEND_SOIL_GRASS01 uses unknown detail object type mackall_grass!
Material MAPS/CAMP_MACKALL/BLEND_SOIL_GRASS01 uses unknown detail object type mackall_grass!
Material MAPS/CAMP_MACKALL/BLEND_SOIL_GRASS01 uses unknown detail object type mackall_grass!
.Material MAPS/CAMP_MACKALL/BLEND_SOIL_GRASS01 uses unknown detail object type mackall_grass!
Material MAPS/CAMP_MACKALL/BLEND_SOIL_GRASS01 uses unknown detail object type mackall_grass!
Material MAPS/CAMP_MACKALL/BLEND_SOIL_GRASS01 uses unknown detail object type mackall_grass!
.Material MAPS/CAMP_MACKALL/BLEND_SOIL_GRASS01 uses unknown detail object type mackall_grass!
Material MAPS/CAMP_MACKALL/BLEND_SOIL_GRASS01 uses unknown detail object type mackall_grass!
Material MAPS/CAMP_MACKALL/BLEND_SOIL_GRASS01 uses unknown detail object type mackall_grass!
Material MAPS/CAMP_MACKALL/BLEND_SOIL_GRASS01 uses unknown detail object type mackall_grass!
Material MAPS/CAMP_MACKALL/BLEND_SOIL_GRASS01 uses unknown detail object type mackall_grass!
Material MAPS/CAMP_MACKALL/BLEND_SOIL_GRASS01 uses unknown detail object type mackall_grass!
Material MAPS/CAMP_MACKALL/BLEND_SOIL_GRASS01 uses unknown detail object type mackall_grass!
Material MAPS/CAMP_MACKALL/BLEND_SOIL_GRASS01 uses unknown detail object type mackall_grass!
Material MAPS/CAMP_MACKALL/BLEND_SOIL_GRASS01 uses unknown detail object type mackall_grass!
Material MAPS/CAMP_MACKALL/BLEND_SOIL_GRASS01 uses unknown detail object type mackall_grass!
Material MAPS/CAMP_MACKALL/BLEND_SOIL_GRASS01 uses unknown detail object type mackall_grass!
Material MAPS/CAMP_MACKALL/BLEND_SOIL_GRASS01 uses unknown detail object type mackall_grass!
Material MAPS/CAMP_MACKALL/BLEND_SOIL_GRASS01 uses unknown detail object type mackall_grass!
Material MAPS/CAMP_MACKALL/BLEND_SOIL_GRASS01 uses unknown detail object type mackall_grass!
Material MAPS/CAMP_MACKALL/BLEND_SOIL_GRASS01 uses unknown detail object type mackall_grass!
Material MAPS/CAMP_MACKALL/BLEND_SOIL_GRASS01 uses unknown detail object type mackall_grass!
Material MAPS/CAMP_MACKALL/BLEND_SOIL_GRASS01 uses unknown detail object type mackall_grass!
Material MAPS/CAMP_MACKALL/BLEND_SOIL_GRASS01 uses unknown detail object type mackall_grass!
Material MAPS/CAMP_MACKALL/BLEND_SOIL_GRASS01 uses unknown detail object type mackall_grass!
Material MAPS/CAMP_MACKALL/BLEND_SOIL_GRASS01 uses unknown detail object type mackall_grass!
Material MAPS/CAMP_MACKALL/BLEND_SOIL_GRASS01 uses unknown detail object type mackall_grass!
Material MAPS/CAMP_MACKALL/BLEND_SOIL_GRASS01 uses unknown detail object type mackall_grass!
Material MAPS/CAMP_MACKALL/BLEND_SOIL_GRASS01 uses unknown detail object type mackall_grass!
Material MAPS/CAMP_MACKALL/BLEND_SOIL_GRASS01 uses unknown detail object type mackall_grass!
Material MAPS/CAMP_MACKALL/BLEND_SOIL_GRASS01 uses unknown detail object type mackall_grass!
Material MAPS/CAMP_MACKALL/BLEND_SOIL_GRASS01 uses unknown detail object type mackall_grass!
Material MAPS/CAMP_MACKALL/BLEND_SOIL_GRASS01 uses unknown detail object type mackall_grass!
Material MAPS/CAMP_MACKALL/BLEND_SOIL_GRASS01 uses unknown detail object type mackall_grass!
Material MAPS/CAMP_MACKALL/BLEND_SOIL_GRASS01 uses unknown detail object type mackall_grass!
Material MAPS/CAMP_MACKALL/BLEND_SOIL_GRASS01 uses unknown detail object type mackall_grass!
Material MAPS/CAMP_MACKALL/BLEND_SOIL_GRASS01 uses unknown detail object type mackall_grass!
Material MAPS/CAMP_MACKALL/BLEND_SOIL_GRASS01 uses unknown detail object type mackall_grass!
Material MAPS/CAMP_MACKALL/BLEND_SOIL_GRASS01 uses unknown detail object type mackall_grass!
.Material MAPS/CAMP_MACKALL/BLEND_SOIL_GRASS01 uses unknown detail object type mackall_grass!
Material MAPS/CAMP_MACKALL/BLEND_SOIL_GRASS01 uses unknown detail object type mackall_grass!
Material MAPS/CAMP_MACKALL/BLEND_SOIL_GRASS01 uses unknown detail object type mackall_grass!
Material MAPS/CAMP_MACKALL/BLEND_SOIL_GRASS01 uses unknown detail object type mackall_grass!
Material MAPS/CAMP_MACKALL/BLEND_SOIL_GRASS01 uses unknown detail object type mackall_grass!
Material MAPS/CAMP_MACKALL/BLEND_SOIL_GRASS01 uses unknown detail object type mackall_grass!
Material MAPS/CAMP_MACKALL/BLEND_SOIL_GRASS01 uses unknown detail object type mackall_grass!
Material MAPS/CAMP_MACKALL/BLEND_SOIL_GRASS01 uses unknown detail object type mackall_grass!
Material MAPS/CAMP_MACKALL/BLEND_SOIL_GRASS01 uses unknown detail object type mackall_grass!
Material MAPS/CAMP_MACKALL/BLEND_SOIL_GRASS01 uses unknown detail object type mackall_grass!
Material MAPS/CAMP_MACKALL/BLEND_SOIL_GRASS01 uses unknown detail object type mackall_grass!
10
Compacting texture/material tables...
Reduced 3512 texinfos to 1391
Reduced 83 texdatas to 75 (2731 bytes to 2457)
Writing d:\sourceengine\dayofinfamy\mapsrc\camp_mackall\maps\camp_mackall10.bsp
3 seconds elapsed



12 threads
reading d:\sourceengine\dayofinfamy\mapsrc\camp_mackall\maps\camp_mackall10.bsp
reading d:\sourceengine\dayofinfamy\mapsrc\camp_mackall\maps\camp_mackall10.prt
 481 portalclusters
1258 numportals
0...1...2...3...4...5...6...7...8...9...100...1...2...3...4...5...6...7..


materialPath: C:\Games\steamapps\common\dayofinfamy\doi\materials
Loading d:\sourceengine\dayofinfamy\mapsrc\camp_mackall\maps\camp_mackall10.vmf
Map revision 363
ConVarRef gpu_level doesn't point to an existing ConVar
Patching WVT material: maps/camp_mackall10/dev/dev_blendmeasure_wvt_patch
Patching WVT material: maps/camp_mackall10/maps/camp_mackall/blend_soil_grass01_wvt_patch
fixing up env_cubemap materials on brush sides...
0...1...2...3...4...5...6...7...8...9...100...1...2...3...4...5...6...7...8...9...10Processing areas...done (0)
Building Faces...done (0)
Chop Details...done (0)
Find Visible Detail Sides...
Merged 140 detail faces...done (0)
Merging details...done (0)
FixTjuncs...
PruneNodes...
WriteBSP...
done (0)
writing d:\sourceengine\dayofinfamy\mapsrc\camp_mackall\maps\camp_mackall10.prt...Building visibility clusters...
done (0)
Finding displacement neighbors...
Finding lightmap sample positions...
Displacement Alpha : 0...1...2...3...4...5...6...7...8...9...10
Building Physics collision data...
done (0) (395431 bytes)
Error! To use model "models/characters/american/player_american_01.mdl"
      with prop_static, it must be compiled with $staticprop!
Error loading studio model "models/characters/american/player_american_01.mdl"!
Static prop models/static_fittings/prop_beams_128_8.mdl outside the map (-1600.00, -56.00, 384.00)
Error! prop_static using model "models/props_misc/mirror-1.mdl", which must be used on a dynamic entity (i.e. prop_physics). Deleted.
Error loading studio model "models/props_misc/mirror-1.mdl"!
Placing detail props : 0...1...2...3...4...5...6...7...8...Material MAPS/CAMP_MACKALL/BLEND_SOIL_GRASS01 uses unknown detail object type mackall_grass!
Material MAPS/CAMP_MACKALL/BLEND_SOIL_GRASS01 uses unknown detail object type mackall_grass!
Material MAPS/CAMP_MACKALL/BLEND_SOIL_GRASS01 uses unknown detail object type mackall_grass!
Material MAPS/CAMP_MACKALL/BLEND_SOIL_GRASS01 uses unknown detail object type mackall_grass!
Material MAPS/CAMP_MACKALL/BLEND_SOIL_GRASS01 uses unknown detail object type mackall_grass!
Material MAPS/CAMP_MACKALL/BLEND_SOIL_GRASS01 uses unknown detail object type mackall_grass!
Material MAPS/CAMP_MACKALL/BLEND_SOIL_GRASS01 uses unknown detail object type mackall_grass!
Material MAPS/CAMP_MACKALL/BLEND_SOIL_GRASS01 uses unknown detail object type mackall_grass!
Material MAPS/CAMP_MACKALL/BLEND_SOIL_GRASS01 uses unknown detail object type mackall_grass!
9Material MAPS/CAMP_MACKALL/BLEND_SOIL_GRASS01 uses unknown detail object type mackall_grass!
Material MAPS/CAMP_MACKALL/BLEND_SOIL_GRASS01 uses unknown detail object type mackall_grass!
Material MAPS/CAMP_MACKALL/BLEND_SOIL_GRASS01 uses unknown detail object type mackall_grass!
Material MAPS/CAMP_MACKALL/BLEND_SOIL_GRASS01 uses unknown detail object type mackall_grass!
Material MAPS/CAMP_MACKALL/BLEND_SOIL_GRASS01 uses unknown detail object type mackall_grass!
Material MAPS/CAMP_MACKALL/BLEND_SOIL_GRASS01 uses unknown detail object type mackall_grass!
Material MAPS/CAMP_MACKALL/BLEND_SOIL_GRASS01 uses unknown detail object type mackall_grass!
Material MAPS/CAMP_MACKALL/BLEND_SOIL_GRASS01 uses unknown detail object type mackall_grass!
Material MAPS/CAMP_MACKALL/BLEND_SOIL_GRASS01 uses unknown detail object type mackall_grass!
Material MAPS/CAMP_MACKALL/BLEND_SOIL_GRASS01 uses unknown detail object type mackall_grass!
Material MAPS/CAMP_MACKALL/BLEND_SOIL_GRASS01 uses unknown detail object type mackall_grass!
Material MAPS/CAMP_MACKALL/BLEND_SOIL_GRASS01 uses unknown detail object type mackall_grass!
Material MAPS/CAMP_MACKALL/BLEND_SOIL_GRASS01 uses unknown detail object type mackall_grass!
Material MAPS/CAMP_MACKALL/BLEND_SOIL_GRASS01 uses unknown detail object type mackall_grass!
Material MAPS/CAMP_MACKALL/BLEND_SOIL_GRASS01 uses unknown detail object type mackall_grass!
Material MAPS/CAMP_MACKALL/BLEND_SOIL_GRASS01 uses unknown detail object type mackall_grass!
Material MAPS/CAMP_MACKALL/BLEND_SOIL_GRASS01 uses unknown detail object type mackall_grass!
Material MAPS/CAMP_MACKALL/BLEND_SOIL_GRASS01 uses unknown detail object type mackall_grass!
Material MAPS/CAMP_MACKALL/BLEND_SOIL_GRASS01 uses unknown detail object type mackall_grass!
Material MAPS/CAMP_MACKALL/BLEND_SOIL_GRASS01 uses unknown detail object type mackall_grass!
Material MAPS/CAMP_MACKALL/BLEND_SOIL_GRASS01 uses unknown detail object type mackall_grass!
Material MAPS/CAMP_MACKALL/BLEND_SOIL_GRASS01 uses unknown detail object type mackall_grass!
Material MAPS/CAMP_MACKALL/BLEND_SOIL_GRASS01 uses unknown detail object type mackall_grass!
Material MAPS/CAMP_MACKALL/BLEND_SOIL_GRASS01 uses unknown detail object type mackall_grass!
Material MAPS/CAMP_MACKALL/BLEND_SOIL_GRASS01 uses unknown detail object type mackall_grass!
Material MAPS/CAMP_MACKALL/BLEND_SOIL_GRASS01 uses unknown detail object type mackall_grass!
Material MAPS/CAMP_MACKALL/BLEND_SOIL_GRASS01 uses unknown detail object type mackall_grass!
Material MAPS/CAMP_MACKALL/BLEND_SOIL_GRASS01 uses unknown detail object type mackall_grass!
Material MAPS/CAMP_MACKALL/BLEND_SOIL_GRASS01 uses unknown detail object type mackall_grass!
Material MAPS/CAMP_MACKALL/BLEND_SOIL_GRASS01 uses unknown detail object type mackall_grass!
Material MAPS/CAMP_MACKALL/BLEND_SOIL_GRASS01 uses unknown detail object type mackall_grass!
.Material MAPS/CAMP_MACKALL/BLEND_SOIL_GRASS01 uses unknown detail object type mackall_grass!
Material MAPS/CAMP_MACKALL/BLEND_SOIL_GRASS01 uses unknown detail object type mackall_grass!
Material MAPS/CAMP_MACKALL/BLEND_SOIL_GRASS01 uses unknown detail object type mackall_grass!
.Material MAPS/CAMP_MACKALL/BLEND_SOIL_GRASS01 uses unknown detail object type mackall_grass!
Material MAPS/CAMP_MACKALL/BLEND_SOIL_GRASS01 uses unknown detail object type mackall_grass!
Material MAPS/CAMP_MACKALL/BLEND_SOIL_GRASS01 uses unknown detail object type mackall_grass!
Material MAPS/CAMP_MACKALL/BLEND_SOIL_GRASS01 uses unknown detail object type mackall_grass!
Material MAPS/CAMP_MACKALL/BLEND_SOIL_GRASS01 uses unknown detail object type mackall_grass!
Material MAPS/CAMP_MACKALL/BLEND_SOIL_GRASS01 uses unknown detail object type mackall_grass!
Material MAPS/CAMP_MACKALL/BLEND_SOIL_GRASS01 uses unknown detail object type mackall_grass!
Material MAPS/CAMP_MACKALL/BLEND_SOIL_GRASS01 uses unknown detail object type mackall_grass!
Material MAPS/CAMP_MACKALL/BLEND_SOIL_GRASS01 uses unknown detail object type mackall_grass!
Material MAPS/CAMP_MACKALL/BLEND_SOIL_GRASS01 uses unknown detail object type mackall_grass!
Material MAPS/CAMP_MACKALL/BLEND_SOIL_GRASS01 uses unknown detail object type mackall_grass!
Material MAPS/CAMP_MACKALL/BLEND_SOIL_GRASS01 uses unknown detail object type mackall_grass!
Material MAPS/CAMP_MACKALL/BLEND_SOIL_GRASS01 uses unknown detail object type mackall_grass!
Material MAPS/CAMP_MACKALL/BLEND_SOIL_GRASS01 uses unknown detail object type mackall_grass!
Material MAPS/CAMP_MACKALL/BLEND_SOIL_GRASS01 uses unknown detail object type mackall_grass!
Material MAPS/CAMP_MACKALL/BLEND_SOIL_GRASS01 uses unknown detail object type mackall_grass!
Material MAPS/CAMP_MACKALL/BLEND_SOIL_GRASS01 uses unknown detail object type mackall_grass!
Material MAPS/CAMP_MACKALL/BLEND_SOIL_GRASS01 uses unknown detail object type mackall_grass!
Material MAPS/CAMP_MACKALL/BLEND_SOIL_GRASS01 uses unknown detail object type mackall_grass!
Material MAPS/CAMP_MACKALL/BLEND_SOIL_GRASS01 uses unknown detail object type mackall_grass!
Material MAPS/CAMP_MACKALL/BLEND_SOIL_GRASS01 uses unknown detail object type mackall_grass!
Material MAPS/CAMP_MACKALL/BLEND_SOIL_GRASS01 uses unknown detail object type mackall_grass!
Material MAPS/CAMP_MACKALL/BLEND_SOIL_GRASS01 uses unknown detail object type mackall_grass!
Material MAPS/CAMP_MACKALL/BLEND_SOIL_GRASS01 uses unknown detail object type mackall_grass!
Material MAPS/CAMP_MACKALL/BLEND_SOIL_GRASS01 uses unknown detail object type mackall_grass!
Material MAPS/CAMP_MACKALL/BLEND_SOIL_GRASS01 uses unknown detail object type mackall_grass!
Material MAPS/CAMP_MACKALL/BLEND_SOIL_GRASS01 uses unknown detail object type mackall_grass!
Material MAPS/CAMP_MACKALL/BLEND_SOIL_GRASS01 uses unknown detail object type mackall_grass!
Material MAPS/CAMP_MACKALL/BLEND_SOIL_GRASS01 uses unknown detail object type mackall_grass!
Material MAPS/CAMP_MACKALL/BLEND_SOIL_GRASS01 uses unknown detail object type mackall_grass!
Material MAPS/CAMP_MACKALL/BLEND_SOIL_GRASS01 uses unknown detail object type mackall_grass!
Material MAPS/CAMP_MACKALL/BLEND_SOIL_GRASS01 uses unknown detail object type mackall_grass!
Material MAPS/CAMP_MACKALL/BLEND_SOIL_GRASS01 uses unknown detail object type mackall_grass!
.Material MAPS/CAMP_MACKALL/BLEND_SOIL_GRASS01 uses unknown detail object type mackall_grass!
Material MAPS/CAMP_MACKALL/BLEND_SOIL_GRASS01 uses unknown detail object type mackall_grass!
Material MAPS/CAMP_MACKALL/BLEND_SOIL_GRASS01 uses unknown detail object type mackall_grass!
Material MAPS/CAMP_MACKALL/BLEND_SOIL_GRASS01 uses unknown detail object type mackall_grass!
Material MAPS/CAMP_MACKALL/BLEND_SOIL_GRASS01 uses unknown detail object type mackall_grass!
Material MAPS/CAMP_MACKALL/BLEND_SOIL_GRASS01 uses unknown detail object type mackall_grass!
Material MAPS/CAMP_MACKALL/BLEND_SOIL_GRASS01 uses unknown detail object type mackall_grass!
Material MAPS/CAMP_MACKALL/BLEND_SOIL_GRASS01 uses unknown detail object type mackall_grass!
Material MAPS/CAMP_MACKALL/BLEND_SOIL_GRASS01 uses unknown detail object type mackall_grass!
Material MAPS/CAMP_MACKALL/BLEND_SOIL_GRASS01 uses unknown detail object type mackall_grass!
Material MAPS/CAMP_MACKALL/BLEND_SOIL_GRASS01 uses unknown detail object type mackall_grass!
10
Compacting texture/material tables...
Reduced 3514 texinfos to 1391
Reduced 83 texdatas to 75 (2731 bytes to 2457)
Writing d:\sourceengine\dayofinfamy\mapsrc\camp_mackall\maps\camp_mackall10.bsp
3 seconds elapsed



12 threads
reading d:\sourceengine\dayofinfamy\mapsrc\camp_mackall\maps\camp_mackall10.bsp
reading d:\sourceengine\dayofinfamy\mapsrc\camp_mackall\maps\camp_mackall10.prt
 511 portalclusters
1319 numportals
0...1...2...3...4...5...6...7...8...9...100...1...2...3...4...5...6...7...8...9...10Optimized: 254 visible clusters (0.00%)
Total clusters visible: 226553
Average clusters visible: 443
Building PAS...
Average clusters audible: 510
visdatasize:69797  compressed from 65408
writing d:\sourceengine\dayofinfamy\mapsrc\camp_mackall\maps\camp_mackall10.bsp
30 seconds elapsed



[Reading texlights from 'lights.rad']
[6 texlights parsed from 'lights.rad']

Loading d:\sourceengine\dayofinfamy\mapsrc\camp_mackall\maps\camp_mackall10.bsp
Loaded alpha texture materials\models\static_fortifications\chainlink_barbed_wire.vtf
Loaded alpha texture materials\models\static_fortifications\chainlink_chains.vtf
3473 faces
2188181 square feet [315098144.00 square inches]
322 Displacements
1072726 Square Feet [154472608.00 Square Inches]
3473 patches before subdivision
37259 patches after subdivision
24 direct lights
0...1...2...3...4...5...6...7...8...9...100...1...2...3...4...5...6...7...8...9...10transfers 1833647, max 610
transfer lists:  14.0 megs
0...1...2...3...4...5...6...7...8...9...10	Bounce #1 added RGB(67414, 42350, 34052)
0...1...2...3...4...5...6...7...8...9...10	Bounce #2 added RGB(6999, 3853, 2751)
0...1...2...3...4...5...6...7...8...9...10	Bounce #3 added RGB(1122, 562, 391)
0...1...2...3...4...5...6...7...8...9...10	Bounce #4 added RGB(189, 87, 60)
0...1...2...3...4...5...6...7...8...9...10	Bounce #5 added RGB(35, 15, 10)
0...1...2...3...4...5...6...7...8...9...10	Bounce #6 added RGB(6, 3, 2)
0...1...2...3...4...5...6...7...8...9...10	Bounce #7 added RGB(1, 0, 0)
0...1...2...3...4...5...6...7...8...9...10	Bounce #8 added RGB(0, 0, 0)
Build Patch/Sample Hash Table(s).....Done<0.0201 sec>
0...1...2...3...4...5...6...7...8...9...10FinalLightFace Done
0 of 0 (0% of) surface lights went in leaf ambient cubes.
0...1...2...3...4...5...6...7...8...9...10Writing leaf ambient...done
Computing static prop lighting : 00...1...2...3...4...5...6...7...8...9...10
Ready to Finish

Object names       Objects/Maxobjs  Memory / Maxmem  Fullness 
------------       ---------------  ---------------  -------- 
models                   6/1024          288/49152    ( 0.6%) 
brushes                987/8192        11844/98304    (12.0%) 
brushsides            6780/65536       54240/524288   (10.3%) 
planes                4612/65536       92240/1310720  ( 7.0%) 
vertexes              6810/65536       81720/786432   (10.4%) 
nodes                 1344/65536       43008/2097152  ( 2.1%) 
texinfos              1391/12288      100152/884736   (11.3%) 
texdata                 75/2048         2400/65536    ( 3.7%) 
dispinfos              322/0           56672/0        ( 0.0%) 
disp_verts           25298/0          505960/0        ( 0.0%) 
disp_tris            39872/0           79744/0        ( 0.0%) 
disp_multiblend        972/0           77760/0        ( 0.0%) 
disp_lmsamples      968688/0          968688/0        ( 0.0%) 
faces                 3473/65536      194488/3670016  ( 5.3%) 
hdr faces             3473/65536      194488/3670016  ( 5.3%) 
origfaces             2705/65536      151480/3670016  ( 4.1%) 
facebrushes            145/0             290/0        ( 0.0%) 
facebrushlists        3473/0           13892/0        ( 0.0%) 
leaves                1351/65536       43232/2097152  ( 2.1%) 
leaffaces             3915/65536        7830/131072   ( 6.0%) 
leafbrushes           2409/65536        4818/131072   ( 3.7%) 
areas                    2/1024           16/8192     ( 0.2%) 
surfedges            28751/512000     115004/2048000  ( 5.6%) 
edges                20374/256000      81496/1024000  ( 8.0%) 
LDR worldlights          0/8192            0/819200   ( 0.0%) 
HDR worldlights         24/8192         2400/819200   ( 0.3%) 
leafwaterdata            1/32768          12/393216   ( 0.0%) 
waterstrips            437/32768        4370/327680   ( 1.3%) 
waterverts               0/65536           0/786432   ( 0.0%) 
waterindices         11622/65536       23244/131072   (17.7%) 
cubemapsamples          13/1024          208/16384    ( 1.3%) 
overlays                29/1024        10208/360448   ( 2.8%) 
LDR lightdata         [variable]           0/0        ( 0.0%) 
HDR lightdata         [variable]     7055820/0        ( 0.0%) 
visdata               [variable]       69797/16777216 ( 0.4%) 
entdata               [variable]       52322/393216   (13.3%) 
LDR ambient table     1351/65536        5404/262144   ( 2.1%) 
HDR ambient table     1351/65536        5404/262144   ( 2.1%) 
LDR leaf ambient      1351/65536       37828/1835008  ( 2.1%) 
HDR leaf ambient      7059/65536      197652/1835008  (10.8%) 
occluders                0/0               0/0        ( 0.0%) 
occluder polygons        0/0               0/0        ( 0.0%) 
occluder vert ind        0/0               0/0        ( 0.0%) 
detail props          [variable]           1/12       ( 8.3%) 
static props          [variable]           1/59366    ( 0.0%) 
pakfile               [variable]     2337552/0        ( 0.0%) 
physics               [variable]      395431/4194304  ( 9.4%) 
physics terrain       [variable]      143726/1048576  (13.7%) 

Level flags = 6

Total triangle count: 10987
Writing d:\sourceengine\dayofinfamy\mapsrc\camp_mackall\maps\camp_mackall10.bsp
5 minutes, 20 seconds elapsed
